---------- Evolution 0 ----------
36.66319274902344
36.67877960205078
36.67877960205078
36.66319274902344
36.67877960205078
36.67877960205078
36.67877960205078
36.66319274902344
36.67121124267578
36.67877960205078
36.66319274902344
---------- Evolution 1 ----------
37.617393493652344
37.617393493652344
37.617393493652344
37.61737823486328
37.617393493652344
37.617393493652344
37.617393493652344
37.617393493652344
37.617393493652344
37.617393493652344
37.617393493652344
---------- Evolution 2 ----------
37.6466064453125
37.63304138183594
37.6466064453125
37.63304138183594
37.6466064453125
37.6466064453125
37.6466064453125
37.6466064453125
37.6466064453125
37.6466064453125
37.6466064453125
---------- Evolution 3 ----------
38.591087341308594
38.591087341308594
38.591087341308594
38.60667419433594
38.591087341308594
38.60667419433594
38.60667419433594
38.591087341308594
38.591087341308594
38.591087341308594
38.60667419433594
---------- Evolution 4 ----------
39.54528045654297
39.54528045654297
39.54528045654297
39.54528045654297
39.54528045654297
39.54528045654297
39.54528045654297
39.54528045654297
39.54528045654297
39.54528045654297
39.54528045654297
---------- Evolution 5 ----------
41.617401123046875
41.617401123046875
41.617401123046875
41.617401123046875
41.617401123046875
41.617401123046875
41.617401123046875
41.617401123046875
43.53753662109375
41.617401123046875
41.617401123046875
---------- Evolution 6 ----------
44.65733337402344
44.65733337402344
44.65733337402344
44.65733337402344
44.65733337402344
44.65733337402344
44.65733337402344
44.65733337402344
44.65733337402344
44.65733337402344
44.65733337402344
---------- Evolution 7 ----------
50.57746887207031
50.57746887207031
50.57746887207031
50.57746887207031
50.57746887207031
50.57746887207031
50.57746887207031
50.57746887207031
50.57746887207031
50.57746887207031
50.57746887207031
---------- Evolution 8 ----------
27.5445556640625
27.544540405273438
27.5445556640625
27.5445556640625
27.5445556640625
27.5445556640625
27.5445556640625
27.5445556640625
27.5445556640625
27.5445556640625
27.5445556640625
---------- Evolution 9 ----------
48.29496765136719
48.29545593261719
48.30438232421875
48.297401428222656
48.29789733886719
48.30000305175781
48.31376647949219
48.316200256347656
48.30180358886719
48.30144500732422
48.29156494140625
---------- Evolution 10 ----------
49.71498107910156
49.79487609863281
49.69337463378906
49.80580139160156
49.71766662597656
49.779151916503906
49.7991943359375
49.796669006347656
49.74293518066406
49.656715393066406
49.885406494140625
---------- Evolution 11 ----------
30.031402587890625
30.020950317382812
31.852798461914062
30.002578735351562
29.979637145996094
30.02710723876953
29.987762451171875
29.861717224121094
30.005210876464844
30.023353576660156
30.021995544433594
---------- Evolution 12 ----------
252.50960540771484
254.39987182617188
254.10975646972656
252.26837158203125
252.5558090209961
254.40360260009766
252.65135192871094
254.49420166015625
252.36609649658203
252.56533813476562
254.53761291503906
---------- Evolution 13 ----------
381.64697265625
383.662109375
381.697265625
377.6494140625
381.5126953125
379.64306640625
381.6474609375
383.6953125
383.6953125
381.68896484375
382.642578125
---------- Evolution 14 ----------
321.12646484375
325.43310546875
691.24462890625
334.798828125
322.6123046875
321.6044921875
322.61083984375
329.318359375
318.99609375
320.52099609375
327.6953125
---------- Evolution 15 ----------
1038.77392578125
1044.963737487793
949.697265625
1016.5869598388672
1035.0379943847656
1042.6858520507812
1050.2559509277344
1041.7798156738281
1041.3611602783203
1043.8039627075195
1046.851203918457
---------- Evolution 16 ----------
1741.697265625
1993.6953125
1701.6953125
1803.697265625
1733.6953125
1711.697265625
2005.6953125
1687.697265625
2099.623260498047
1289.697265625
2015.697265625
---------- Evolution 17 ----------
2571.6953125
2569.6953125
2557.697265625
2555.697265625
2557.6953125
2563.697265625
2573.6953125
2573.697265625
2567.6953125
2573.6953125
2569.6953125
---------- Evolution 18 ----------
2321.6953125
2329.6953125
2431.697265625
2293.6953125
2279.697265625
2355.697265625
2295.697265625
2287.697265625
2351.697265625
2357.697265625
2329.6953125
