---------- Evolution 0 ----------
34.63787078857422
34.60075378417969
34.62224578857422
34.62224578857422
34.62224578857422
34.63787078857422
34.63787078857422
34.62224578857422
34.62224578857422
34.62224578857422
34.63787078857422
34.63787078857422
---------- Evolution 1 ----------
31.56079864501953
31.56861114501953
31.568634033203125
31.56861114501953
31.568603515625
31.56861114501953
31.568634033203125
31.56861114501953
31.568603515625
31.56859588623047
31.568626403808594
---------- Evolution 2 ----------
31.6953125
31.6953125
31.6953125
31.6953125
31.6953125
31.6953125
31.6953125
31.6953125
31.6953125
31.6953125
31.6953125
---------- Evolution 3 ----------
32.65733337402344
32.65733337402344
32.65733337402344
32.65733337402344
32.65733337402344
32.65733337402344
32.65733337402344
32.65733337402344
32.65733337402344
32.65733337402344
32.65733337402344
---------- Evolution 4 ----------
32.65733337402344
32.65733337402344
32.65733337402344
32.65733337402344
32.65733337402344
32.65733337402344
32.65733337402344
32.65733337402344
32.65733337402344
32.65733337402344
32.65733337402344
---------- Evolution 5 ----------
32.67877960205078
32.65733337402344
32.65733337402344
32.65733337402344
32.65733337402344
32.65733337402344
32.65733337402344
32.65733337402344
32.65733337402344
32.65733337402344
32.65733337402344
---------- Evolution 6 ----------
33.63884735107422
33.63884735107422
33.63884735107422
33.63884735107422
33.63884735107422
33.63884735107422
33.63884735107422
33.63884735107422
33.63884735107422
33.63884735107422
33.63884735107422
---------- Evolution 7 ----------
34.598915100097656
34.606727600097656
34.606727600097656
34.606727600097656
34.606727600097656
34.606727600097656
34.606727600097656
34.606727600097656
34.606727600097656
34.606727600097656
34.606727600097656
---------- Evolution 8 ----------
35.558982849121094
35.53749084472656
35.537513732910156
35.537513732910156
35.537513732910156
35.537513732910156
35.537513732910156
35.537513732910156
35.537513732910156
35.53749084472656
35.537513732910156
---------- Evolution 9 ----------
38.57746887207031
38.57746887207031
38.57746887207031
38.57746887207031
38.57746887207031
38.57746887207031
38.57746887207031
38.57746887207031
38.57746887207031
38.57746887207031
38.57746887207031
---------- Evolution 10 ----------
43.6953125
43.6953125
43.6953125
43.6953125
43.6953125
43.6953125
43.6953125
43.6953125
43.6953125
43.6953125
43.6953125
---------- Evolution 11 ----------
28.659446716308594
28.657318115234375
28.657318115234375
28.657318115234375
28.657302856445312
28.657318115234375
28.657318115234375
28.657302856445312
28.657302856445312
28.657302856445312
28.657302856445312
---------- Evolution 12 ----------
35.11548614501953
35.20033264160156
35.20526123046875
35.20857238769531
35.20906066894531
35.204132080078125
35.209197998046875
35.193603515625
35.21040344238281
35.202415466308594
35.20196533203125
---------- Evolution 13 ----------
40.996124267578125
40.85725402832031
40.98236083984375
40.97545623779297
40.981597900390625
41.10711669921875
40.976104736328125
40.851966857910156
40.978721618652344
40.98003387451172
40.85136413574219
---------- Evolution 14 ----------
76.26025390625
76.49072265625
76.29297637939453
75.890625
76.09619140625
75.68603515625
76.09228515625
76.09326171875
76.0927734375
76.09375
76.09228515625
---------- Evolution 15 ----------
211.8434600830078
210.84571838378906
210.876708984375
210.39764404296875
210.84464263916016
211.37865447998047
210.3372039794922
210.644287109375
210.9078140258789
213.51073455810547
210.85063934326172
---------- Evolution 16 ----------
213.29052734375
455.1434326171875
456.6279525756836
453.05030822753906
455.1776123046875
458.006103515625
471.09290313720703
203.1083984375
454.66590118408203
161.7915802001953
454.9032211303711
---------- Evolution 17 ----------
366.693359375
375.38818359375
379.10791015625
385.697265625
376.99658203125
375.6953125
377.39990234375
397.697265625
367.6953125
411.6953125
383.3955078125
---------- Evolution 18 ----------
485.87158203125
519.6953125
631.4541015625
455.85888671875
650.98095703125
458.73291015625
777.6953125
490.57080078125
480.40967559814453
607.08203125
489.16455078125
---------- Evolution 19 ----------
1363.697265625
985.6953125
1103.6953125
1227.697265625
1427.6953125
1101.6953125
1189.697265625
1361.697265625
1405.697265625
1413.697265625
1023.697265625
---------- Evolution 20 ----------
4729.697265625
4809.6953125
4481.6953125
4425.697265625
4437.697265625
4421.697265625
4529.6953125
4673.697265625
4721.6953125
4843.697265625
4057.6953125
