---------- Evolution 0 ----------
33.638832092285156
33.638832092285156
33.638832092285156
33.638832092285156
33.638832092285156
33.638832092285156
33.6544189453125
33.6544189453125
33.6544189453125
33.638832092285156
33.638832092285156
---------- Evolution 1 ----------
34.62224578857422
34.62224578857422
34.62224578857422
34.62224578857422
34.62224578857422
34.62224578857422
34.62224578857422
34.62224578857422
34.62224578857422
34.62224578857422
34.62224578857422
---------- Evolution 2 ----------
34.60674285888672
34.60674285888672
34.60674285888672
34.63787078857422
34.63787078857422
34.63787078857422
34.63787078857422
34.60674285888672
34.63787078857422
34.60674285888672
34.60674285888672
---------- Evolution 3 ----------
35.59019470214844
35.59019470214844
35.58264923095703
35.59019470214844
35.59019470214844
35.59019470214844
35.59019470214844
35.59019470214844
35.59019470214844
35.59019470214844
35.59019470214844
---------- Evolution 4 ----------
35.582313537597656
35.60572814941406
35.590126037597656
35.60572814941406
35.582313537597656
35.590126037597656
35.590126037597656
35.605812072753906
35.590126037597656
35.582313537597656
35.590126037597656
---------- Evolution 5 ----------
36.68659210205078
36.68659210205078
36.68659210205078
36.68659210205078
36.68659210205078
36.68659210205078
36.68659210205078
36.68659210205078
36.68659210205078
36.68659210205078
36.68659210205078
---------- Evolution 6 ----------
37.64665985107422
37.64665985107422
37.63884735107422
37.64665985107422
37.64665985107422
37.64665985107422
37.64665985107422
37.64665985107422
37.64665985107422
37.64665985107422
37.64665985107422
---------- Evolution 7 ----------
38.58519744873047
38.58519744873047
38.58519744873047
38.585227966308594
38.58519744873047
38.60667419433594
38.58332824707031
38.58519744873047
38.58519744873047
38.58519744873047
38.58519744873047
---------- Evolution 8 ----------
40.65733337402344
40.65733337402344
40.65733337402344
40.65733337402344
40.65733337402344
40.65733337402344
40.65733337402344
40.65733337402344
40.65733337402344
40.65733337402344
40.65733337402344
---------- Evolution 9 ----------
42.57746887207031
42.57746887207031
42.57746887207031
42.57746887207031
42.57746887207031
42.57746887207031
42.57746887207031
42.57746887207031
42.57746887207031
42.57746887207031
42.57746887207031
---------- Evolution 10 ----------
27.556854248046875
27.556854248046875
27.557037353515625
27.556854248046875
27.557098388671875
27.556854248046875
27.556854248046875
27.556854248046875
27.557098388671875
27.556854248046875
27.557098388671875
---------- Evolution 11 ----------
51.810089111328125
51.81104278564453
51.805091857910156
51.809600830078125
51.79597473144531
51.80518341064453
51.80369567871094
51.797813415527344
51.81006622314453
51.800392150878906
51.80085754394531
---------- Evolution 12 ----------
69.93505859375
69.53227996826172
69.91796875
69.818359375
69.94287109375
69.92333984375
69.83642578125
69.9521484375
69.857421875
69.962890625
69.95166015625
---------- Evolution 13 ----------
74.19189453125
76.51758575439453
76.517578125
76.244140625
76.24462890625
76.52880859375
76.79541015625
76.2451171875
76.26318359375
76.26318359375
76.529296875
---------- Evolution 14 ----------
283.72607421875
283.3720703125
284.06053924560547
284.0634765625
284.12890625
283.76220703125
284.08642578125
284.0869140625
283.7265625
283.408203125
283.72509765625
---------- Evolution 15 ----------
190.8530731201172
191.2002410888672
190.69015502929688
191.0460205078125
188.60797119140625
191.28602600097656
191.4883270263672
191.1611785888672
190.59577178955078
191.37213134765625
188.7255859375
---------- Evolution 16 ----------
585.697265625
585.697265625
589.45263671875
585.45068359375
583.201171875
585.458984375
585.45068359375
583.6953125
587.4267578125
587.6953125
587.15966796875
---------- Evolution 17 ----------
811.6953125
801.697265625
797.697265625
797.697265625
797.6953125
801.6953125
797.6953125
787.697265625
791.697265625
793.697265625
819.697265625
---------- Evolution 18 ----------
1269.697265625
1223.6953125
1217.697265625
1233.6953125
1241.697265625
1289.6953125
1195.697265625
1201.6953125
1295.6953125
1443.6953125
1195.6953125
---------- Evolution 19 ----------
2739.697265625
2709.6953125
2667.697265625
2705.6953125
2709.6953125
2743.697265625
2511.697265625
2723.697265625
2527.697265625
2679.697265625
2671.697265625
