---------- Evolution 0 ----------
36.66319274902344
36.68659210205078
36.68659210205078
36.66319274902344
36.67108917236328
36.68659210205078
36.65734100341797
36.66319274902344
36.65734100341797
36.67108917236328
36.65734100341797
---------- Evolution 1 ----------
31.560890197753906
31.54638671875
31.54638671875
31.559852600097656
31.545425415039062
31.54547119140625
31.54638671875
31.545181274414062
31.54638671875
31.545181274414062
31.54638671875
---------- Evolution 2 ----------
31.568740844726562
31.568702697753906
31.568710327148438
31.568504333496094
31.568710327148438
31.568710327148438
31.568504333496094
31.568504333496094
31.568504333496094
31.568710327148438
31.568702697753906
---------- Evolution 3 ----------
31.560806274414062
31.6953125
31.6953125
31.6953125
31.6953125
31.6953125
31.6953125
31.6953125
31.6953125
31.6953125
31.6953125
---------- Evolution 4 ----------
32.65733337402344
32.65733337402344
32.65733337402344
32.65733337402344
32.65733337402344
32.65733337402344
32.65733337402344
32.65733337402344
32.65733337402344
32.65733337402344
32.65733337402344
---------- Evolution 5 ----------
32.65733337402344
32.65733337402344
32.65733337402344
32.65733337402344
32.65733337402344
32.65733337402344
32.65733337402344
32.65733337402344
32.65733337402344
32.65733337402344
32.65733337402344
---------- Evolution 6 ----------
33.623260498046875
33.63884735107422
33.63884735107422
33.63884735107422
33.63884735107422
33.64665985107422
33.63884735107422
33.63884735107422
33.63884735107422
33.63884735107422
33.63884735107422
---------- Evolution 7 ----------
35.558982849121094
35.54529571533203
35.558982849121094
35.537498474121094
35.54529571533203
35.54529571533203
35.537559509277344
35.54529571533203
35.54529571533203
35.54529571533203
35.558982849121094
---------- Evolution 8 ----------
38.57746887207031
38.57746887207031
38.57746887207031
38.57746887207031
38.57746887207031
38.57746887207031
38.57746887207031
38.57746887207031
38.57746887207031
38.57746887207031
38.57746887207031
---------- Evolution 9 ----------
44.65733337402344
44.65733337402344
44.65733337402344
44.65733337402344
44.65733337402344
44.65733337402344
44.65733337402344
44.65733337402344
44.65733337402344
44.65733337402344
44.65733337402344
---------- Evolution 10 ----------
28.66107940673828
28.660545349121094
28.6634521484375
28.660545349121094
28.660545349121094
28.660545349121094
28.660545349121094
28.660545349121094
28.660545349121094
28.660545349121094
28.660545349121094
---------- Evolution 11 ----------
41.266754150390625
41.2569580078125
41.2593994140625
41.26136016845703
41.25941467285156
41.26673889160156
41.26134490966797
41.2691650390625
41.26233673095703
41.26917266845703
41.27014923095703
---------- Evolution 12 ----------
47.03956604003906
46.90592956542969
48.352027893066406
47.04736328125
48.486244201660156
48.48576354980469
47.188194274902344
48.485511779785156
47.05359649658203
47.04351806640625
48.64049530029297
---------- Evolution 13 ----------
149.009033203125
149.11065673828125
148.81005859375
148.977294921875
148.906982421875
148.82421875
148.62284088134766
148.7841796875
148.870361328125
148.8184814453125
148.7410430908203
---------- Evolution 14 ----------
337.6291198730469
337.44554901123047
337.8165588378906
337.5641403198242
337.7047882080078
148.6382598876953
337.74825286865234
335.56414794921875
337.7010192871094
337.6322937011719
337.7496643066406
---------- Evolution 15 ----------
225.76171875
225.89991760253906
226.24903869628906
226.02808380126953
224.72705078125
224.593994140625
225.93019104003906
226.23779296875
225.5341796875
226.62110900878906
226.61669921875
---------- Evolution 16 ----------
633.048828125
623.6953125
549.697265625
415.4765625
411.6376953125
411.3974609375
417.61572265625
403.60888671875
497.6953125
423.5693359375
507.6953125
---------- Evolution 17 ----------
1509.697265625
1459.6953125
1403.697265625
1331.6953125
1373.697265625
779.6953125
1457.697265625
1519.6721801757812
1373.697265625
1510.659408569336
807.697265625
---------- Evolution 18 ----------
1867.697265625
1753.6953125
1735.697265625
1683.6953125
1539.697265625
1661.697265625
1559.697265625
1883.697265625
1767.6953125
1679.6953125
1661.697265625
---------- Evolution 19 ----------
3001.6953125
3525.6953125
3363.697265625
3281.6953125
3307.6953125
3505.6953048706055
3335.697265625
3555.697265625
3275.6953125
3585.6953125
3095.6953125
