---------- Evolution 0 ----------
32.67877960205078
32.68659210205078
32.68659210205078
32.68659210205078
32.68659210205078
32.68659210205078
32.68659210205078
32.68659210205078
32.68659210205078
32.68659210205078
32.68659210205078
---------- Evolution 1 ----------
31.57201385498047
31.543670654296875
31.54388427734375
31.54388427734375
31.543678283691406
31.54370880126953
31.543678283691406
31.543899536132812
31.543663024902344
31.54389190673828
31.543678283691406
---------- Evolution 2 ----------
32.65733337402344
32.65733337402344
32.65733337402344
32.65733337402344
32.65733337402344
32.65733337402344
32.65733337402344
32.65733337402344
32.65733337402344
32.65733337402344
32.65733337402344
---------- Evolution 3 ----------
32.65733337402344
32.65733337402344
32.65733337402344
32.65733337402344
32.65733337402344
32.65733337402344
32.65733337402344
32.65733337402344
32.65733337402344
32.65733337402344
32.65733337402344
---------- Evolution 4 ----------
33.63884735107422
33.625160217285156
33.625160217285156
33.61738586425781
33.625160217285156
33.617408752441406
33.61738586425781
33.617408752441406
33.617408752441406
33.625160217285156
33.625160217285156
---------- Evolution 5 ----------
35.558982849121094
35.54339599609375
35.54339599609375
35.54339599609375
35.54339599609375
35.558982849121094
35.54339599609375
35.558982849121094
35.54339599609375
35.54339599609375
35.54339599609375
---------- Evolution 6 ----------
38.57746887207031
38.57746887207031
38.57746887207031
38.57746887207031
38.57746887207031
38.57746887207031
38.57746887207031
38.57746887207031
38.57746887207031
38.57746887207031
38.57746887207031
---------- Evolution 7 ----------
44.65733337402344
44.65733337402344
44.65733337402344
44.65733337402344
44.65733337402344
44.65733337402344
44.65733337402344
44.65733337402344
44.65733337402344
44.65733337402344
44.65733337402344
---------- Evolution 8 ----------
28.65729522705078
28.65729522705078
28.65857696533203
28.657318115234375
28.657318115234375
28.657371520996094
28.657485961914062
28.657318115234375
28.65729522705078
28.657371520996094
28.657318115234375
---------- Evolution 9 ----------
39.678741455078125
39.66911315917969
39.65227508544922
39.65936279296875
39.669288635253906
39.662513732910156
39.66810607910156
39.6669921875
39.66230773925781
39.668792724609375
39.65966033935547
---------- Evolution 10 ----------
58.068756103515625
58.20768737792969
58.07005310058594
58.059783935546875
58.06126403808594
58.059783935546875
58.07102966308594
58.198883056640625
58.20915222167969
58.07054138183594
58.06321716308594
---------- Evolution 11 ----------
79.4058837890625
79.4779052734375
79.4896240234375
79.56759643554688
79.481689453125
79.67634582519531
79.68682098388672
79.67152404785156
79.66618347167969
81.23435974121094
79.49951171875
---------- Evolution 12 ----------
326.8544921875
326.701171875
326.21630859375
320.32666015625
327.90625
330.11865234375
326.39697265625
320.1162109375
326.9130859375
322.6416015625
322.40087890625
---------- Evolution 13 ----------
180.49072265625
182.35693359375
180.82861328125
183.88134765625
179.146484375
181.416015625
177.01025390625
177.21240234375
190.2451171875
180.244140625
192.83009338378906
---------- Evolution 14 ----------
559.220703125
559.08203125
563.6953125
549.3671875
565.4111328125
555.4287109375
507.15478515625
539.1376953125
545.697265625
545.46484375
537.07666015625
---------- Evolution 15 ----------
713.6953125
827.697265625
843.697265625
737.6953125
723.6953125
801.697265625
813.7031402587891
737.697265625
833.697265625
725.697265625
711.6953125
---------- Evolution 16 ----------
1751.6953125
1687.697265625
1745.6953125
1645.6953125
1647.697265625
1699.6953125
1753.697265625
1637.697265625
1701.697265625
1659.697265625
1631.6953125
---------- Evolution 17 ----------
3481.6953125
3509.697265625
3535.6953125
3531.697265625
3469.6953125
3463.6953125
3471.6953125
3515.697265625
3515.6953125
3543.6953125
3519.697265625
