---------- Evolution 1 ----------
333.5572052001953
335.3130187988281
331.4042282104492
337.31175231933594
337.41127014160156
335.4326171875
333.42333221435547
337.19632720947266
333.26944732666016
336.9094772338867
---------- Evolution 2 ----------
337.0734100341797
335.5500793457031
333.08895111083984
333.3473587036133
333.2873077392578
333.4565963745117
337.3504943847656
333.2960968017578
335.0984344482422
333.1891098022461
---------- Evolution 3 ----------
337.1289367675781
335.3447570800781
333.2668228149414
333.2291717529297
332.9255065917969
337.1089172363281
337.2541198730469
337.3090515136719
337.1185607910156
333.3960266113281
---------- Evolution 4 ----------
335.25675201416016
337.34679412841797
333.24564361572266
337.0244598388672
333.2682342529297
333.5766906738281
331.4025115966797
337.1366271972656
335.03919982910156
333.54154205322266
---------- Evolution 5 ----------
333.2945556640625
333.2987518310547
333.02867126464844
333.48626708984375
335.11680603027344
333.3831787109375
337.1988754272461
335.30529022216797
333.11617279052734
335.0971374511719
---------- Evolution 6 ----------
333.4570617675781
335.1404113769531
333.3917694091797
335.4880676269531
333.6525115966797
337.3208541870117
335.3069152832031
337.19590759277344
329.66943359375
333.3889846801758
---------- Evolution 7 ----------
337.1210250854492
333.0209503173828
333.697265625
333.60240936279297
333.3930358886719
337.49259185791016
333.0107116699219
335.15819549560547
333.63006591796875
333.6371841430664
---------- Evolution 8 ----------
333.0481719970703
339.4070587158203
333.5050964355469
333.4762725830078
335.53836822509766
333.37396240234375
333.51026153564453
337.60865020751953
335.3057861328125
333.4459915161133
---------- Evolution 9 ----------
335.0587615966797
338.96485900878906
333.500244140625
335.33683013916016
333.42039489746094
335.4422149658203
335.2760009765625
333.4197082519531
337.10668182373047
335.51292419433594
---------- Evolution 10 ----------
333.0933380126953
337.4782943725586
337.43103790283203
333.1474304199219
333.04876708984375
333.21229553222656
335.41646575927734
333.39080810546875
333.12915802001953
337.0840072631836
---------- Evolution 11 ----------
337.3407897949219
337.34835052490234
336.99537658691406
333.7650909423828
333.2118453979492
337.13983154296875
333.40648651123047
333.33629608154297
333.31309509277344
333.3551025390625
---------- Evolution 12 ----------
335.146728515625
334.9512634277344
333.27540588378906
333.4333801269531
333.3778839111328
341.3660125732422
333.546630859375
333.57071685791016
333.09033966064453
332.8612823486328
---------- Evolution 13 ----------
335.10345458984375
333.01818084716797
333.20448303222656
336.9528350830078
333.56783294677734
334.87921142578125
332.9335250854492
333.48746490478516
337.0845413208008
329.54173278808594
---------- Evolution 14 ----------
329.30291748046875
333.4365921020508
333.1276092529297
337.14788818359375
335.54247283935547
335.34037017822266
333.1515808105469
333.39097595214844
332.89859771728516
335.1058044433594
---------- Evolution 15 ----------
338.91736602783203
336.98155975341797
333.00049591064453
333.5859603881836
333.4081573486328
333.3726272583008
333.34239959716797
333.41563415527344
335.3001937866211
333.2586441040039
---------- Evolution 16 ----------
335.2895050048828
335.47879791259766
337.03162384033203
335.2010269165039
335.3646774291992
335.2444076538086
333.1475524902344
333.47801971435547
337.24583435058594
337.4961166381836
---------- Evolution 17 ----------
335.5155944824219
333.2268295288086
337.21656799316406
332.9588394165039
333.4388122558594
335.2055206298828
335.4610900878906
333.2960433959961
333.0329895019531
333.24938201904297
---------- Evolution 18 ----------
333.3222198486328
333.4244689941406
333.4187545776367
337.13031005859375
337.0586700439453
333.43016815185547
337.2149963378906
333.2339096069336
333.2530822753906
333.3628692626953
---------- Evolution 19 ----------
333.59293365478516
337.1352081298828
335.1443862915039
337.0960388183594
337.4796676635742
333.20035552978516
333.47318267822266
333.5517807006836
336.95372772216797
333.1964111328125
---------- Evolution 20 ----------
333.54395294189453
337.56449127197266
333.19705963134766
333.1692810058594
339.0683898925781
337.4572982788086
333.4979782104492
337.2426300048828
337.09901428222656
333.3423538208008
