---------- Evolution 1 ----------
419.64807891845703
417.5281066894531
421.60030364990234
421.697265625
418.0455093383789
424.09024810791016
422.0134582519531
417.93406677246094
420.29589080810547
419.9635314941406
---------- Evolution 2 ----------
488.5021209716797
492.1226043701172
485.5713195800781
486.3597717285156
481.8553009033203
485.46022033691406
487.5561828613281
483.6953125
487.77423095703125
489.93438720703125
---------- Evolution 3 ----------
494.171142578125
487.85328674316406
489.77648162841797
496.3794937133789
491.6876525878906
493.64385986328125
489.6456527709961
487.9326629638672
492.18565368652344
490.1710968017578
---------- Evolution 4 ----------
491.6232147216797
492.043701171875
491.62989807128906
492.1990966796875
489.697265625
487.5443572998047
488.2489700317383
490.2486801147461
494.11539459228516
488.16868591308594
---------- Evolution 5 ----------
397.93611907958984
398.24771881103516
393.5189514160156
398.28118896484375
398.2509765625
396.39115142822266
398.202880859375
396.1685028076172
393.85540771484375
395.6953125
---------- Evolution 6 ----------
395.6953125
395.6953125
395.5340805053711
397.697265625
395.5398406982422
398.0926208496094
397.5531234741211
398.3930206298828
393.77628326416016
399.9334411621094
---------- Evolution 7 ----------
397.6673126220703
398.1710510253906
396.6567840576172
393.6524658203125
393.77630615234375
400.3258056640625
393.47884368896484
393.85491943359375
395.65087127685547
400.1206588745117
---------- Evolution 8 ----------
397.9969482421875
399.9481430053711
393.6465072631836
391.6914978027344
396.27896881103516
396.48541259765625
393.697265625
397.6940002441406
395.50807189941406
394.02915954589844
---------- Evolution 9 ----------
394.2190475463867
399.53211975097656
398.1089096069336
396.2964782714844
394.2520980834961
394.3125228881836
398.1705017089844
399.7741165161133
393.697265625
398.1242904663086
---------- Evolution 10 ----------
396.2797164916992
396.24747467041016
395.77398681640625
393.65210723876953
394.265869140625
395.6953125
393.7763442993164
395.6953125
398.12401580810547
398.2509765625
---------- Evolution 11 ----------
394.17173767089844
394.01385498046875
398.47032165527344
393.77635192871094
398.17022705078125
394.17018127441406
397.98155975341797
395.6773223876953
398.201416015625
398.1244812011719
---------- Evolution 12 ----------
396.26487731933594
396.01055908203125
400.1695556640625
393.55985260009766
396.0913543701172
395.5238723754883
396.3099822998047
396.18629455566406
391.77428436279297
400.13736724853516
---------- Evolution 13 ----------
393.5101852416992
397.6339569091797
393.7764205932617
393.62499237060547
398.1710968017578
397.52960205078125
397.697265625
398.13890075683594
396.26956939697266
396.15331268310547
---------- Evolution 14 ----------
396.2491989135742
394.3769760131836
395.93204498291016
394.2804946899414
397.4756546020508
395.8536682128906
397.55743408203125
395.6312255859375
393.5379333496094
397.697265625
---------- Evolution 15 ----------
397.5495147705078
395.6953125
398.0446548461914
398.06102752685547
400.29466247558594
396.2627410888672
395.7741928100586
398.3450469970703
400.28003692626953
397.61365509033203
---------- Evolution 16 ----------
395.52867889404297
398.12332916259766
398.20226287841797
395.63214111328125
394.10780334472656
397.57608795166016
393.6386413574219
397.65435791015625
399.9325714111328
398.4065704345703
---------- Evolution 17 ----------
395.65806579589844
398.5048370361328
398.34596252441406
391.6598587036133
399.93172454833984
393.7761764526367
389.7762985229492
396.16868591308594
398.0446243286133
398.32928466796875
---------- Evolution 18 ----------
397.43517303466797
392.3592224121094
394.3750228881836
396.28014373779297
400.1056594848633
393.697265625
396.28035736083984
398.17164611816406
398.0136413574219
393.5786895751953
---------- Evolution 19 ----------
399.77428436279297
398.02870178222656
396.24918365478516
395.7743911743164
397.60692596435547
402.1729736328125
393.8689270019531
393.57000732421875
394.4095916748047
396.24832916259766
---------- Evolution 20 ----------
396.29524993896484
397.7761993408203
396.17005920410156
393.5298614501953
395.6102828979492
397.4339294433594
400.0899429321289
397.96573638916016
393.6172409057617
393.7762451171875
