---------- Evolution 1 ----------
420
430
441
424
444
408
424
485
503
459
---------- Evolution 2 ----------
435
411
414
461
414
430
412
488
495
476
---------- Evolution 3 ----------
411
405
424
413
411
409
402
503
496
474
---------- Evolution 4 ----------
679
415
432
417
429
757
413
492
615
486
---------- Evolution 5 ----------
417
442
413
428
436
433
454
482
457
497
---------- Evolution 6 ----------
433
415
429
411
452
417
473
484
461
470
---------- Evolution 7 ----------
440
410
428
436
425
461
457
506
472
458
---------- Evolution 8 ----------
408
426
417
410
629
437
525
489
473
499
