---------- Evolution 1 ----------
388
376
384
394
388
404
385
421
446
437
---------- Evolution 2 ----------
377
392
408
391
458
379
371
414
434
423
---------- Evolution 3 ----------
392
374
379
388
395
387
370
430
430
428
---------- Evolution 4 ----------
384
395
396
401
387
377
397
428
443
434
---------- Evolution 5 ----------
374
379
393
407
399
391
371
417
416
427
---------- Evolution 6 ----------
395
378
397
402
383
383
660
421
416
450
---------- Evolution 7 ----------
392
406
399
384
396
393
371
634
411
650
---------- Evolution 8 ----------
378
373
388
428
388
376
373
379
466
410
---------- Evolution 9 ----------
375
385
416
403
410
689
396
405
427
408
