---------- Evolution 1 ----------
380
360
350
346
440
428
416
413
399
443
---------- Evolution 2 ----------
352
343
397
347
410
443
424
412
397
409
---------- Evolution 3 ----------
360
384
345
345
437
406
432
479
415
438
---------- Evolution 4 ----------
576
357
371
384
465
435
451
439
464
469
---------- Evolution 5 ----------
358
342
365
344
415
441
429
410
406
474
---------- Evolution 6 ----------
626
343
362
351
437
417
463
466
432
412
---------- Evolution 7 ----------
597
347
348
392
423
418
421
411
421
422
---------- Evolution 8 ----------
613
381
361
419
431
431
436
442
446
404
---------- Evolution 9 ----------
491
365
344
415
451
427
456
426
410
425
---------- Evolution 10 ----------
590
346
343
451
468
436
412
427
474
409
---------- Evolution 11 ----------
573
341
353
436
412
402
420
430
431
465
---------- Evolution 12 ----------
454
382
360
441
424
436
406
416
413
442
