---------- Evolution 1 ----------
356
331
342
349
425
390
424
404
407
408
---------- Evolution 2 ----------
369
338
370
377
411
388
428
425
437
409
---------- Evolution 3 ----------
330
369
372
383
413
387
418
420
431
427
---------- Evolution 4 ----------
330
360
373
413
405
415
416
437
418
405
---------- Evolution 5 ----------
368
357
340
437
464
402
423
453
421
411
---------- Evolution 6 ----------
372
358
357
420
405
413
422
418
416
404
---------- Evolution 7 ----------
366
409
332
408
399
434
427
404
420
411
---------- Evolution 8 ----------
351
332
336
406
400
422
436
404
411
411
---------- Evolution 9 ----------
335
360
340
415
410
406
420
402
404
409
