---------- Evolution 1 ----------
23889
24215
24196
24572
24267
24388
24288
24256
24611
24746
---------- Evolution 2 ----------
19576
19899
19739
19743
19844
19849
19824
20045
20021
19729
---------- Evolution 3 ----------
19437
20155
19971
20176
20180
20002
19968
20159
19999
20485
---------- Evolution 4 ----------
19613
19435
19497
19369
19585
19333
19408
19506
19406
19510
---------- Evolution 5 ----------
19342
19485
19382
19347
19470
19468
19463
19606
19474
19671
---------- Evolution 6 ----------
19357
19398
19442
19397
19748
19351
19507
19474
20159
19606
---------- Evolution 7 ----------
19432
19412
19565
19414
19552
19441
19671
19436
19442
19453
---------- Evolution 8 ----------
19797
19446
19468
19459
19519
19427
19430
19420
19398
19383
---------- Evolution 9 ----------
19369
19402
19375
19435
19428
19564
19654
19621
19548
19410
---------- Evolution 10 ----------
19275
19466
19444
19413
19342
19605
19498
19687
19660
19535
---------- Evolution 11 ----------
19656
19327
19386
19462
19486
19377
19847
19419
19520
19402
---------- Evolution 12 ----------
19437
19452
19428
19573
19354
19440
19467
19404
19639
19419
---------- Evolution 13 ----------
19532
19452
19468
19699
19443
19542
19432
19472
19356
19820
---------- Evolution 14 ----------
19365
19440
19566
19555
19421
19786
19475
19512
19234
19429
---------- Evolution 15 ----------
19379
19445
19436
19414
19393
19326
19429
19686
19440
19358
---------- Evolution 16 ----------
19449
19477
19342
19488
19446
19384
19373
19505
19435
19703
---------- Evolution 17 ----------
19410
19543
19735
19466
19489
19361
19516
19260
19481
19493
---------- Evolution 18 ----------
19445
19448
19771
19351
19431
19346
19408
20628
19501
19408
---------- Evolution 19 ----------
19453
19498
19516
19283
19507
19510
19435
19468
19922
19675
---------- Evolution 20 ----------
19455
19399
19554
19533
19526
19364
19464
19438
19570
19698
