---------- Evolution 1 ----------
404
387
393
411
403
381
391
439
447
431
---------- Evolution 2 ----------
388
383
391
406
398
703
399
424
444
473
---------- Evolution 3 ----------
410
400
399
395
407
405
385
440
428
423
---------- Evolution 4 ----------
404
405
416
416
438
390
441
428
434
435
---------- Evolution 5 ----------
424
407
409
420
509
414
445
438
440
467
---------- Evolution 6 ----------
430
405
399
391
400
379
442
439
438
438
---------- Evolution 7 ----------
386
396
396
408
385
382
438
454
430
426
---------- Evolution 8 ----------
390
407
421
404
383
407
453
635
463
431
---------- Evolution 9 ----------
390
431
397
437
402
387
449
405
433
444
