---------- Evolution 1 ----------
779
911
937
908
907
939
944
929
920
938
---------- Evolution 2 ----------
771
972
942
933
894
921
908
899
931
945
---------- Evolution 3 ----------
776
934
907
913
914
910
902
916
912
920
---------- Evolution 4 ----------
787
921
930
920
904
896
911
933
924
922
---------- Evolution 5 ----------
774
932
921
907
917
953
914
925
942
923
---------- Evolution 6 ----------
785
928
933
950
917
910
912
925
917
918
---------- Evolution 7 ----------
785
916
933
921
919
928
920
916
937
910
---------- Evolution 8 ----------
773
920
929
928
927
932
903
930
907
961
---------- Evolution 9 ----------
809
942
929
918
941
904
927
899
944
920
---------- Evolution 10 ----------
807
941
920
897
923
906
905
919
939
903
---------- Evolution 11 ----------
812
930
937
950
908
921
940
912
926
925
---------- Evolution 12 ----------
810
912
927
910
950
953
927
935
963
929
---------- Evolution 13 ----------
790
924
951
939
910
919
920
922
919
919
---------- Evolution 14 ----------
791
930
959
917
910
917
908
957
926
892
---------- Evolution 15 ----------
792
940
953
928
913
917
921
937
927
934
---------- Evolution 16 ----------
822
941
942
941
931
940
942
989
942
922
---------- Evolution 17 ----------
797
933
915
909
938
909
918
913
931
945
---------- Evolution 18 ----------
830
928
913
930
930
924
925
924
942
923
---------- Evolution 19 ----------
944
939
925
928
926
912
916
935
916
951
---------- Evolution 20 ----------
964
904
961
908
912
912
932
927
953
933
