---------- Evolution 1 ----------
362
324
342
334
419
398
404
426
443
412
---------- Evolution 2 ----------
334
339
364
337
388
409
401
464
405
433
---------- Evolution 3 ----------
437
326
348
333
394
415
372
396
408
403
---------- Evolution 4 ----------
391
325
363
328
385
403
445
406
432
414
---------- Evolution 5 ----------
345
336
337
348
391
405
397
422
414
424
---------- Evolution 6 ----------
345
339
349
360
422
429
412
416
409
410
---------- Evolution 7 ----------
351
338
388
351
433
400
405
415
437
409
---------- Evolution 8 ----------
353
353
345
385
400
395
383
418
395
440
