---------- Evolution 1 ----------
402
406
526
461
446
450
453
487
470
451
---------- Evolution 2 ----------
405
430
470
796
465
463
592
473
458
463
---------- Evolution 3 ----------
640
421
476
422
453
450
460
437
737
491
---------- Evolution 4 ----------
404
442
462
455
470
494
779
486
417
473
---------- Evolution 5 ----------
394
419
501
463
473
492
409
459
543
481
---------- Evolution 6 ----------
410
451
467
459
466
466
453
470
489
501
---------- Evolution 7 ----------
432
438
497
480
448
460
459
484
445
465
---------- Evolution 8 ----------
412
433
473
451
469
460
454
462
456
482
---------- Evolution 9 ----------
408
476
472
483
474
773
469
466
476
473
---------- Evolution 10 ----------
395
451
470
476
451
415
458
464
466
444
---------- Evolution 11 ----------
405
449
464
508
446
454
500
459
648
457
---------- Evolution 12 ----------
412
464
502
491
587
486
466
464
427
455
