---------- Evolution 1 ----------
1026
1194
1168
1442
1159
1141
1451
1171
1124
1800
---------- Evolution 2 ----------
1027
1215
1192
1120
1417
1185
1125
1449
1177
1036
---------- Evolution 3 ----------
1351
1504
1544
1185
1118
1467
1185
1144
1731
1150
---------- Evolution 4 ----------
1037
1077
1074
1448
1200
1136
1451
1195
1053
1178
---------- Evolution 5 ----------
1041
1171
1183
1099
1462
1191
1102
1574
1175
1199
---------- Evolution 6 ----------
1048
1446
1484
1176
1096
1423
1176
1112
1384
1195
---------- Evolution 7 ----------
1052
1123
1117
1528
1173
1113
1411
1167
1162
1517
---------- Evolution 8 ----------
1118
1213
1169
1076
1441
1213
1127
1438
1185
1074
---------- Evolution 9 ----------
1082
1424
1445
1177
1098
1384
1150
1150
1484
1183
---------- Evolution 10 ----------
1077
1095
1116
1453
1192
1104
1527
1167
1100
1432
---------- Evolution 11 ----------
1025
1187
1169
1133
1538
1169
1057
1500
1152
1120
---------- Evolution 12 ----------
1071
1177
1490
1153
1073
1406
1194
1095
1432
1163
---------- Evolution 13 ----------
1037
1178
1091
1453
1183
1132
1349
1179
1129
1418
---------- Evolution 14 ----------
1052
1151
1158
1118
1431
1159
1141
1453
1153
1077
---------- Evolution 15 ----------
1055
1164
1430
1167
1140
1464
1188
1125
1419
1233
---------- Evolution 16 ----------
1037
1193
1113
1529
1188
1127
1466
1205
1094
1505
---------- Evolution 17 ----------
1070
1208
1167
1075
1448
1188
1080
1489
1183
1090
---------- Evolution 18 ----------
1141
1202
1485
1157
1105
1421
1185
1114
1454
1162
---------- Evolution 19 ----------
1211
1174
1090
1458
1194
1117
1442
1203
1092
1419
---------- Evolution 20 ----------
1202
1176
1186
1109
1414
1197
1094
1409
1185
1151
