---------- Evolution 1 ----------
368
330
346
363
357
371
407
428
386
414
---------- Evolution 2 ----------
351
334
364
342
371
352
408
429
398
419
---------- Evolution 3 ----------
336
343
364
354
354
368
433
386
401
431
---------- Evolution 4 ----------
331
331
379
333
350
336
427
403
403
401
---------- Evolution 5 ----------
333
342
367
352
334
352
426
396
400
413
---------- Evolution 6 ----------
353
347
342
344
343
411
411
408
421
431
---------- Evolution 7 ----------
334
360
336
337
371
393
413
399
406
402
---------- Evolution 8 ----------
334
355
339
342
374
393
414
398
426
382
