---------- Evolution 1 ----------
16737
16602
16454
16541
16596
16621
16654
16729
16514
16622
---------- Evolution 2 ----------
16417
16543
16556
16553
16496
16627
16544
16554
16627
16538
---------- Evolution 3 ----------
16419
16536
16429
16501
16540
16548
16473
16867
16739
16529
---------- Evolution 4 ----------
16406
16896
16522
16646
16630
16471
16568
16464
16548
16541
---------- Evolution 5 ----------
17227
16497
16559
16776
16596
17007
16782
16543
16526
16635
---------- Evolution 6 ----------
16720
16600
16768
16503
16527
17289
16502
16479
16526
16832
---------- Evolution 7 ----------
16493
16542
16445
16899
16530
16464
16399
16522
16564
16528
---------- Evolution 8 ----------
16991
16673
16613
16573
16450
16484
16471
16597
16585
16581
---------- Evolution 9 ----------
16615
16485
16614
16543
16636
16636
16684
16546
16511
16405
---------- Evolution 10 ----------
16807
16557
16472
16681
16440
16425
16649
16929
16531
16710
---------- Evolution 11 ----------
16627
16506
16615
16854
16510
16540
17887
16510
16613
16498
---------- Evolution 12 ----------
16507
16523
16483
16895
16559
16599
16758
16648
16532
16409
---------- Evolution 13 ----------
16624
16527
16503
16668
16431
16804
16698
16540
16509
16616
---------- Evolution 14 ----------
16458
16803
16520
16442
16467
16528
16589
16562
16538
16588
---------- Evolution 15 ----------
16669
16418
16463
16508
16534
16458
16613
16506
16507
16504
---------- Evolution 16 ----------
16740
16560
16737
16525
16681
17308
16758
16695
16613
16501
---------- Evolution 17 ----------
16605
16473
16740
16448
16516
16654
17514
16505
16499
16543
---------- Evolution 18 ----------
16437
16471
16521
16494
16487
16497
16593
16484
16485
16481
---------- Evolution 19 ----------
16470
16508
16975
16488
17453
16532
16662
16549
16680
16573
---------- Evolution 20 ----------
16456
16548
16550
16582
16487
16757
16902
16547
16517
16481
