---------- Evolution 1 ----------
123056
124204
124678
123287
124277
125218
123266
123866
124008
125425
---------- Evolution 2 ----------
126014
126697
126418
129882
125837
128059
127122
126793
125998
126238
---------- Evolution 3 ----------
126171
128174
125776
128447
125795
128031
125998
127446
126554
127835
---------- Evolution 4 ----------
125072
126375
126697
128770
125988
126847
126142
127104
124997
124880
---------- Evolution 5 ----------
123656
124352
124447
127737
126168
124750
125837
124504
123776
126840
---------- Evolution 6 ----------
123877
124275
124286
126405
123603
125299
124349
126469
124587
123798
---------- Evolution 7 ----------
123732
126397
124029
123951
124092
123651
124869
126029
123684
123306
---------- Evolution 8 ----------
124324
124441
124161
124530
124449
126380
124500
123579
124178
124813
---------- Evolution 9 ----------
123800
123466
123070
123623
123490
125472
123755
123598
124498
123613
---------- Evolution 10 ----------
124590
122774
123956
123857
124537
122888
122671
124309
123242
122608
---------- Evolution 11 ----------
124554
123519
123249
122864
125098
124635
124144
124282
122864
123762
---------- Evolution 12 ----------
122678
123180
123512
124203
123531
123275
124255
125436
123600
122764
---------- Evolution 13 ----------
123521
123575
122579
123834
122894
123394
122953
123594
123387
123623
---------- Evolution 14 ----------
123914
123845
123007
123369
124723
124739
123746
123241
123440
124346
---------- Evolution 15 ----------
123363
124979
124503
122628
124528
123546
123463
125123
123591
123138
---------- Evolution 16 ----------
123463
124887
124347
124434
124791
123411
123354
123358
124846
125310
---------- Evolution 17 ----------
122998
122332
124867
122867
123589
124599
124953
123305
122450
123588
---------- Evolution 18 ----------
123495
124940
125586
123552
122352
123216
124622
123880
125207
122969
---------- Evolution 19 ----------
123680
123827
123396
123140
123474
125375
122982
124651
122914
123059
---------- Evolution 20 ----------
123523
124289
122280
122358
124219
122604
123606
124631
124875
123520
