---------- Evolution 1 ----------
340
353
344
364
377
416
409
391
384
369
---------- Evolution 2 ----------
329
329
364
348
369
417
386
377
393
394
---------- Evolution 3 ----------
344
347
325
360
336
395
390
377
373
410
---------- Evolution 4 ----------
345
349
354
351
330
415
382
413
382
385
---------- Evolution 5 ----------
335
351
325
339
352
370
374
393
369
423
---------- Evolution 6 ----------
348
371
323
336
377
404
390
378
378
405
---------- Evolution 7 ----------
338
447
366
382
423
420
386
386
401
408
---------- Evolution 8 ----------
372
328
336
365
402
400
388
390
362
387
---------- Evolution 9 ----------
336
327
335
342
395
420
404
375
420
399
