---------- Evolution 1 ----------
340
339
360
339
344
396
460
434
411
422
---------- Evolution 2 ----------
352
341
363
374
350
438
420
444
452
427
---------- Evolution 3 ----------
346
377
355
347
369
456
435
429
428
415
---------- Evolution 4 ----------
376
343
383
381
404
429
424
423
411
426
---------- Evolution 5 ----------
372
361
361
366
340
397
442
409
420
435
---------- Evolution 6 ----------
346
359
352
360
340
463
448
404
419
411
---------- Evolution 7 ----------
349
372
371
356
353
435
423
421
419
433
---------- Evolution 8 ----------
344
358
365
368
391
414
420
451
432
428
