---------- Evolution 1 ----------
357
365
342
364
374
461
405
436
450
405
---------- Evolution 2 ----------
354
342
351
383
412
429
443
401
426
400
---------- Evolution 3 ----------
352
337
342
377
411
431
429
425
422
432
---------- Evolution 4 ----------
339
348
352
335
437
442
454
420
465
407
---------- Evolution 5 ----------
338
353
340
346
434
425
430
444
402
406
---------- Evolution 6 ----------
345
384
355
337
430
440
456
419
455
399
---------- Evolution 7 ----------
351
373
344
349
430
415
407
412
425
413
---------- Evolution 8 ----------
341
338
381
345
426
436
434
444
421
423
