---------- Evolution 1 ----------
345
359
350
407
423
416
400
410
404
416
---------- Evolution 2 ----------
346
376
344
407
428
393
400
451
427
408
---------- Evolution 3 ----------
348
365
359
401
403
423
428
411
394
433
---------- Evolution 4 ----------
346
358
344
405
435
417
409
428
434
413
---------- Evolution 5 ----------
373
363
400
398
442
413
416
422
440
430
---------- Evolution 6 ----------
347
351
394
382
411
405
416
420
464
410
---------- Evolution 7 ----------
378
350
436
389
418
417
423
414
407
429
---------- Evolution 8 ----------
345
348
420
386
422
426
415
410
421
414
---------- Evolution 9 ----------
341
371
419
436
419
431
394
475
415
449
---------- Evolution 10 ----------
342
349
417
416
408
425
405
393
441
397
---------- Evolution 11 ----------
342
342
440
410
438
422
402
392
389
441
---------- Evolution 12 ----------
341
344
422
406
409
412
430
443
393
410
