---------- Evolution 1 ----------
337.17932891845703
333.67527770996094
335.2215347290039
335.40897369384766
333.4440231323242
337.59986877441406
333.4710159301758
333.4645309448242
333.52603912353516
---------- Evolution 2 ----------
335.4754180908203
337.13037109375
333.64527130126953
333.6914825439453
333.07118225097656
333.57713317871094
337.2429885864258
333.3739929199219
337.2305450439453
333.358154296875
333.4070358276367
---------- Evolution 3 ----------
333.29297637939453
337.1140899658203
336.9549331665039
335.4624557495117
337.009765625
337.34549713134766
333.19590759277344
337.46985626220703
337.1338348388672
335.3112564086914
---------- Evolution 4 ----------
333.4407043457031
333.1244888305664
339.54859161376953
333.5923767089844
335.3326187133789
335.3234634399414
335.32860565185547
333.49742889404297
337.2588806152344
337.05892181396484
---------- Evolution 5 ----------
337.14102935791016
333.47425079345703
337.34935760498047
333.11846923828125
335.27203369140625
329.3504104614258
333.6195602416992
333.2372589111328
333.2771530151367
333.26441955566406
---------- Evolution 6 ----------
333.20352935791016
335.0954818725586
335.16453552246094
333.39392852783203
333.37259674072266
333.1224822998047
337.45982360839844
333.23763275146484
333.2937927246094
333.35709381103516
---------- Evolution 7 ----------
333.20228576660156
335.28041076660156
336.9187545776367
333.68194580078125
333.0194549560547
337.3033447265625
335.15541076660156
333.2564392089844
335.345458984375
333.52696228027344
---------- Evolution 8 ----------
333.49974060058594
335.4298400878906
333.14666748046875
333.42501068115234
333.37178802490234
337.36976623535156
333.3391647338867
337.1544189453125
333.19522857666016
335.2779006958008
---------- Evolution 9 ----------
337.1657409667969
333.14510345458984
335.4318084716797
339.1701126098633
335.4031448364258
333.0682907104492
333.4104919433594
335.3446807861328
333.33267974853516
337.2167282104492
---------- Evolution 10 ----------
337.5458679199219
333.29776763916016
337.0722427368164
334.9436340332031
333.40272521972656
333.1554718017578
337.2620086669922
333.2970428466797
335.30426025390625
333.41485595703125
---------- Evolution 11 ----------
337.2209243774414
337.20597076416016
333.4211883544922
333.5863723754883
331.5471954345703
333.2177200317383
332.99440002441406
335.2211380004883
333.32408905029297
335.20851135253906
---------- Evolution 12 ----------
335.5517272949219
334.9102249145508
337.1320266723633
333.5836639404297
337.19327545166016
337.1042709350586
337.0997543334961
333.13842010498047
337.05149841308594
333.697265625
---------- Evolution 13 ----------
333.5845642089844
337.2668685913086
333.42091369628906
331.33251190185547
335.1196746826172
335.01959228515625
333.5149688720703
333.50337982177734
333.4085922241211
337.39137268066406
---------- Evolution 14 ----------
333.52980041503906
335.50440216064453
335.4358139038086
335.284423828125
333.32714080810547
333.41027069091797
339.3355026245117
333.54339599609375
335.20813751220703
335.35037994384766
---------- Evolution 15 ----------
337.00880432128906
339.10508728027344
335.22969818115234
333.61021423339844
335.3898162841797
335.4898986816406
333.3320999145508
335.28936767578125
333.3395462036133
336.9530563354492
---------- Evolution 16 ----------
335.36695098876953
337.34073638916016
335.4834899902344
331.5913619995117
333.5800323486328
337.0493469238281
333.4405212402344
333.30487060546875
333.19293212890625
333.19628143310547
---------- Evolution 17 ----------
333.4051513671875
333.4821548461914
333.697265625
337.11602783203125
335.5301818847656
339.3477478027344
335.09727478027344
335.1216278076172
337.0380554199219
338.9787292480469
---------- Evolution 18 ----------
337.1721420288086
337.41320037841797
335.4568634033203
337.10418701171875
335.66722106933594
337.1228485107422
337.1532745361328
333.43262481689453
333.22662353515625
338.93737030029297
---------- Evolution 19 ----------
333.1439971923828
337.0814743041992
339.24647521972656
333.5727767944336
337.02479553222656
333.3890151977539
337.1990280151367
333.44476318359375
337.2567596435547
336.90433502197266
---------- Evolution 20 ----------
339.1915283203125
335.23060607910156
334.9307403564453
337.41302490234375
337.5048828125
333.33687591552734
333.40089416503906
335.19879150390625
333.5009536743164
333.0933532714844
