---------- Evolution 1 ----------
34.59300231933594
34.63005828857422
34.63005828857422
34.63005828857422
34.63005828857422
34.63005828857422
34.63005828857422
34.59355926513672
34.63005828857422
34.63005828857422
---------- Evolution 2 ----------
35.560791015625
35.560791015625
35.569618225097656
35.560791015625
35.560791015625
35.560791015625
35.560791015625
35.560791015625
35.560791015625
35.560791015625
---------- Evolution 3 ----------
35.590126037597656
35.590126037597656
35.590126037597656
35.590126037597656
35.590126037597656
35.590126037597656
35.590126037597656
35.590126037597656
35.590126037597656
35.590126037597656
---------- Evolution 4 ----------
35.582313537597656
35.582313537597656
35.582313537597656
35.582313537597656
35.582313537597656
35.582313537597656
35.582313537597656
35.582313537597656
35.582313537597656
35.582313537597656
---------- Evolution 5 ----------
35.59031677246094
35.60569763183594
35.57640838623047
35.60569763183594
35.60569763183594
35.60569763183594
35.60569763183594
35.60569763183594
35.60569763183594
35.59019470214844
---------- Evolution 6 ----------
36.65733337402344
36.65728759765625
36.65728759765625
36.65728759765625
36.65728759765625
36.65728759765625
36.65728759765625
36.65728759765625
36.65728759765625
36.65728759765625
---------- Evolution 7 ----------
36.66319274902344
36.67877960205078
36.67877960205078
36.67877960205078
36.67877960205078
36.67877960205078
36.67877960205078
36.67877960205078
36.67877960205078
36.67877960205078
---------- Evolution 8 ----------
36.65766143798828
36.65728759765625
36.65766143798828
36.65728759765625
36.65766143798828
36.65766143798828
36.65766143798828
37.6622314453125
36.65766143798828
36.65728759765625
---------- Evolution 9 ----------
37.63884735107422
37.63884735107422
37.63884735107422
37.63884735107422
37.63884735107422
37.63884735107422
37.63884735107422
37.63884735107422
37.63884735107422
37.63884735107422
---------- Evolution 10 ----------
37.625160217285156
37.6466064453125
37.6466064453125
37.6466064453125
37.6466064453125
37.6466064453125
37.6466064453125
37.6466064453125
37.6466064453125
37.6466064453125
---------- Evolution 11 ----------
38.62232208251953
38.62232208251953
38.62232208251953
38.62232208251953
38.62232208251953
38.62232208251953
38.62232208251953
38.62232208251953
38.62232208251953
38.62232208251953
---------- Evolution 12 ----------
39.59014892578125
39.59014892578125
39.59014892578125
39.59014892578125
39.59014892578125
39.59014892578125
39.59014892578125
39.59014892578125
39.59014892578125
39.59014892578125
---------- Evolution 13 ----------
39.60569763183594
39.59788513183594
39.60569763183594
39.60569763183594
39.60569763183594
39.60569763183594
39.60569763183594
39.60569763183594
39.60569763183594
39.60569763183594
---------- Evolution 15 ----------
40.670997619628906
40.670997619628906
40.67595672607422
40.67595672607422
40.67595672607422
40.67595672607422
40.670997619628906
40.67595672607422
40.67595672607422
40.67595672607422
---------- Evolution 15 ----------
40.67877960205078
40.67877960205078
40.67877960205078
40.67877960205078
40.67877960205078
40.67877960205078
40.67877960205078
40.67877960205078
40.67877960205078
40.67877960205078
---------- Evolution 16 ----------
41.6622314453125
41.6622314453125
41.6466064453125
41.6622314453125
41.6622314453125
41.6622314453125
41.6622314453125
41.6622314453125
41.6622314453125
41.6622314453125
---------- Evolution 17 ----------
42.60691833496094
42.60691833496094
42.60691833496094
42.60691833496094
42.60691833496094
42.62224578857422
42.60691833496094
42.60691833496094
42.60691833496094
42.60691833496094
---------- Evolution 18 ----------
43.585205078125
43.585205078125
43.582313537597656
43.585205078125
43.585205078125
43.582313537597656
43.585205078125
43.5687255859375
43.585205078125
43.582313537597656
---------- Evolution 19 ----------
43.582366943359375
43.6953125
44.657318115234375
43.6953125
43.6953125
43.6953125
43.6953125
44.657318115234375
43.6953125
44.657318115234375
---------- Evolution 20 ----------
44.658363342285156
44.658363342285156
44.658363342285156
44.658363342285156
44.658363342285156
44.658363342285156
44.658363342285156
44.658363342285156
44.658363342285156
44.65740203857422
