---------- Evolution 1 ----------
42.696319580078125
42.68834686279297
42.682891845703125
42.691986083984375
42.68928527832031
42.68584442138672
42.68750762939453
42.6832275390625
42.685035705566406
42.69110107421875
---------- Evolution 2 ----------
42.68548583984375
42.690956115722656
42.68284606933594
42.68550109863281
42.67967987060547
42.686241149902344
42.686119079589844
42.68433380126953
42.69309997558594
42.68574523925781
---------- Evolution 3 ----------
42.681419372558594
42.68523406982422
42.68095397949219
42.74473571777344
42.74164581298828
42.74168395996094
42.681732177734375
42.67877197265625
42.73981475830078
42.735618591308594
---------- Evolution 4 ----------
42.738525390625
42.73956298828125
42.73558807373047
42.74079132080078
42.735023498535156
42.742523193359375
42.73674774169922
42.73613739013672
42.73645782470703
42.740928649902344
---------- Evolution 5 ----------
42.73845672607422
42.725006103515625
42.74335479736328
42.730735778808594
42.73124694824219
42.74296569824219
42.73262023925781
42.736961364746094
42.730186462402344
42.7396240234375
---------- Evolution 6 ----------
42.72917938232422
42.73302459716797
42.730445861816406
42.73481750488281
42.73417663574219
42.7314453125
42.733642578125
42.73607635498047
42.734214782714844
42.728721618652344
---------- Evolution 7 ----------
44.731056213378906
44.72924041748047
44.72846221923828
44.728851318359375
44.73462677001953
44.74229431152344
44.7265625
44.729042053222656
44.732635498046875
44.72850799560547
---------- Evolution 8 ----------
44.73186492919922
44.72150421142578
44.72753143310547
44.72602081298828
44.719215393066406
44.72154235839844
44.72997283935547
44.722999572753906
44.72339630126953
44.724884033203125
---------- Evolution 9 ----------
44.71714782714844
44.723228454589844
44.71466064453125
44.720054626464844
44.72111511230469
44.71269989013672
44.71741485595703
44.713623046875
44.71549987792969
44.72013854980469
---------- Evolution 10 ----------
42.772865295410156
42.76878356933594
42.766944885253906
42.71178436279297
42.775428771972656
42.71070098876953
44.72059631347656
42.7122802734375
42.7119140625
42.7078857421875
---------- Evolution 11 ----------
44.770301818847656
44.76897430419922
44.76951599121094
44.76869201660156
44.76698303222656
44.767555236816406
44.76630401611328
44.77369689941406
44.75279235839844
44.766143798828125
---------- Evolution 12 ----------
44.741539001464844
44.73793029785156
44.73176574707031
44.735565185546875
44.739105224609375
44.74049377441406
44.74186706542969
44.73625946044922
44.73280334472656
44.732887268066406
---------- Evolution 13 ----------
46.78350067138672
46.72468566894531
46.721900939941406
46.73146057128906
46.72278594970703
46.782379150390625
46.72956085205078
46.732208251953125
46.72645568847656
46.72490692138672
---------- Evolution 14 ----------
46.78052520751953
46.77379608154297
46.76909637451172
46.768150329589844
46.772056579589844
46.780128479003906
46.76837158203125
46.77104187011719
46.76910400390625
46.7716064453125
---------- Evolution 15 ----------
48.78285217285156
48.790061950683594
48.784027099609375
48.77180480957031
48.776206970214844
48.790985107421875
48.77717590332031
48.781288146972656
48.789703369140625
48.79828643798828
---------- Evolution 16 ----------
48.77252197265625
48.78022003173828
48.77302551269531
48.77088928222656
48.77851104736328
48.77571105957031
48.777000427246094
48.782615661621094
48.778221130371094
48.77423858642578
---------- Evolution 17 ----------
50.76939392089844
50.764617919921875
50.77068328857422
50.7691650390625
50.77100372314453
50.772438049316406
50.77806091308594
50.77369689941406
50.77568817138672
50.77037811279297
---------- Evolution 18 ----------
50.76618194580078
50.75713348388672
50.76280212402344
50.76349639892578
50.75786590576172
50.756256103515625
50.761871337890625
50.76023864746094
50.76288604736328
50.76630401611328
---------- Evolution 19 ----------
52.763580322265625
52.761985778808594
52.77070617675781
52.76140594482422
52.76863098144531
52.764892578125
52.761566162109375
52.77375030517578
52.76152801513672
52.758445739746094
---------- Evolution 20 ----------
52.81324005126953
52.80951690673828
52.8126220703125
52.81127166748047
52.80510711669922
52.805328369140625
52.80653381347656
52.80865478515625
52.81260681152344
52.807533264160156
