---------- Evolution 1 ----------
397.5707778930664
397.6511917114258
398.0608444213867
400.1701965332031
393.6740036010742
398.16956329345703
399.6953125
400.2798767089844
396.3270263671875
395.5799026489258
---------- Evolution 2 ----------
397.77635955810547
395.56746673583984
395.77442932128906
396.29701232910156
393.68534088134766
397.9342498779297
395.6953125
398.18756103515625
397.697265625
393.77734375
---------- Evolution 3 ----------
395.8528747558594
397.9649353027344
391.9325256347656
394.36133575439453
396.39017486572266
394.2824172973633
397.77623748779297
398.3603210449219
393.5501251220703
397.49198150634766
---------- Evolution 4 ----------
402.32806396484375
395.54319763183594
395.9318161010742
397.5686721801758
391.4807815551758
396.18377685546875
398.3890151977539
398.2010269165039
396.19994354248047
398.24878692626953
---------- Evolution 5 ----------
395.67407989501953
395.85267639160156
396.3571243286133
400.37132263183594
396.0107116699219
398.0901412963867
391.6953125
393.8548278808594
393.697265625
396.26007080078125
---------- Evolution 6 ----------
393.8547668457031
400.2608184814453
397.6609573364258
398.2796401977539
393.6231994628906
402.09044647216797
395.77394104003906
396.29183197021484
397.70314025878906
398.27867889404297
---------- Evolution 7 ----------
393.697265625
394.40320587158203
395.6953125
395.9620666503906
397.8544464111328
399.6953125
397.9327621459961
398.1689910888672
397.8540954589844
396.1359176635742
---------- Evolution 8 ----------
397.6343231201172
401.93321990966797
397.65316009521484
398.4048538208008
396.3759765625
395.65059661865234
397.85365295410156
397.697265625
396.33031463623047
400.2753372192383
---------- Evolution 9 ----------
401.697265625
402.1586685180664
398.42591857910156
397.697265625
402.1051712036133
397.59437561035156
397.6912536621094
401.68255615234375
397.5758590698242
402.1743469238281
---------- Evolution 10 ----------
398.07003021240234
396.1834716796875
398.2647018432617
399.9391403198242
398.1354217529297
393.697265625
402.2826919555664
401.85997009277344
396.0676803588867
395.7735366821289
---------- Evolution 11 ----------
396.32952880859375
398.29801177978516
402.2174606323242
398.0228576660156
399.57508087158203
397.5678176879883
402.1847839355469
400.42864990234375
400.28137969970703
398.2672119140625
---------- Evolution 12 ----------
400.37793731689453
398.2012481689453
398.29737091064453
402.1846466064453
395.6778106689453
400.19947814941406
402.2666778564453
397.669677734375
400.1028747558594
398.05411529541016
---------- Evolution 13 ----------
397.6941604614258
400.3788528442383
400.3453369140625
397.9414825439453
400.34747314453125
397.7844009399414
399.7767105102539
395.8580627441406
397.8602294921875
400.3267517089844
---------- Evolution 14 ----------
399.67002868652344
397.5834045410156
397.697265625
402.24768829345703
402.2167053222656
402.21510314941406
399.6890106201172
402.10303497314453
397.697265625
400.1820983886719
---------- Evolution 15 ----------
399.5929870605469
404.3788146972656
402.26646423339844
401.7784729003906
397.6362075805664
400.4256286621094
397.61951446533203
397.77857971191406
399.8578796386719
402.20220947265625
---------- Evolution 16 ----------
397.67835998535156
406.36354064941406
397.697265625
403.77645111083984
406.26625061035156
406.3136520385742
406.36195373535156
404.3458251953125
400.02020263671875
401.77833557128906
---------- Evolution 17 ----------
402.1846008300781
404.2950973510742
404.1332092285156
404.37671661376953
401.6247024536133
404.34478759765625
402.1026153564453
402.3632354736328
404.21392822265625
401.65260314941406
---------- Evolution 18 ----------
401.5558853149414
399.6953125
401.9411163330078
402.266357421875
406.1846466064453
404.42604064941406
408.01953125
401.77832794189453
401.9405212402344
402.2145080566406
---------- Evolution 19 ----------
406.34686279296875
402.39280700683594
406.3453369140625
404.2641372680664
406.34625244140625
405.6204147338867
399.873046875
403.95416259765625
405.6221694946289
398.02166748046875
---------- Evolution 20 ----------
402.4559326171875
406.50384521484375
406.1482467651367
402.5218505859375
402.2942199707031
402.0023498535156
401.8743133544922
403.8570861816406
402.2128601074219
405.697265625
