---------- Evolution 1 ----------
27.615463256835938
27.545318603515625
27.54547882080078
27.5377197265625
27.545310974121094
27.545433044433594
27.54547882080078
27.546241760253906
27.545310974121094
27.54529571533203
---------- Evolution 2 ----------
27.60765838623047
27.54547882080078
27.55329132080078
27.553298950195312
27.553115844726562
27.55329132080078
27.56092071533203
27.56092071533203
27.560813903808594
27.553131103515625
---------- Evolution 3 ----------
27.607650756835938
27.56097412109375
27.56097412109375
27.55329132080078
27.553115844726562
27.561798095703125
27.55329132080078
27.56092071533203
27.561798095703125
27.56097412109375
---------- Evolution 4 ----------
27.61547088623047
27.537918090820312
27.545303344726562
27.546127319335938
27.545364379882812
27.54615020751953
27.54619598388672
27.537559509277344
27.537918090820312
27.537643432617188
---------- Evolution 5 ----------
27.560813903808594
27.56092071533203
27.560935974121094
27.560935974121094
27.56175994873047
27.553314208984375
27.56092071533203
27.560928344726562
27.56078338623047
27.553306579589844
---------- Evolution 6 ----------
27.560806274414062
27.553009033203125
27.54633331298828
27.546241760253906
27.55310821533203
27.553932189941406
27.55329132080078
27.553115844726562
27.546340942382812
27.553009033203125
---------- Evolution 7 ----------
27.568634033203125
27.6953125
27.6953125
27.6953125
27.6953125
27.6953125
27.6953125
27.6953125
27.6953125
27.6953125
---------- Evolution 8 ----------
27.6953125
27.6953125
27.6953125
27.6953125
27.6953125
27.6953125
27.6953125
27.6953125
27.6953125
27.6953125
---------- Evolution 9 ----------
27.6953125
27.6953125
27.6953125
27.6953125
27.6953125
27.6953125
27.6953125
27.6953125
27.6953125
27.6953125
---------- Evolution 10 ----------
27.6953125
27.6953125
27.6953125
27.6953125
27.6953125
27.6953125
27.6953125
27.6953125
27.6953125
27.6953125
---------- Evolution 11 ----------
28.65729522705078
28.6573486328125
28.657333374023438
28.657333374023438
28.657333374023438
28.657333374023438
28.657310485839844
28.657333374023438
28.6573486328125
28.657333374023438
---------- Evolution 12 ----------
28.67877960205078
28.663192749023438
28.663192749023438
28.663192749023438
28.663192749023438
28.663192749023438
28.663192749023438
28.663192749023438
28.663192749023438
28.663192749023438
---------- Evolution 13 ----------
28.68659210205078
28.67877960205078
28.67877960205078
28.67877960205078
28.67877960205078
28.66509246826172
28.67877960205078
28.67877960205078
28.67877960205078
28.67877960205078
---------- Evolution 14 ----------
28.657318115234375
28.657318115234375
28.657318115234375
28.657310485839844
28.65752410888672
28.65752410888672
28.657318115234375
28.65727996826172
28.657318115234375
28.65727996826172
---------- Evolution 15 ----------
28.67877960205078
28.67877960205078
28.68659210205078
28.68659210205078
28.68659210205078
28.68659210205078
28.68659210205078
28.68659210205078
28.67877960205078
28.68659210205078
---------- Evolution 16 ----------
28.65740203857422
28.67877960205078
28.67877960205078
28.67877960205078
28.67877960205078
28.67877960205078
28.67877960205078
28.67877960205078
28.67877960205078
28.67877960205078
---------- Evolution 17 ----------
28.68659210205078
28.65729522705078
28.67877960205078
28.67877960205078
28.67877960205078
28.67877960205078
28.67877960205078
28.657302856445312
28.65752410888672
28.65729522705078
---------- Evolution 18 ----------
28.686729431152344
28.67877960205078
28.68659210205078
28.67877960205078
28.68663787841797
28.68659210205078
28.67877960205078
28.67877960205078
28.68659210205078
28.67877960205078
---------- Evolution 19 ----------
28.67877960205078
28.67877960205078
28.67877960205078
28.67877960205078
28.67877960205078
28.67877960205078
28.67877960205078
28.67877960205078
28.67877960205078
28.67877960205078
---------- Evolution 20 ----------
28.67877960205078
28.65729522705078
28.67877960205078
28.657310485839844
28.67877960205078
28.657310485839844
28.67877960205078
28.657310485839844
28.67877960205078
28.67877960205078
