---------- Evolution 1 ----------
31.572349548339844
31.572349548339844
31.572349548339844
31.572349548339844
31.56201171875
31.5618896484375
31.5618896484375
31.572349548339844
31.56201171875
31.561790466308594
---------- Evolution 2 ----------
32.660179138183594
32.660179138183594
32.660179138183594
32.660179138183594
32.660179138183594
32.660179138183594
32.660179138183594
32.660179138183594
32.660179138183594
32.660179138183594
---------- Evolution 3 ----------
32.65733337402344
32.65733337402344
32.65733337402344
32.65733337402344
32.65733337402344
32.65733337402344
32.65733337402344
32.65733337402344
32.65733337402344
32.65733337402344
---------- Evolution 4 ----------
32.67877960205078
32.67877960205078
32.67877960205078
32.67877960205078
32.67877960205078
32.67877960205078
32.67877960205078
32.67877960205078
32.67877960205078
32.67877960205078
---------- Evolution 5 ----------
33.6622314453125
33.6392822265625
33.6622314453125
33.6622314453125
33.6622314453125
33.6622314453125
33.6622314453125
33.6622314453125
33.6392822265625
33.6622314453125
---------- Evolution 6 ----------
33.63304138183594
33.6544189453125
33.63304138183594
33.63304138183594
33.63304138183594
33.63304138183594
33.63304138183594
33.63304138183594
33.6544189453125
33.63304138183594
---------- Evolution 7 ----------
34.61455535888672
34.61455535888672
34.61455535888672
34.61455535888672
34.61455535888672
34.61455535888672
34.61455535888672
34.61540985107422
34.61455535888672
34.61455535888672
---------- Evolution 8 ----------
34.606651306152344
34.606651306152344
34.63005828857422
34.63005828857422
34.63005828857422
34.63005828857422
34.606651306152344
34.63005828857422
34.606651306152344
34.63005828857422
---------- Evolution 9 ----------
35.592010498046875
35.592010498046875
35.592010498046875
35.592010498046875
35.592010498046875
35.592010498046875
35.592010498046875
35.592010498046875
35.592010498046875
35.592010498046875
---------- Evolution 10 ----------
35.592811584472656
35.592811584472656
35.592811584472656
35.592811584472656
35.592811584472656
35.592811584472656
35.592811584472656
35.592811584472656
35.592811584472656
35.592811584472656
---------- Evolution 11 ----------
36.67877960205078
36.67877960205078
36.67877960205078
36.67877960205078
36.67877960205078
36.67877960205078
36.67877960205078
36.67877960205078
36.67877960205078
36.67877960205078
---------- Evolution 12 ----------
37.63886260986328
37.623252868652344
37.63886260986328
37.63886260986328
37.63886260986328
37.63886260986328
37.63886260986328
37.63886260986328
37.63886260986328
37.63886260986328
---------- Evolution 13 ----------
37.63316345214844
37.63316345214844
37.6622314453125
37.63316345214844
37.63304138183594
37.63316345214844
37.63316345214844
37.63316345214844
37.63316345214844
37.63304138183594
---------- Evolution 14 ----------
38.60668182373047
38.591156005859375
38.60668182373047
38.591156005859375
38.591156005859375
38.591156005859375
38.591156005859375
38.591156005859375
38.591156005859375
38.591156005859375
---------- Evolution 15 ----------
39.69465637207031
39.69465637207031
39.69465637207031
39.69465637207031
39.6953125
39.6953125
39.69465637207031
39.6953125
39.69465637207031
39.600502014160156
---------- Evolution 16 ----------
40.66509246826172
40.66509246826172
40.66509246826172
40.66509246826172
40.66509246826172
40.66509246826172
40.66509246826172
40.66509246826172
40.66509246826172
40.66509246826172
---------- Evolution 17 ----------
41.6475830078125
41.6475830078125
41.6475830078125
41.6475830078125
41.6475830078125
41.6475830078125
41.6475830078125
41.6475830078125
41.6475830078125
41.6475830078125
---------- Evolution 18 ----------
42.62377166748047
42.62377166748047
42.62377166748047
42.614501953125
42.62377166748047
42.62377166748047
42.62377166748047
42.62377166748047
42.62377166748047
42.62377166748047
---------- Evolution 19 ----------
43.57453918457031
43.57453918457031
43.57453918457031
43.57453918457031
43.57453918457031
43.57453918457031
43.57453918457031
43.57453918457031
43.57453918457031
43.57453918457031
---------- Evolution 20 ----------
44.660179138183594
44.660179138183594
44.660179138183594
44.660179138183594
44.660179138183594
43.6953125
44.660179138183594
43.6953125
44.660179138183594
44.660179138183594
