---------- Evolution 1 ----------
28.68659210205078
28.67877960205078
28.67877960205078
28.67877960205078
28.67877960205078
28.67877960205078
28.67877960205078
28.67877960205078
28.67877960205078
28.67877960205078
---------- Evolution 2 ----------
29.61737823486328
29.64665985107422
29.64665985107422
29.64665985107422
29.64665985107422
29.64665985107422
29.64665985107422
29.64665985107422
29.64665985107422
29.64665985107422
---------- Evolution 3 ----------
29.6468505859375
29.6466064453125
29.6466064453125
29.6466064453125
29.6466064453125
29.6466064453125
29.6466064453125
29.6466064453125
29.6466064453125
29.6466064453125
---------- Evolution 4 ----------
29.638832092285156
29.6622314453125
29.6622314453125
29.6622314453125
29.6622314453125
29.617462158203125
29.6622314453125
29.6622314453125
29.625350952148438
29.6622314453125
---------- Evolution 5 ----------
29.638832092285156
29.677894592285156
29.677894592285156
29.677894592285156
30.609519958496094
29.677894592285156
29.677894592285156
29.677894592285156
29.677894592285156
30.609519958496094
---------- Evolution 6 ----------
30.59906005859375
30.60662078857422
30.60662078857422
30.608558654785156
30.60662078857422
30.60662078857422
30.60662078857422
30.60662078857422
30.60662078857422
30.60662078857422
---------- Evolution 7 ----------
30.621109008789062
30.59772491455078
30.590660095214844
30.590660095214844
30.59772491455078
30.59772491455078
30.59772491455078
30.590660095214844
30.59772491455078
30.59772491455078
---------- Evolution 8 ----------
31.55841827392578
31.580596923828125
31.565933227539062
31.565933227539062
31.580596923828125
31.565933227539062
31.580596923828125
31.56591796875
31.565933227539062
31.545318603515625
---------- Evolution 9 ----------
31.55962371826172
31.585250854492188
31.585250854492188
31.585250854492188
31.585250854492188
31.585250854492188
31.585250854492188
31.58453369140625
31.585250854492188
31.585250854492188
---------- Evolution 10 ----------
32.65733337402344
32.65733337402344
32.65733337402344
32.65733337402344
32.65733337402344
32.65733337402344
32.65733337402344
32.65733337402344
32.65733337402344
32.65733337402344
---------- Evolution 11 ----------
32.66319274902344
32.68659210205078
32.68659210205078
32.68659210205078
32.68659210205078
32.68659210205078
32.68659210205078
32.68659210205078
32.68659210205078
32.68659210205078
---------- Evolution 12 ----------
33.63884735107422
33.63884735107422
33.63884735107422
33.63884735107422
33.63884735107422
33.63884735107422
33.63884735107422
33.63884735107422
33.63884735107422
33.63884735107422
---------- Evolution 13 ----------
33.6622314453125
33.62513732910156
33.62513732910156
33.62510681152344
33.6251220703125
33.62512969970703
33.62522888183594
33.62513732910156
33.62513732910156
33.62522888183594
---------- Evolution 14 ----------
34.61824035644531
34.63514709472656
34.63514709472656
34.63514709472656
34.63514709472656
34.63514709472656
34.63514709472656
34.63514709472656
34.63514709472656
34.63514709472656
---------- Evolution 15 ----------
35.58038330078125
35.565711975097656
35.565711975097656
35.565711975097656
35.565711975097656
35.565711975097656
35.58039093017578
35.565711975097656
35.565711975097656
35.565711975097656
---------- Evolution 16 ----------
35.61372375488281
35.61372375488281
35.61372375488281
35.61372375488281
35.62641906738281
35.62641906738281
35.62641906738281
35.61372375488281
35.62641906738281
35.61372375488281
---------- Evolution 17 ----------
36.66319274902344
36.66319274902344
36.66319274902344
36.66509246826172
36.66509246826172
36.67877960205078
36.66509246826172
36.66319274902344
36.66319274902344
36.66509246826172
---------- Evolution 18 ----------
37.617431640625
37.617431640625
37.617431640625
37.617431640625
37.617431640625
37.617431640625
37.617431640625
37.617431640625
37.617431640625
37.617431640625
---------- Evolution 19 ----------
38.615577697753906
38.599082946777344
38.61469268798828
38.61469268798828
38.61469268798828
38.599082946777344
38.599082946777344
38.599082946777344
38.599082946777344
38.599082946777344
---------- Evolution 20 ----------
39.63080596923828
39.63080596923828
39.617759704589844
39.63080596923828
39.617759704589844
39.63080596923828
39.609947204589844
39.617759704589844
39.609947204589844
39.609947204589844
