---------- Evolution 1 ----------
276.8252410888672
275.1264419555664
275.3295669555664
277.35877990722656
277.1669921875
273.5731735229492
273.1176986694336
273.4009552001953
275.24285888671875
275.14805603027344
---------- Evolution 2 ----------
271.13641357421875
267.0922164916992
269.1212692260742
269.3408432006836
267.5030746459961
269.12386322021484
269.04000091552734
267.1972961425781
267.03155517578125
269.19252014160156
---------- Evolution 3 ----------
271.53485107421875
269.76490020751953
271.2305450439453
267.5790328979492
267.76295471191406
265.6318588256836
267.0995330810547
267.53196716308594
267.4487075805664
271.27162170410156
---------- Evolution 4 ----------
269.408203125
269.20420837402344
271.2323913574219
267.2727966308594
269.53514099121094
270.90282440185547
267.6953125
265.697265625
269.1687240600586
271.34008026123047
---------- Evolution 5 ----------
267.27391052246094
271.17642974853516
269.2235641479492
267.2014694213867
272.9885711669922
270.91295623779297
269.89998626708984
267.3314514160156
269.6520690917969
267.26914978027344
---------- Evolution 6 ----------
267.4131774902344
271.43946075439453
267.6953125
267.1581039428711
271.44434356689453
267.7626495361328
265.58592987060547
273.1740036010742
271.14794158935547
269.31856536865234
---------- Evolution 7 ----------
267.4189987182617
267.41967010498047
269.58502197265625
269.55176544189453
267.4627227783203
271.02120208740234
269.28981018066406
271.3439483642578
269.3799133300781
267.76304626464844
---------- Evolution 8 ----------
267.33435821533203
267.4629821777344
267.6672058105469
267.46570587158203
267.38653564453125
267.2098083496094
269.2807846069336
269.3344039916992
269.2380676269531
271.1786422729492
---------- Evolution 9 ----------
267.4972686767578
269.1876754760742
267.67002868652344
269.4844970703125
269.3415298461914
269.6431579589844
269.32481384277344
269.59283447265625
269.46063232421875
267.42247009277344
---------- Evolution 10 ----------
271.4793167114258
269.64524841308594
271.32347869873047
269.57106018066406
269.3880920410156
269.6593246459961
269.3670349121094
267.58068084716797
267.14693450927734
269.5572280883789
---------- Evolution 11 ----------
271.1354064941406
267.24121856689453
267.5580520629883
269.2865447998047
267.6953125
269.3579864501953
269.2029266357422
267.6953125
267.76317596435547
269.52197265625
---------- Evolution 12 ----------
265.51770782470703
269.7649917602539
267.34063720703125
271.61815643310547
267.7629699707031
271.02516174316406
267.8301544189453
269.697265625
273.38208770751953
269.28656005859375
---------- Evolution 13 ----------
269.4594192504883
269.5800018310547
267.5621566772461
267.6953125
269.6718521118164
267.6100540161133
269.2539367675781
269.2108459472656
273.29722595214844
266.89855194091797
---------- Evolution 14 ----------
271.32938385009766
271.2500762939453
271.37188720703125
271.63855743408203
273.1433868408203
271.1987533569336
267.6939392089844
267.4466018676758
263.31851959228516
267.6355895996094
---------- Evolution 15 ----------
267.57972717285156
267.4179382324219
269.697265625
263.83082580566406
265.76490783691406
265.3607635498047
269.28558349609375
269.54913330078125
266.874267578125
267.2421340942383
---------- Evolution 16 ----------
267.6324996948242
267.50807189941406
269.398193359375
265.697265625
273.2589569091797
267.6198196411133
269.0109176635742
267.4320297241211
269.5223846435547
273.4666976928711
---------- Evolution 17 ----------
271.49778747558594
267.6953125
269.4408721923828
269.2287826538086
271.15380096435547
267.51355743408203
269.3607635498047
269.30750274658203
269.306396484375
267.5672836303711
---------- Evolution 18 ----------
273.3208541870117
267.2997817993164
269.3659133911133
267.38995361328125
267.3314895629883
267.89830780029297
271.2041244506836
270.95556640625
269.76495361328125
265.7648239135742
---------- Evolution 19 ----------
267.7627716064453
269.1984634399414
269.2613830566406
269.27587890625
271.6664810180664
269.60865020751953
267.7628479003906
267.8302459716797
267.4093551635742
269.40995025634766
---------- Evolution 20 ----------
267.23876953125
267.4285659790039
269.3607635498047
271.11883544921875
267.83018493652344
271.47218322753906
269.5092010498047
267.4046630859375
269.51526641845703
269.26080322265625
