---------- Evolution 1 ----------
27.552978515625
27.55303192138672
27.553115844726562
27.55345916748047
27.55345916748047
27.55345916748047
27.55303192138672
27.55345916748047
27.55345916748047
27.55345916748047
---------- Evolution 2 ----------
27.55297088623047
27.55303192138672
27.55345916748047
27.55345916748047
27.55303192138672
27.55345916748047
27.55345916748047
27.55345916748047
27.55345916748047
27.553131103515625
---------- Evolution 3 ----------
27.55297088623047
27.55345916748047
27.55345916748047
27.553016662597656
27.553016662597656
27.55345916748047
27.553466796875
27.55345916748047
27.553016662597656
27.553016662597656
---------- Evolution 4 ----------
27.553253173828125
27.553466796875
27.553466796875
27.55347442626953
27.553016662597656
27.56891632080078
27.553024291992188
27.553466796875
27.553016662597656
27.553016662597656
---------- Evolution 5 ----------
27.55297088623047
27.553016662597656
27.553466796875
27.568878173828125
27.553466796875
27.553466796875
27.553466796875
27.553466796875
27.553466796875
27.553466796875
---------- Evolution 6 ----------
27.553085327148438
27.568679809570312
27.55345916748047
27.5687255859375
27.553009033203125
27.55345916748047
27.55345916748047
27.55345916748047
27.568817138671875
27.55345916748047
---------- Evolution 7 ----------
27.55347442626953
27.568817138671875
27.568923950195312
27.55347442626953
27.55347442626953
27.55347442626953
27.55347442626953
27.568817138671875
27.553131103515625
27.55347442626953
---------- Evolution 8 ----------
27.553237915039062
27.55347442626953
27.55345916748047
27.568809509277344
27.55347442626953
27.55394744873047
27.55347442626953
27.55347442626953
27.55347442626953
27.55303192138672
