---------- Evolution 1 ----------
413.9706497192383
415.7743835449219
413.6664123535156
411.4152297973633
414.1707763671875
413.42208099365234
414.5991439819336
410.0133972167969
409.776123046875
409.62779998779297
---------- Evolution 2 ----------
495.4507369995117
496.12237548828125
500.4857177734375
493.5978469848633
495.7743377685547
495.6953125
497.85536193847656
499.5855178833008
500.16900634765625
497.8553924560547
---------- Evolution 3 ----------
495.6341552734375
502.0921630859375
500.01141357421875
500.1060028076172
497.60863494873047
493.96580505371094
499.6953125
499.57093048095703
495.93250274658203
497.5484619140625
---------- Evolution 4 ----------
471.8536682128906
474.17127990722656
472.170654296875
473.86822509765625
476.0736770629883
476.2790222167969
474.326416015625
473.6672668457031
473.98091888427734
471.6953125
---------- Evolution 5 ----------
449.5124282836914
450.32928466796875
450.2021484375
445.93438720703125
445.6811065673828
445.9342498779297
450.265869140625
450.1860046386719
445.7761764526367
445.697265625
---------- Evolution 6 ----------
433.63475799560547
432.3437042236328
427.77433013916016
431.8533630371094
427.5458068847656
431.5495147705078
431.6953125
436.1217575073242
432.3598098754883
436.2963180541992
---------- Evolution 7 ----------
427.6953125
431.5609436035156
428.35816192626953
432.16868591308594
427.6652374267578
427.8531188964844
429.57010650634766
431.56812286376953
427.5876235961914
430.26602935791016
---------- Evolution 8 ----------
434.2512435913086
427.85345458984375
432.24832916259766
431.50846099853516
431.77418518066406
434.04349517822266
431.77440643310547
434.12303161621094
429.8549041748047
432.1063461303711
---------- Evolution 9 ----------
411.6953125
405.50933837890625
405.57604217529297
410.20237731933594
405.5382843017578
407.77433013916016
405.77613067626953
403.85345458984375
405.697265625
409.66109466552734
---------- Evolution 10 ----------
410.28060150146484
409.9339294433594
405.697265625
405.77626037597656
405.7762985229492
407.51063537597656
409.62511444091797
412.02687072753906
410.13817596435547
409.7762222290039
---------- Evolution 11 ----------
405.6107864379883
410.12310791015625
405.96546173095703
405.85557556152344
405.6208267211914
405.77613830566406
405.6650390625
405.7762222290039
409.65155029296875
405.5201416015625
---------- Evolution 12 ----------
410.36133575439453
410.2021255493164
405.6335983276367
410.37606048583984
405.4823684692383
405.6314468383789
412.1853790283203
410.4881286621094
409.93397521972656
411.6548385620117
---------- Evolution 13 ----------
405.697265625
409.53758239746094
409.5752410888672
410.25060272216797
409.8548278808594
410.1556854248047
405.78995513916016
406.1697692871094
408.08982849121094
410.47100830078125
---------- Evolution 14 ----------
405.7762908935547
409.697265625
410.25145721435547
406.2021484375
412.1214599609375
407.6953125
410.06017303466797
410.2320861816406
410.24830627441406
412.1691436767578
---------- Evolution 15 ----------
410.2649612426758
408.02650451660156
409.697265625
405.6818618774414
407.6953125
411.6185531616211
406.28087615966797
408.2790756225586
406.12413787841797
406.32977294921875
---------- Evolution 16 ----------
405.697265625
405.697265625
409.71095275878906
407.77428436279297
408.121337890625
410.1240997314453
405.9660339355469
405.6576385498047
410.26629638671875
410.0924301147461
---------- Evolution 17 ----------
408.29637145996094
406.2183609008789
409.5880126953125
406.04468536376953
409.6361083984375
405.697265625
410.17091369628906
405.9344787597656
405.697265625
405.7763137817383
---------- Evolution 18 ----------
405.53028869628906
410.2349166870117
407.63185119628906
410.3585510253906
405.8553466796875
409.9655303955078
408.0417251586914
405.6314468383789
408.0424499511719
409.8550262451172
---------- Evolution 19 ----------
405.8553771972656
414.0443115234375
410.0455093383789
405.8553466796875
405.66139221191406
405.47154998779297
408.24945068359375
408.3429718017578
405.61940002441406
412.0101318359375
---------- Evolution 20 ----------
409.62499237060547
410.17132568359375
407.77420806884766
410.2816696166992
405.697265625
405.85523986816406
403.6953125
409.7763137817383
409.6609344482422
412.40708923339844
