---------- Evolution 1 ----------
20.2496337890625
18.233680725097656
18.228050231933594
20.246261596679688
18.22956085205078
18.22271728515625
18.238731384277344
18.229965209960938
18.22595977783203
18.236068725585938
---------- Evolution 2 ----------
20.23973846435547
20.247634887695312
20.24456024169922
20.2437744140625
18.223350524902344
18.23053741455078
18.237998962402344
18.226425170898438
18.232139587402344
18.23040771484375
---------- Evolution 3 ----------
18.23564910888672
20.238853454589844
18.23065948486328
18.238998413085938
18.231582641601562
18.23151397705078
18.229881286621094
18.22626495361328
18.226333618164062
18.23242950439453
---------- Evolution 4 ----------
18.233627319335938
18.231658935546875
18.22779083251953
18.228805541992188
18.23334503173828
18.23102569580078
18.225082397460938
18.22832489013672
18.227516174316406
18.235855102539062
---------- Evolution 5 ----------
20.248130798339844
20.243499755859375
18.22779083251953
18.2271728515625
18.232467651367188
18.22966766357422
20.249473571777344
18.225799560546875
18.231658935546875
18.233139038085938
---------- Evolution 6 ----------
18.235877990722656
18.230560302734375
20.240455627441406
18.230789184570312
18.23309326171875
18.23680877685547
20.245819091796875
18.238265991210938
18.231727600097656
20.25487518310547
---------- Evolution 7 ----------
20.24457550048828
18.228965759277344
18.236068725585938
18.228797912597656
18.231285095214844
18.228927612304688
18.22748565673828
18.231948852539062
18.228469848632812
18.23621368408203
---------- Evolution 8 ----------
18.23474884033203
20.25408935546875
18.236534118652344
18.22791290283203
18.226287841796875
18.237777709960938
18.22295379638672
18.23204803466797
20.233497619628906
20.250411987304688
---------- Evolution 9 ----------
18.23058319091797
18.22905731201172
20.238922119140625
18.232711791992188
18.228500366210938
20.240768432617188
18.22986602783203
18.228561401367188
18.228485107421875
18.231163024902344
---------- Evolution 10 ----------
18.22705078125
20.248023986816406
18.229095458984375
18.22235870361328
18.233001708984375
18.22930145263672
18.23126983642578
20.248611450195312
18.23137664794922
20.24787139892578
---------- Evolution 11 ----------
20.250877380371094
18.228851318359375
18.22820281982422
20.247520446777344
20.24939727783203
18.225379943847656
18.23126220703125
18.23023223876953
18.235946655273438
18.222923278808594
---------- Evolution 12 ----------
18.236328125
20.244293212890625
18.233596801757812
18.22834014892578
18.241012573242188
18.231285095214844
18.230728149414062
18.22905731201172
20.237152099609375
18.237403869628906
---------- Evolution 13 ----------
18.232620239257812
18.230865478515625
18.22838592529297
20.246597290039062
18.23271942138672
18.227325439453125
20.24432373046875
18.233016967773438
18.23688507080078
18.235809326171875
---------- Evolution 14 ----------
18.233642578125
20.229782104492188
20.22766876220703
18.226455688476562
18.230506896972656
20.236587524414062
18.229286193847656
20.242210388183594
18.231300354003906
18.228309631347656
---------- Evolution 15 ----------
20.24756622314453
18.228790283203125
18.238494873046875
18.232566833496094
18.234901428222656
18.22925567626953
20.243072509765625
20.244956970214844
18.230712890625
18.230514526367188
---------- Evolution 16 ----------
18.236541748046875
18.22846221923828
20.244384765625
18.228256225585938
18.23480987548828
18.221824645996094
20.242698669433594
20.2449951171875
18.233169555664062
18.224746704101562
---------- Evolution 17 ----------
18.22803497314453
18.23387908935547
18.232406616210938
18.238204956054688
18.231178283691406
18.225433349609375
18.229087829589844
18.224464416503906
20.237884521484375
18.23480224609375
---------- Evolution 18 ----------
18.2308349609375
18.232940673828125
18.23077392578125
18.23357391357422
20.249496459960938
18.232398986816406
20.24433135986328
18.22710418701172
18.231369018554688
20.246681213378906
---------- Evolution 19 ----------
18.227272033691406
18.229949951171875
20.248023986816406
18.230545043945312
18.22606658935547
18.23139190673828
20.256423950195312
18.23249053955078
20.241233825683594
18.234779357910156
---------- Evolution 20 ----------
18.216651916503906
18.228515625
18.229652404785156
18.23590850830078
18.218467712402344
18.23505401611328
18.223358154296875
18.22955322265625
20.24951171875
18.23358917236328
