---------- Evolution 1 ----------
40.68608856201172
40.701560974121094
40.69212341308594
40.702186584472656
40.69990539550781
40.69793701171875
40.68412780761719
40.70612335205078
40.69744873046875
40.70525360107422
---------- Evolution 2 ----------
42.68366241455078
42.684539794921875
42.684814453125
42.69226837158203
42.689247131347656
42.681488037109375
42.680633544921875
42.686676025390625
42.688316345214844
42.682861328125
---------- Evolution 3 ----------
42.68846130371094
42.68292999267578
42.69273376464844
42.681739807128906
42.68815612792969
42.68194580078125
42.67316436767578
42.691123962402344
42.67925262451172
42.68077850341797
---------- Evolution 4 ----------
42.69170379638672
42.67479705810547
42.68669891357422
42.682594299316406
42.685813903808594
42.68580627441406
42.69139862060547
42.691375732421875
42.68525695800781
42.68859100341797
---------- Evolution 5 ----------
42.69294738769531
42.68525695800781
42.68766784667969
42.689231872558594
42.676536560058594
42.68755340576172
42.68794250488281
42.684783935546875
42.69371795654297
42.684356689453125
---------- Evolution 6 ----------
40.690086364746094
40.70891571044922
40.690185546875
40.68896484375
40.688026428222656
40.69752502441406
40.695945739746094
40.703712463378906
40.69446563720703
40.704917907714844
---------- Evolution 7 ----------
40.67810821533203
40.68125915527344
40.69047546386719
40.68251037597656
40.68400573730469
40.690521240234375
40.693206787109375
40.687957763671875
40.68897247314453
40.693397521972656
---------- Evolution 8 ----------
40.685218811035156
40.68437957763672
40.68916320800781
40.70124816894531
40.705543518066406
40.70610046386719
40.6756591796875
40.67573547363281
40.70703125
40.680885314941406
---------- Evolution 9 ----------
40.68511962890625
40.68120574951172
40.69268035888672
40.688636779785156
40.684608459472656
40.69189453125
40.686180114746094
40.68168640136719
40.68524169921875
40.68927764892578
---------- Evolution 10 ----------
40.68867492675781
40.682701110839844
40.68389129638672
40.69013214111328
40.6947021484375
40.69197082519531
40.69037628173828
40.68894958496094
40.681884765625
40.69630432128906
---------- Evolution 11 ----------
40.683807373046875
40.68846893310547
40.702545166015625
40.69849395751953
40.703582763671875
40.702491760253906
40.69245147705078
40.69281005859375
40.69585418701172
40.69226837158203
---------- Evolution 12 ----------
40.682464599609375
40.695457458496094
40.68669128417969
40.688446044921875
40.691062927246094
40.69715881347656
40.688636779785156
40.7042236328125
40.684295654296875
40.68113708496094
---------- Evolution 13 ----------
40.68180847167969
40.68626403808594
40.685585021972656
40.68829345703125
40.681495666503906
40.68414306640625
40.68872833251953
40.69207763671875
40.69066619873047
40.686119079589844
---------- Evolution 14 ----------
40.69146728515625
40.69746398925781
40.690635681152344
40.68321228027344
40.701820373535156
40.694618225097656
40.68571472167969
40.68419647216797
40.683013916015625
40.695396423339844
---------- Evolution 15 ----------
40.696800231933594
40.687469482421875
40.68914031982422
40.68943786621094
40.684181213378906
40.691856384277344
40.68449401855469
40.692657470703125
40.68706512451172
40.689903259277344
---------- Evolution 16 ----------
40.69493865966797
40.69097137451172
40.687416076660156
40.68928527832031
40.682151794433594
40.694580078125
40.69188690185547
40.681678771972656
40.69154357910156
40.681617736816406
---------- Evolution 17 ----------
40.691802978515625
40.68894958496094
40.68281555175781
40.68170166015625
40.69270324707031
40.6846923828125
40.681976318359375
40.68836975097656
40.68904113769531
40.697120666503906
---------- Evolution 18 ----------
40.69280242919922
40.68595886230469
40.68085479736328
40.69029998779297
40.68711853027344
40.681884765625
40.6898193359375
40.69172668457031
40.693206787109375
40.687660217285156
---------- Evolution 19 ----------
40.686058044433594
40.688560485839844
40.691490173339844
40.696083068847656
40.69200134277344
40.685569763183594
40.68372344970703
40.68756103515625
40.68523406982422
40.690818786621094
---------- Evolution 20 ----------
40.6883544921875
40.68817901611328
40.68561553955078
40.68628692626953
40.676856994628906
40.692543029785156
40.685272216796875
40.69017028808594
40.68852233886719
40.6907958984375
