---------- Evolution 1 ----------
27.54595947265625
27.553977966308594
27.553970336914062
27.55303955078125
27.553009033203125
27.553977966308594
27.553977966308594
27.55303192138672
27.55303955078125
27.55303955078125
---------- Evolution 2 ----------
27.54529571533203
27.55303192138672
27.55303192138672
27.553985595703125
27.553985595703125
27.55303192138672
27.553985595703125
27.55303192138672
27.553985595703125
27.55303192138672
---------- Evolution 3 ----------
27.553016662597656
27.553970336914062
27.553970336914062
27.553970336914062
27.55303192138672
27.553970336914062
27.553970336914062
27.553970336914062
27.55303192138672
27.55303192138672
---------- Evolution 4 ----------
27.553016662597656
27.55304718017578
27.55304718017578
27.553985595703125
27.553985595703125
27.55298614501953
27.55304718017578
27.553016662597656
27.55304718017578
27.553985595703125
---------- Evolution 5 ----------
27.553024291992188
27.553985595703125
27.553985595703125
27.55304718017578
27.55304718017578
27.553985595703125
27.55304718017578
27.553985595703125
27.553985595703125
27.553977966308594
---------- Evolution 6 ----------
27.55394744873047
27.553985595703125
27.55303192138672
27.553985595703125
27.553985595703125
27.55303192138672
27.55303192138672
27.553985595703125
27.55304718017578
27.55303192138672
---------- Evolution 7 ----------
27.552993774414062
27.553970336914062
27.552993774414062
27.553970336914062
27.552993774414062
27.55303192138672
27.553970336914062
27.553970336914062
27.55303192138672
27.55304718017578
---------- Evolution 8 ----------
27.553009033203125
27.55304718017578
27.55304718017578
27.553001403808594
27.553970336914062
27.55304718017578
27.553970336914062
27.553970336914062
27.553970336914062
27.553985595703125
---------- Evolution 9 ----------
27.553009033203125
27.553985595703125
27.55304718017578
27.55304718017578
27.553985595703125
27.55304718017578
27.553985595703125
27.55304718017578
27.55304718017578
27.55304718017578
