---------- Evolution 1 ----------
28.67877960205078
28.68659210205078
28.68659210205078
28.68659210205078
28.68659210205078
28.68659210205078
28.68659210205078
28.68659210205078
28.68659210205078
28.68659210205078
---------- Evolution 2 ----------
28.67877960205078
28.68659210205078
28.68659210205078
28.68659210205078
28.68659210205078
28.67877960205078
28.68659210205078
28.68659210205078
28.68659210205078
28.68659210205078
---------- Evolution 3 ----------
28.67877960205078
28.68659210205078
28.68659210205078
28.68659210205078
28.68659210205078
28.68659210205078
28.68659210205078
28.68659210205078
28.68659210205078
28.68659210205078
---------- Evolution 4 ----------
28.67877960205078
28.68659210205078
28.67877960205078
28.68659210205078
28.68659210205078
28.68659210205078
28.68659210205078
28.68659210205078
28.68659210205078
28.67877960205078
---------- Evolution 5 ----------
28.67877960205078
28.68659210205078
28.67877960205078
28.67877960205078
28.68659210205078
28.68659210205078
28.67877960205078
28.68659210205078
28.67877960205078
28.67877960205078
---------- Evolution 6 ----------
28.67877960205078
28.68659210205078
28.68659210205078
28.68659210205078
28.68659210205078
28.68659210205078
28.68659210205078
28.67877960205078
28.68659210205078
28.68659210205078
---------- Evolution 7 ----------
28.67877960205078
28.68659210205078
28.68659210205078
28.67877960205078
28.68659210205078
28.68659210205078
28.68659210205078
28.68659210205078
28.68659210205078
28.68659210205078
---------- Evolution 8 ----------
28.68659210205078
28.68659210205078
28.67877960205078
28.67877960205078
28.67877960205078
28.68659210205078
28.67877960205078
28.67877960205078
28.68659210205078
28.68659210205078
---------- Evolution 9 ----------
28.68659210205078
28.67877960205078
28.68659210205078
28.67877960205078
28.67877960205078
28.67877960205078
28.67877960205078
28.68659210205078
28.68659210205078
28.67877960205078
---------- Evolution 10 ----------
28.67877960205078
28.68659210205078
28.67877960205078
28.68659210205078
28.68659210205078
28.68659210205078
28.67877960205078
28.68659210205078
28.67877960205078
28.67877960205078
---------- Evolution 11 ----------
28.67877960205078
28.67877960205078
28.68659210205078
28.68659210205078
28.68659210205078
28.68659210205078
28.67877960205078
28.67877960205078
28.68659210205078
28.67877960205078
---------- Evolution 12 ----------
28.68659210205078
28.67877960205078
28.67877960205078
28.68659210205078
28.68659210205078
28.67877960205078
28.67877960205078
28.67877960205078
28.67877960205078
28.67877960205078
