---------- Evolution 1 ----------
31.57000732421875
31.585411071777344
31.588394165039062
31.580581665039062
31.580581665039062
31.580581665039062
32.65733337402344
31.585411071777344
31.588394165039062
31.580581665039062
---------- Evolution 2 ----------
31.588584899902344
31.588394165039062
31.580581665039062
31.585411071777344
31.585426330566406
31.585411071777344
31.580581665039062
31.585411071777344
31.580581665039062
31.588394165039062
---------- Evolution 3 ----------
31.588584899902344
31.585411071777344
31.585411071777344
31.588394165039062
31.585411071777344
31.588394165039062
31.588394165039062
31.585411071777344
31.585411071777344
31.585411071777344
---------- Evolution 4 ----------
31.585426330566406
31.585411071777344
31.588394165039062
31.585411071777344
31.585411071777344
31.588394165039062
31.588394165039062
31.585411071777344
31.588394165039062
31.572769165039062
---------- Evolution 5 ----------
31.585426330566406
31.588394165039062
31.585411071777344
31.588394165039062
31.585426330566406
31.585411071777344
31.572769165039062
31.585411071777344
31.585411071777344
31.585411071777344
---------- Evolution 6 ----------
31.585411071777344
31.588394165039062
31.588394165039062
31.588394165039062
31.5697021484375
31.572769165039062
31.572769165039062
31.588394165039062
31.585411071777344
31.588394165039062
---------- Evolution 7 ----------
31.588584899902344
31.585411071777344
31.565032958984375
31.585411071777344
31.585411071777344
31.585411071777344
31.588394165039062
32.65733337402344
31.561965942382812
31.585411071777344
---------- Evolution 8 ----------
31.585411071777344
31.588394165039062
31.56189727783203
31.585411071777344
31.585411071777344
31.585411071777344
31.588394165039062
31.585411071777344
31.56189727783203
31.585411071777344
---------- Evolution 9 ----------
31.588394165039062
31.588394165039062
31.565078735351562
31.585411071777344
31.588394165039062
31.585411071777344
31.588394165039062
31.585411071777344
31.585411071777344
32.65733337402344
