---------- Evolution 1 ----------
34.61443328857422
34.61443328857422
34.61443328857422
34.61443328857422
34.61443328857422
34.61443328857422
34.61443328857422
34.61443328857422
34.61443328857422
34.61443328857422
---------- Evolution 2 ----------
34.60674285888672
34.60674285888672
34.60674285888672
34.60674285888672
34.60674285888672
34.60674285888672
34.60674285888672
34.60674285888672
34.60674285888672
34.60674285888672
---------- Evolution 3 ----------
34.60664367675781
34.60664367675781
34.60664367675781
34.60664367675781
34.60664367675781
34.60664367675781
34.60664367675781
34.60664367675781
34.60664367675781
34.60664367675781
---------- Evolution 4 ----------
34.591156005859375
34.60674285888672
34.60674285888672
34.60674285888672
34.60674285888672
34.60674285888672
34.60674285888672
34.60674285888672
34.60674285888672
34.60674285888672
---------- Evolution 5 ----------
34.60674285888672
34.60674285888672
34.60674285888672
34.60674285888672
34.60674285888672
34.60674285888672
34.60674285888672
34.60674285888672
34.60674285888672
34.60674285888672
---------- Evolution 6 ----------
34.61443328857422
34.61443328857422
34.61443328857422
34.61443328857422
34.61443328857422
34.637939453125
34.61443328857422
34.61443328857422
34.61443328857422
34.61443328857422
---------- Evolution 7 ----------
34.61443328857422
34.61443328857422
34.61443328857422
34.61443328857422
34.61443328857422
34.61443328857422
34.61443328857422
34.61443328857422
34.61443328857422
34.61443328857422
---------- Evolution 8 ----------
34.61443328857422
34.61443328857422
34.61443328857422
34.61443328857422
34.61443328857422
34.63787078857422
34.63787078857422
34.61443328857422
34.61443328857422
34.61443328857422
---------- Evolution 9 ----------
34.61443328857422
34.61443328857422
34.63787078857422
34.61443328857422
34.61443328857422
34.63787078857422
34.63787078857422
34.63787078857422
34.63787078857422
34.63787078857422
---------- Evolution 10 ----------
34.63787078857422
34.61443328857422
34.63787078857422
34.63787078857422
34.61443328857422
34.63787078857422
34.63787078857422
34.63787078857422
34.63787078857422
34.61443328857422
---------- Evolution 11 ----------
34.63787078857422
34.63787078857422
34.63787078857422
34.63787078857422
34.63787078857422
34.63787078857422
34.61443328857422
34.63787078857422
34.63787078857422
34.63787078857422
---------- Evolution 12 ----------
34.63787078857422
34.63787078857422
34.63787078857422
34.63787078857422
34.63787078857422
34.63787078857422
34.63787078857422
34.63787078857422
34.63787078857422
34.63787078857422
