---------- Evolution 1 ----------
27.545196533203125
27.537521362304688
27.53784942626953
27.537864685058594
27.537857055664062
27.537857055664062
27.53844451904297
27.537521362304688
27.537521362304688
27.53844451904297
---------- Evolution 2 ----------
27.545196533203125
27.537948608398438
27.538490295410156
27.53765106201172
27.537948608398438
27.53765869140625
27.538490295410156
27.537574768066406
27.537696838378906
27.537513732910156
---------- Evolution 3 ----------
27.545196533203125
27.53741455078125
27.537857055664062
27.53741455078125
27.537940979003906
27.537429809570312
27.537391662597656
27.537437438964844
27.53790283203125
27.537391662597656
---------- Evolution 4 ----------
27.545196533203125
27.537460327148438
27.537429809570312
27.537940979003906
27.53784942626953
27.53741455078125
27.53746795654297
27.53839111328125
27.53740692138672
27.53839111328125
---------- Evolution 5 ----------
27.54529571533203
27.53784942626953
27.53741455078125
27.53839111328125
27.537513732910156
27.537399291992188
27.53850555419922
27.537864685058594
27.537429809570312
27.53784942626953
---------- Evolution 6 ----------
27.53839111328125
27.53839874267578
27.53742218017578
27.53742218017578
27.53740692138672
27.537857055664062
27.537872314453125
27.53746795654297
27.537857055664062
27.537841796875
---------- Evolution 7 ----------
27.53839874267578
27.53784942626953
27.537872314453125
27.53784942626953
27.537452697753906
27.537841796875
27.537864685058594
27.53742218017578
27.537437438964844
27.53746795654297
---------- Evolution 8 ----------
27.53850555419922
27.537979125976562
27.537559509277344
27.537620544433594
27.537498474121094
27.53772735595703
27.537696838378906
27.53741455078125
27.537498474121094
27.537498474121094
---------- Evolution 9 ----------
27.53746795654297
27.537391662597656
27.537864685058594
27.537864685058594
27.537933349609375
27.53742218017578
27.537391662597656
27.537437438964844
27.537391662597656
27.537437438964844
