---------- Evolution 1 ----------
35.6953125
35.6953125
35.6953125
35.6953125
35.6953125
35.6953125
35.6953125
35.6953125
35.6953125
35.6953125
---------- Evolution 2 ----------
35.6953125
35.6953125
35.6953125
35.6953125
35.6953125
35.6953125
35.6953125
35.6953125
35.6953125
35.6953125
---------- Evolution 3 ----------
35.6953125
35.6953125
35.6953125
35.6953125
35.6953125
35.6953125
35.6953125
35.6953125
35.6953125
35.6953125
---------- Evolution 4 ----------
35.6953125
35.6953125
35.6953125
35.6953125
35.6953125
35.6953125
35.6953125
35.6953125
35.6953125
35.6953125
---------- Evolution 5 ----------
35.6953125
35.6953125
35.6953125
35.6953125
35.6953125
35.6953125
35.6953125
35.6953125
35.6953125
35.6953125
---------- Evolution 6 ----------
35.6953125
35.6953125
35.6953125
35.6953125
35.6953125
35.6953125
35.6953125
35.6953125
35.6953125
35.6953125
---------- Evolution 7 ----------
35.6953125
35.6953125
35.6953125
35.6953125
35.6953125
35.6953125
35.6953125
35.6953125
35.6953125
35.6953125
---------- Evolution 8 ----------
35.6953125
35.6953125
35.6953125
35.6953125
35.6953125
35.6953125
35.6953125
35.6953125
35.6953125
35.6953125
