---------- Evolution 1 ----------
28.67877960205078
28.67877960205078
28.67877960205078
28.67877960205078
28.67877960205078
28.686622619628906
28.67877960205078
28.686622619628906
28.67877960205078
28.686614990234375
---------- Evolution 2 ----------
28.67877960205078
28.67877960205078
28.67877960205078
28.67877960205078
28.67877960205078
28.686614990234375
28.686622619628906
28.67877960205078
28.686622619628906
28.67877960205078
---------- Evolution 3 ----------
28.67877960205078
28.67877960205078
28.67877960205078
28.686622619628906
28.686622619628906
28.67877960205078
28.686622619628906
28.67877960205078
28.67877960205078
28.67877960205078
---------- Evolution 4 ----------
28.663192749023438
28.67877960205078
28.68663787841797
28.67877960205078
28.68663787841797
28.67877960205078
28.68663787841797
28.68663787841797
28.67877960205078
28.68663787841797
---------- Evolution 5 ----------
28.663192749023438
28.67877960205078
28.67877960205078
28.67877960205078
28.68663787841797
28.67877960205078
28.68663787841797
28.67877960205078
28.68663787841797
28.67877960205078
---------- Evolution 6 ----------
28.663192749023438
28.67877960205078
28.67877960205078
28.67877960205078
28.67877960205078
28.686622619628906
28.686622619628906
28.67877960205078
28.686622619628906
28.686622619628906
---------- Evolution 7 ----------
28.663192749023438
28.67877960205078
28.686622619628906
28.67877960205078
28.686622619628906
28.686622619628906
28.67877960205078
28.67877960205078
28.67877960205078
28.67877960205078
---------- Evolution 8 ----------
28.67877960205078
28.67877960205078
28.68663787841797
28.67877960205078
28.68663787841797
28.67877960205078
28.67877960205078
28.68663787841797
28.67877960205078
28.67877960205078
---------- Evolution 9 ----------
28.67877960205078
28.686622619628906
28.67877960205078
28.67877960205078
28.686622619628906
28.67877960205078
28.67877960205078
28.67877960205078
28.686622619628906
28.67877960205078
---------- Evolution 10 ----------
28.67877960205078
28.67877960205078
28.67877960205078
28.68663787841797
28.67877960205078
28.67877960205078
28.686622619628906
28.67877960205078
28.68663787841797
28.686622619628906
---------- Evolution 11 ----------
28.67877960205078
28.67877960205078
28.67877960205078
28.67877960205078
28.68663787841797
28.67877960205078
28.68663787841797
28.67877960205078
28.67877960205078
28.67877960205078
---------- Evolution 12 ----------
28.67877960205078
28.67877960205078
28.67877960205078
28.67877960205078
28.686622619628906
28.686622619628906
28.67877960205078
28.67877960205078
28.67877960205078
28.686622619628906
