---------- Evolution 1 ----------
337.1996383666992
333.3411560058594
333.01593017578125
337.2631149291992
333.27452087402344
333.1241989135742
333.1212844848633
337.18640899658203
333.4151077270508
333.14324951171875
---------- Evolution 2 ----------
333.2007064819336
333.56809997558594
333.0899658203125
335.5570831298828
337.57591247558594
337.36951446533203
335.207763671875
333.0826187133789
333.41844940185547
333.13419342041016
---------- Evolution 3 ----------
337.00083923339844
333.0827331542969
335.5657196044922
333.5754852294922
335.35791778564453
337.487060546875
337.26180267333984
335.26361083984375
331.3800277709961
333.47147369384766
---------- Evolution 4 ----------
333.30652618408203
335.0850830078125
333.59952545166016
335.2478332519531
333.2955322265625
333.46614837646484
337.2664566040039
333.4135208129883
333.29551696777344
333.6509552001953
---------- Evolution 5 ----------
329.661865234375
335.012939453125
337.0304260253906
337.03173065185547
337.33349609375
335.76309967041016
335.19879150390625
331.17630767822266
333.5916976928711
337.48584747314453
---------- Evolution 6 ----------
333.2439651489258
337.12884521484375
337.10670471191406
333.33267974853516
333.33026123046875
333.6503219604492
333.29357147216797
333.34898376464844
333.06141662597656
332.93399810791016
---------- Evolution 7 ----------
336.84950256347656
329.21788024902344
335.6398162841797
332.9668884277344
337.0878372192383
333.08861541748047
333.3642044067383
336.98182678222656
333.5506057739258
337.1363983154297
---------- Evolution 8 ----------
329.901611328125
335.1212463378906
333.25486755371094
337.1847152709961
335.34903717041016
337.41329193115234
335.01527404785156
332.97591400146484
333.3595657348633
339.23567962646484
---------- Evolution 9 ----------
337.56249237060547
335.1461486816406
333.15465545654297
333.3380889892578
335.07532501220703
337.04335021972656
337.1095428466797
335.5003433227539
333.47847747802734
329.3071060180664
---------- Evolution 10 ----------
333.4340591430664
333.16539001464844
333.697265625
337.23216247558594
333.47093963623047
333.2846908569336
337.3501968383789
334.8834686279297
332.95658111572266
333.2649612426758
---------- Evolution 11 ----------
337.18431854248047
333.4079284667969
333.01512908935547
337.29437255859375
337.1861801147461
333.4208984375
339.089111328125
333.697265625
336.97938537597656
333.5256805419922
---------- Evolution 12 ----------
333.55120849609375
333.46192169189453
337.1458282470703
333.34232330322266
337.18558502197266
335.3419723510742
333.1243133544922
333.47855377197266
333.4050598144531
337.05765533447266
---------- Evolution 13 ----------
333.09205627441406
333.3065414428711
337.4396438598633
333.03929901123047
333.39298248291016
335.00350189208984
333.19898986816406
335.0979309082031
335.34234619140625
333.46561431884766
---------- Evolution 14 ----------
334.90602111816406
335.13545989990234
337.2439651489258
333.33290100097656
333.022705078125
333.5296936035156
337.08719635009766
333.33296966552734
333.16648864746094
333.4557647705078
---------- Evolution 15 ----------
337.29685974121094
337.4685592651367
335.2487030029297
333.22945404052734
333.48694610595703
333.4556579589844
336.94620513916016
337.2735595703125
333.2500686645508
333.59527587890625
---------- Evolution 16 ----------
333.3641891479492
333.36270904541016
332.9187698364258
337.3075256347656
333.2369384765625
335.56299591064453
333.13177490234375
335.2386245727539
337.2521438598633
333.5085220336914
---------- Evolution 17 ----------
332.9872741699219
333.26727294921875
339.3458480834961
333.6370391845703
333.7651672363281
337.13543701171875
333.2871398925781
333.0681686401367
333.16028594970703
336.9937744140625
---------- Evolution 18 ----------
333.3408889770508
333.3938751220703
333.27986907958984
329.6719512939453
333.3256149291992
337.2779541015625
337.11180114746094
333.1626968383789
335.3814239501953
333.42645263671875
---------- Evolution 19 ----------
333.23458099365234
333.28692626953125
333.5962448120117
335.4473419189453
335.10941314697266
333.2425308227539
337.29222869873047
333.4606170654297
335.33384704589844
333.239990234375
---------- Evolution 20 ----------
333.44519805908203
333.4935607910156
337.41419219970703
335.59120178222656
333.4683837890625
339.4149932861328
337.17879486083984
335.1372833251953
337.37371826171875
333.0127868652344
