---------- Evolution 1 ----------
32.68659210205078
32.67877960205078
32.68659210205078
32.68659210205078
32.68659210205078
32.67877960205078
32.67877960205078
32.67877960205078
32.67877960205078
32.68659210205078
---------- Evolution 2 ----------
32.67877960205078
32.67877960205078
32.67877960205078
32.68659210205078
32.67877960205078
32.67877960205078
32.67877960205078
32.67877960205078
32.68659210205078
32.68659210205078
---------- Evolution 3 ----------
32.68659210205078
32.68659210205078
32.68659210205078
32.68659210205078
32.68659210205078
32.68659210205078
32.68659210205078
32.67877960205078
32.67877960205078
32.67877960205078
---------- Evolution 4 ----------
32.65729522705078
32.65729522705078
32.65729522705078
32.65729522705078
32.65729522705078
32.65729522705078
32.65729522705078
32.65729522705078
32.65729522705078
32.65729522705078
---------- Evolution 5 ----------
32.68659210205078
32.68659210205078
32.65729522705078
32.65729522705078
32.65729522705078
32.65729522705078
32.65729522705078
32.65729522705078
32.68659210205078
32.65729522705078
---------- Evolution 6 ----------
32.68659210205078
32.65729522705078
32.65729522705078
32.65729522705078
32.65729522705078
32.68659210205078
32.65729522705078
32.68659210205078
32.68659210205078
32.68659210205078
---------- Evolution 7 ----------
32.65729522705078
32.65729522705078
32.65729522705078
32.65729522705078
32.65729522705078
32.65729522705078
32.65729522705078
32.65729522705078
32.65729522705078
32.65729522705078
---------- Evolution 8 ----------
32.68659210205078
32.65729522705078
32.65729522705078
32.68659210205078
32.65729522705078
32.68659210205078
32.68659210205078
32.68659210205078
32.68659210205078
32.68659210205078
---------- Evolution 9 ----------
32.65729522705078
32.65729522705078
32.68659210205078
32.65729522705078
32.65729522705078
32.68659210205078
32.65729522705078
32.65729522705078
32.68659210205078
32.65729522705078
