---------- Evolution 1 ----------
27.55394744873047
27.53862762451172
27.53813934326172
27.53814697265625
27.538612365722656
27.53814697265625
27.538131713867188
27.5377197265625
27.53759765625
27.53844451904297
---------- Evolution 2 ----------
27.5538330078125
27.5377197265625
27.53813934326172
27.538429260253906
27.53748321533203
27.538131713867188
27.53839111328125
27.53821563720703
27.538490295410156
27.538131713867188
---------- Evolution 3 ----------
27.553001403808594
27.53839111328125
27.53839111328125
27.53826141357422
27.53826141357422
27.537506103515625
27.538490295410156
27.538375854492188
27.538368225097656
27.53826141357422
---------- Evolution 4 ----------
27.545204162597656
27.538490295410156
27.53838348388672
27.538490295410156
27.538619995117188
27.538368225097656
27.538368225097656
27.53839111328125
27.538162231445312
27.53838348388672
---------- Evolution 5 ----------
27.545204162597656
27.538375854492188
27.537498474121094
27.53838348388672
27.538253784179688
27.538375854492188
27.538253784179688
27.538375854492188
27.538253784179688
27.53839111328125
---------- Evolution 6 ----------
27.545188903808594
27.538497924804688
27.538375854492188
27.538619995117188
27.538375854492188
27.538246154785156
27.53839111328125
27.53839111328125
27.53862762451172
27.538375854492188
---------- Evolution 7 ----------
27.546119689941406
27.537582397460938
27.538246154785156
27.538368225097656
27.53826141357422
27.538368225097656
27.53839874267578
27.53850555419922
27.53850555419922
27.538406372070312
---------- Evolution 8 ----------
27.53862762451172
27.53746795654297
27.53850555419922
27.53838348388672
27.53839111328125
27.53838348388672
27.53838348388672
27.53839111328125
27.53838348388672
27.53838348388672
