---------- Evolution 1 ----------
16546
16691
16726
16812
16727
16782
16639
16686
16662
16636
---------- Evolution 2 ----------
16806
16616
16664
16726
16676
16584
16784
16753
16619
17007
---------- Evolution 3 ----------
16734
16791
16756
16604
18045
16833
16670
17081
16790
16734
---------- Evolution 4 ----------
16911
16684
16783
16893
16731
16816
16647
16761
16736
17069
---------- Evolution 5 ----------
16710
16908
16985
16674
16611
16773
16803
16821
16714
16976
---------- Evolution 6 ----------
16633
16585
16577
16716
16651
16716
16626
16674
16734
16728
---------- Evolution 7 ----------
16765
16622
17178
17185
16708
16730
16618
16775
16718
16914
---------- Evolution 8 ----------
16879
16795
16659
16774
16715
16600
16813
16726
16753
16722
---------- Evolution 9 ----------
17075
16688
16680
16692
16599
16589
16805
16701
16642
16751
---------- Evolution 10 ----------
16721
17021
16714
16660
16760
16726
16851
18007
16757
16752
---------- Evolution 11 ----------
16940
16773
16700
16553
16740
16653
16701
16636
16713
16686
---------- Evolution 12 ----------
16692
16668
16683
16679
16645
17134
16624
16575
16786
16691
---------- Evolution 13 ----------
16726
16834
16650
16726
16741
16780
16695
16684
16815
16661
---------- Evolution 14 ----------
16723
16751
16604
16713
16590
16803
16593
16868
16935
16726
---------- Evolution 15 ----------
16759
16838
16638
17144
16675
16762
16650
16654
16764
16903
---------- Evolution 16 ----------
16874
16657
16765
16708
16651
16718
16630
16651
16834
16867
---------- Evolution 17 ----------
16861
16724
16817
16948
16647
16664
16685
16642
16738
17161
---------- Evolution 18 ----------
16773
16769
16654
16743
16672
16732
16774
16721
16981
17114
---------- Evolution 19 ----------
17235
16781
16594
16932
16604
16834
16732
16694
16714
16802
---------- Evolution 20 ----------
16647
16603
16809
16917
16837
16657
16725
16658
16772
16805
