---------- Evolution 1 ----------
129806
130503
128766
128095
127921
127952
128574
129218
129571
128920
---------- Evolution 2 ----------
130552
130867
132480
131207
130842
131129
133051
132115
130698
130848
---------- Evolution 3 ----------
131944
131451
130938
130301
130711
131367
130686
132596
131846
132096
---------- Evolution 4 ----------
130180
131574
130701
132820
130900
132524
132110
130640
131384
130163
---------- Evolution 5 ----------
127285
129813
129180
129068
126957
127351
128333
127497
127555
128128
---------- Evolution 6 ----------
128284
128604
129193
126957
127220
128206
128292
127865
128042
129515
---------- Evolution 7 ----------
129230
129462
127770
126671
127504
129742
128113
128103
127038
127781
---------- Evolution 8 ----------
128345
128798
128499
127849
127780
129075
130034
128782
127745
126862
---------- Evolution 9 ----------
127583
127661
127424
127593
129610
127759
127862
127260
128043
128060
---------- Evolution 10 ----------
129537
127513
128373
127382
127980
126902
129047
127941
128727
133288
---------- Evolution 11 ----------
128305
126732
129484
129393
127596
127593
127713
129048
128548
127606
---------- Evolution 12 ----------
128179
127881
127446
127427
128122
127515
127467
128845
129216
127592
---------- Evolution 13 ----------
127853
129450
127065
128860
128504
127892
127451
128581
128822
126924
---------- Evolution 14 ----------
129770
129559
129246
129807
128662
128852
128070
127633
128111
127714
---------- Evolution 15 ----------
127772
127388
126870
127940
128287
127614
127686
128618
127575
127602
---------- Evolution 16 ----------
127833
128911
127469
128492
129570
128274
127677
128162
127875
129376
---------- Evolution 17 ----------
127764
129007
127937
129385
128481
127756
127994
129107
127952
127193
---------- Evolution 18 ----------
128130
128000
127731
127354
128125
128257
128945
128608
127459
126933
---------- Evolution 19 ----------
127548
127807
127398
127546
128182
128125
127158
129229
128711
127234
---------- Evolution 20 ----------
128104
128783
129041
129530
127424
128220
126922
127588
127801
129247
