---------- Evolution 1 ----------
27.546119689941406
27.5374755859375
27.537506103515625
27.537879943847656
27.537506103515625
27.537872314453125
27.537445068359375
27.538612365722656
27.537445068359375
27.5377197265625
---------- Evolution 2 ----------
27.545372009277344
27.53789520263672
27.53740692138672
27.537979125976562
27.53742218017578
27.53789520263672
27.537521362304688
27.537460327148438
27.537506103515625
27.537429809570312
---------- Evolution 3 ----------
27.54529571533203
27.537521362304688
27.53784942626953
27.537864685058594
27.537864685058594
27.538612365722656
27.537628173828125
27.53784942626953
27.5374755859375
27.537521362304688
---------- Evolution 4 ----------
27.545211791992188
27.53759765625
27.537879943847656
27.538497924804688
27.537879943847656
27.537857055664062
27.537857055664062
27.537681579589844
27.537879943847656
27.537521362304688
---------- Evolution 5 ----------
27.545211791992188
27.537551879882812
27.537857055664062
27.537857055664062
27.537521362304688
27.537521362304688
27.538619995117188
27.537521362304688
27.537521362304688
27.537857055664062
---------- Evolution 6 ----------
27.53850555419922
27.537879943847656
27.537521362304688
27.537513732910156
27.537681579589844
27.537879943847656
27.538490295410156
27.537521362304688
27.537864685058594
27.538612365722656
---------- Evolution 7 ----------
27.537704467773438
27.537643432617188
27.537841796875
27.537582397460938
27.537857055664062
27.53783416748047
27.537681579589844
27.537521362304688
27.538490295410156
27.537582397460938
---------- Evolution 8 ----------
27.53850555419922
27.537559509277344
27.537399291992188
27.537612915039062
27.53783416748047
27.537879943847656
27.537521362304688
27.537521362304688
27.537521362304688
27.538612365722656
---------- Evolution 9 ----------
27.53759765625
27.537521362304688
27.53784942626953
27.53784942626953
27.537460327148438
27.5377197265625
27.537643432617188
27.53784942626953
27.537841796875
27.537521362304688
