---------- Evolution 1 ----------
28.657310485839844
28.65728759765625
28.663192749023438
28.663192749023438
28.663192749023438
28.65728759765625
28.65728759765625
28.65728759765625
28.65728759765625
28.65728759765625
---------- Evolution 2 ----------
28.65729522705078
28.65728759765625
28.663192749023438
28.65728759765625
28.663192749023438
28.65752410888672
28.663192749023438
28.65728759765625
28.65728759765625
28.663192749023438
---------- Evolution 3 ----------
28.65728759765625
28.65752410888672
28.663192749023438
28.663192749023438
28.663192749023438
28.65752410888672
28.663192749023438
28.663192749023438
28.65752410888672
28.65752410888672
---------- Evolution 4 ----------
28.657302856445312
28.65752410888672
28.663192749023438
28.65728759765625
28.65728759765625
28.663192749023438
28.65728759765625
28.65728759765625
28.65728759765625
28.663192749023438
---------- Evolution 5 ----------
28.657302856445312
28.65728759765625
30.585906982421875
28.65728759765625
28.663192749023438
28.65752410888672
28.663192749023438
28.65752410888672
28.65728759765625
28.65729522705078
---------- Evolution 6 ----------
28.65740203857422
28.65728759765625
28.663192749023438
28.65728759765625
28.663192749023438
28.65728759765625
28.65728759765625
28.663192749023438
28.65728759765625
28.65728759765625
---------- Evolution 7 ----------
28.65752410888672
28.65728759765625
28.663192749023438
28.663192749023438
28.663192749023438
28.65728759765625
28.663192749023438
28.65729522705078
28.65752410888672
28.65752410888672
---------- Evolution 8 ----------
28.663192749023438
28.65728759765625
28.65728759765625
28.65728759765625
28.663192749023438
28.663192749023438
28.65728759765625
28.65728759765625
28.663192749023438
28.663192749023438
