---------- Evolution 1 ----------
18.236968994140625
18.227401733398438
18.233779907226562
18.22669219970703
18.22820281982422
18.231094360351562
18.223419189453125
18.22626495361328
18.232086181640625
20.24359130859375
---------- Evolution 2 ----------
18.237472534179688
20.257232666015625
18.231185913085938
18.230178833007812
18.226295471191406
18.22589111328125
20.25237274169922
20.236434936523438
18.226730346679688
18.226638793945312
---------- Evolution 3 ----------
18.233680725097656
20.23601531982422
18.22509002685547
18.23150634765625
18.227813720703125
18.22467041015625
20.246795654296875
18.22357940673828
18.228836059570312
20.241851806640625
---------- Evolution 4 ----------
18.237228393554688
18.229515075683594
18.236419677734375
18.227386474609375
18.22955322265625
18.232696533203125
18.218597412109375
18.22753143310547
18.22692108154297
20.24437713623047
---------- Evolution 5 ----------
18.23394775390625
20.243370056152344
20.249481201171875
18.228599548339844
18.23065185546875
18.236572265625
18.2318115234375
20.245521545410156
18.228607177734375
20.246658325195312
---------- Evolution 6 ----------
18.232032775878906
18.229232788085938
18.232757568359375
20.229469299316406
18.234359741210938
18.229385375976562
18.235626220703125
18.22394561767578
18.225303649902344
20.22742462158203
---------- Evolution 7 ----------
18.227828979492188
18.224624633789062
18.23394012451172
18.23059844970703
18.229942321777344
18.223731994628906
18.224777221679688
18.22565460205078
18.22802734375
20.23418426513672
---------- Evolution 8 ----------
18.236953735351562
18.227981567382812
18.225204467773438
18.23369598388672
18.230690002441406
18.22650909423828
18.233108520507812
18.236900329589844
18.22614288330078
18.231788635253906
---------- Evolution 9 ----------
20.243820190429688
18.220542907714844
18.229843139648438
18.22473907470703
20.240524291992188
20.250328063964844
20.243431091308594
18.232017517089844
20.248626708984375
18.225250244140625
---------- Evolution 10 ----------
18.24005126953125
18.23535919189453
20.243453979492188
18.226974487304688
18.227867126464844
18.231544494628906
18.225250244140625
18.232887268066406
18.224952697753906
18.226966857910156
---------- Evolution 11 ----------
18.23407745361328
18.23260498046875
20.245445251464844
20.24909210205078
18.22552490234375
18.226837158203125
18.229568481445312
18.219932556152344
18.22966766357422
18.231048583984375
---------- Evolution 12 ----------
20.244216918945312
18.23242950439453
18.2264404296875
20.242042541503906
18.22429656982422
20.242698669433594
20.252456665039062
18.22911834716797
20.240638732910156
18.229446411132812
---------- Evolution 13 ----------
18.223854064941406
18.226959228515625
18.231704711914062
20.237472534179688
18.231033325195312
18.228797912597656
18.22985076904297
20.231117248535156
20.253868103027344
18.226882934570312
---------- Evolution 14 ----------
20.243789672851562
18.226417541503906
18.22606658935547
18.226905822753906
18.23223114013672
18.22917938232422
18.232101440429688
18.22425079345703
20.242843627929688
18.23760223388672
---------- Evolution 15 ----------
18.226654052734375
18.23455810546875
20.23847198486328
18.227073669433594
18.235374450683594
18.230987548828125
18.228851318359375
18.232742309570312
18.226150512695312
20.245330810546875
---------- Evolution 16 ----------
18.229202270507812
18.2369384765625
18.228103637695312
18.2271728515625
20.239906311035156
18.226837158203125
20.23139190673828
18.231605529785156
18.22351837158203
18.228179931640625
---------- Evolution 17 ----------
18.23187255859375
18.229454040527344
18.227615356445312
18.22699737548828
18.22997283935547
18.235618591308594
20.245384216308594
18.22327423095703
18.234161376953125
18.225669860839844
---------- Evolution 18 ----------
18.23046875
18.222923278808594
18.229034423828125
20.24395751953125
18.230087280273438
18.226844787597656
18.228744506835938
18.22919464111328
18.22716522216797
18.222930908203125
---------- Evolution 19 ----------
20.237464904785156
18.222183227539062
18.22588348388672
18.232192993164062
18.22600555419922
18.235374450683594
18.236488342285156
18.228858947753906
18.22333526611328
18.22673797607422
---------- Evolution 20 ----------
20.23688507080078
20.254974365234375
20.251113891601562
18.23572540283203
18.22661590576172
18.227027893066406
20.246261596679688
18.230178833007812
18.233306884765625
18.22552490234375
