---------- Evolution 1 ----------
40.693145751953125
40.70184326171875
40.701904296875
40.70098876953125
40.700439453125
40.694969177246094
40.7078857421875
40.70115661621094
40.700889587402344
40.70427703857422
---------- Evolution 2 ----------
40.690025329589844
40.68695831298828
40.691551208496094
40.68798828125
40.687408447265625
40.681556701660156
40.69328308105469
40.689002990722656
40.690032958984375
40.68983459472656
---------- Evolution 3 ----------
40.69572448730469
40.68995666503906
40.69142150878906
40.69200134277344
40.68988037109375
40.68730926513672
40.6851806640625
40.68644714355469
40.69300079345703
40.68792724609375
---------- Evolution 4 ----------
40.68809509277344
40.69209289550781
40.6888427734375
40.68293762207031
40.690826416015625
40.68706512451172
40.68736267089844
40.68397521972656
40.69182586669922
40.689414978027344
---------- Evolution 5 ----------
40.69622039794922
40.68568420410156
40.69243621826172
40.686378479003906
40.691123962402344
40.680442810058594
40.688690185546875
40.685211181640625
40.69329071044922
40.683143615722656
---------- Evolution 6 ----------
40.695152282714844
40.695457458496094
40.68572998046875
40.683837890625
40.69391632080078
40.679954528808594
40.690643310546875
40.69304656982422
40.67915344238281
40.683685302734375
---------- Evolution 7 ----------
40.690895080566406
40.68434143066406
40.69249725341797
40.68952941894531
40.68647766113281
40.67718505859375
40.68415069580078
40.689048767089844
40.68556213378906
40.68650817871094
---------- Evolution 8 ----------
40.69293975830078
40.683876037597656
40.683349609375
40.685890197753906
40.694183349609375
40.68585968017578
40.68804931640625
40.686119079589844
40.6865234375
40.68218994140625
---------- Evolution 9 ----------
40.68977355957031
40.68585205078125
40.68696594238281
40.683494567871094
40.69324493408203
40.68498992919922
40.691246032714844
40.69035339355469
40.6939697265625
40.68994903564453
---------- Evolution 10 ----------
40.684730529785156
40.673561096191406
40.68714904785156
40.68218994140625
40.689598083496094
40.69355010986328
40.686439514160156
40.68022918701172
40.69379425048828
40.69037628173828
---------- Evolution 11 ----------
40.692604064941406
40.684654235839844
40.685577392578125
40.681304931640625
40.69451141357422
40.688621520996094
40.68909454345703
40.69041442871094
40.683494567871094
40.69395446777344
---------- Evolution 12 ----------
40.686492919921875
40.693023681640625
40.68183898925781
40.68736267089844
40.68793487548828
40.68986511230469
40.68357849121094
40.6939697265625
40.68157196044922
40.69402313232422
---------- Evolution 13 ----------
40.687286376953125
40.688873291015625
40.695594787597656
40.68769073486328
40.69093322753906
40.687522888183594
40.68647766113281
40.686485290527344
40.67974090576172
40.68291473388672
---------- Evolution 14 ----------
40.68763732910156
40.69429016113281
40.68162536621094
40.688804626464844
40.692161560058594
40.68824005126953
40.68962097167969
40.683502197265625
40.69366455078125
40.691650390625
---------- Evolution 15 ----------
40.68834686279297
40.68572235107422
40.68952941894531
40.68518829345703
40.68791198730469
40.68855285644531
40.69103240966797
40.696372985839844
40.69044494628906
40.69496154785156
---------- Evolution 16 ----------
40.689735412597656
40.68645477294922
40.689491271972656
40.69251251220703
40.69029998779297
40.68437957763672
40.68153381347656
40.69416046142578
40.68950653076172
40.68390655517578
---------- Evolution 17 ----------
40.68919372558594
40.68352508544922
40.683441162109375
40.681549072265625
40.68500518798828
40.678001403808594
40.687896728515625
40.69243621826172
40.69066619873047
40.68586730957031
---------- Evolution 18 ----------
40.69679260253906
40.692535400390625
40.68500518798828
40.698692321777344
40.68809509277344
40.69268798828125
40.68175506591797
40.69684600830078
40.690460205078125
40.68806457519531
---------- Evolution 19 ----------
40.69331359863281
40.689292907714844
40.68742370605469
40.69402313232422
40.680152893066406
40.689910888671875
40.68335723876953
40.68998718261719
40.69402313232422
40.687744140625
---------- Evolution 20 ----------
40.69023895263672
40.6837158203125
40.687461853027344
40.68492126464844
40.692169189453125
40.684349060058594
40.692543029785156
40.68949890136719
40.69453430175781
40.688743591308594
