---------- Evolution 1 ----------
335.4040985107422
333.39551544189453
335.00941467285156
333.4519958496094
333.34464263916016
333.24900817871094
335.3807601928711
335.2395553588867
337.1574401855469
337.29337310791016
---------- Evolution 2 ----------
335.0336380004883
337.306396484375
337.1776123046875
333.697265625
333.35645294189453
333.14515686035156
331.24063873291016
335.40464782714844
333.4639205932617
337.36267852783203
---------- Evolution 3 ----------
333.411376953125
333.3794860839844
333.1161346435547
333.2396240234375
333.0635681152344
333.17992401123047
337.25328826904297
333.5143127441406
335.5294876098633
333.2295684814453
---------- Evolution 4 ----------
336.9508819580078
333.06371307373047
333.63536071777344
335.3572235107422
333.3868637084961
333.3587875366211
337.33846282958984
336.91258239746094
332.9314651489258
337.3605194091797
---------- Evolution 5 ----------
335.55558013916016
336.9383773803711
335.2928009033203
333.0034484863281
333.425048828125
333.20201110839844
333.5329284667969
337.05098724365234
333.37593841552734
333.0952835083008
---------- Evolution 6 ----------
333.21492767333984
333.4507827758789
333.66461181640625
335.34202575683594
332.8340530395508
333.2432174682617
337.21920013427734
336.94512939453125
333.44043731689453
337.5335235595703
---------- Evolution 7 ----------
333.3396453857422
333.42281341552734
337.3329849243164
334.9307403564453
335.0274200439453
335.3063507080078
333.59217071533203
337.39131927490234
335.2992858886719
335.55419921875
---------- Evolution 8 ----------
337.4443130493164
331.2725830078125
333.4966354370117
335.24535369873047
333.0904846191406
337.1124725341797
335.2845916748047
337.0811462402344
333.2660598754883
333.6247253417969
---------- Evolution 9 ----------
333.5257797241211
333.32352447509766
333.2063522338867
337.36387634277344
333.3799057006836
333.3982238769531
333.16941833496094
335.04737854003906
333.55946350097656
333.5048828125
---------- Evolution 10 ----------
333.5476303100586
331.55625915527344
333.00787353515625
331.5343551635742
337.04698181152344
333.34081268310547
333.3656234741211
333.35462188720703
337.1780471801758
335.26637268066406
---------- Evolution 11 ----------
337.57894134521484
333.14801025390625
335.3672332763672
335.35498809814453
333.55450439453125
329.8333740234375
336.9338684082031
335.341064453125
333.19293212890625
333.3318176269531
---------- Evolution 12 ----------
333.1636657714844
335.45726013183594
331.48938751220703
335.1764144897461
333.12987518310547
333.17857360839844
333.45497131347656
335.46961212158203
335.2700958251953
335.0722427368164
---------- Evolution 13 ----------
333.3052520751953
333.2892150878906
335.1490020751953
333.13763427734375
335.20511627197266
335.38978576660156
335.33573150634766
336.9866027832031
333.468994140625
329.5553283691406
---------- Evolution 14 ----------
333.5019073486328
337.0664367675781
337.3092498779297
333.57730865478516
335.1425552368164
333.0110168457031
341.2724151611328
339.37229919433594
333.5871810913086
333.2854766845703
---------- Evolution 15 ----------
335.3006286621094
333.2361145019531
335.2374725341797
337.18680572509766
335.2091598510742
337.3195114135742
333.4125289916992
338.9786911010742
337.04210662841797
333.56453704833984
---------- Evolution 16 ----------
333.4411926269531
339.0982131958008
333.32437896728516
329.6529235839844
337.3462600708008
333.59063720703125
331.1458511352539
335.49969482421875
333.5719528198242
333.37828826904297
---------- Evolution 17 ----------
333.42913818359375
332.95211029052734
333.43738555908203
333.58087158203125
337.3459167480469
329.2373809814453
333.2482376098633
333.19014739990234
339.23770904541016
333.0322723388672
---------- Evolution 18 ----------
333.55423736572266
337.21912384033203
335.19766998291016
331.5373229980469
335.4015808105469
333.212646484375
337.1497497558594
333.2528762817383
333.1485137939453
335.2271423339844
---------- Evolution 19 ----------
333.33172607421875
335.12872314453125
333.33605194091797
335.3669967651367
337.4279327392578
333.3718719482422
337.6209487915039
335.6953125
333.34940338134766
337.05187225341797
---------- Evolution 20 ----------
333.38673400878906
333.48248291015625
333.32466888427734
333.4928512573242
336.9659652709961
336.99060821533203
333.33516693115234
337.04930114746094
333.05274200439453
333.4086151123047
