---------- Evolution 1 ----------
273.12599182128906
273.31153869628906
269.8323516845703
271.3869323730469
273.36158752441406
273.6744384765625
273.14671325683594
273.58739471435547
271.8307189941406
277.36683654785156
---------- Evolution 2 ----------
271.3341598510742
269.36942291259766
269.3233413696289
269.4090881347656
271.32576751708984
267.3333969116211
267.24774169921875
267.2788314819336
271.2095718383789
273.2432403564453
---------- Evolution 3 ----------
271.42443084716797
267.5261993408203
269.2424087524414
269.697265625
269.54705810546875
271.2822265625
271.40856170654297
267.19364166259766
269.3625259399414
275.3449935913086
---------- Evolution 4 ----------
268.97998046875
271.11348724365234
267.7629623413086
265.6455383300781
271.03743743896484
273.1065902709961
267.66717529296875
270.93505096435547
271.1873092651367
267.27256774902344
---------- Evolution 5 ----------
270.9971694946289
265.697265625
270.88805389404297
267.76280975341797
269.57342529296875
269.21595764160156
267.76295471191406
269.115234375
271.6815719604492
269.48924255371094
---------- Evolution 6 ----------
267.43729400634766
271.34830474853516
269.4038391113281
267.5780334472656
271.14966583251953
267.43412017822266
267.6953125
269.2392272949219
268.92398834228516
267.83038330078125
---------- Evolution 7 ----------
271.1875762939453
269.27415466308594
267.292236328125
269.3489456176758
267.3284225463867
267.3130340576172
267.0003890991211
271.13353729248047
269.25634002685547
269.47386169433594
---------- Evolution 8 ----------
265.682373046875
273.3103561401367
269.40016174316406
268.92411041259766
269.53062438964844
269.38634490966797
271.16165924072266
270.9918670654297
270.9652557373047
269.6916198730469
---------- Evolution 9 ----------
271.4532012939453
269.4217529296875
269.69104766845703
267.3432159423828
269.90037536621094
269.40809631347656
268.9656448364258
267.20687103271484
271.3838348388672
269.31856536865234
---------- Evolution 10 ----------
267.57354736328125
269.2548828125
263.76297760009766
269.4085922241211
267.53087615966797
267.35939025878906
269.5608139038086
267.64952087402344
267.3209457397461
267.6953125
---------- Evolution 11 ----------
267.62039947509766
269.29437255859375
267.6829147338867
269.5667190551758
269.4762878417969
266.96317291259766
269.5939636230469
271.08070373535156
267.0597457885742
266.96797943115234
---------- Evolution 12 ----------
267.6539611816406
267.5644836425781
269.43041229248047
271.37135314941406
271.3072967529297
267.05835723876953
267.6953125
267.18572998046875
271.544189453125
271.4146423339844
---------- Evolution 13 ----------
267.5367660522461
265.697265625
267.6953125
265.43824005126953
269.64964294433594
267.46150970458984
267.6523895263672
271.2271728515625
269.31873321533203
267.33460998535156
---------- Evolution 14 ----------
269.48948669433594
269.0987319946289
267.53977966308594
266.9854965209961
269.61102294921875
267.7626953125
269.83251953125
268.9595184326172
271.5646286010742
267.0680160522461
---------- Evolution 15 ----------
269.50284576416016
265.60474395751953
269.57007598876953
269.1059265136719
267.6953125
267.65010833740234
269.52623748779297
269.3623809814453
265.4927215576172
265.7649688720703
---------- Evolution 16 ----------
271.26780700683594
269.0472183227539
269.6775360107422
267.5403137207031
269.34434509277344
269.7648010253906
269.3931427001953
269.19960021972656
267.46595764160156
269.57645416259766
---------- Evolution 17 ----------
267.3932800292969
267.56201171875
273.20591735839844
267.25865173339844
269.43981170654297
269.4739761352539
267.31285095214844
269.4953079223633
267.1448516845703
267.76290130615234
---------- Evolution 18 ----------
269.42505645751953
273.15696716308594
267.2725830078125
271.1972122192383
271.3076858520508
267.66973876953125
269.3926086425781
265.6534881591797
269.1683578491211
273.2868881225586
---------- Evolution 19 ----------
267.3507537841797
271.0611343383789
271.0645065307617
263.9654235839844
267.2549819946289
271.20325469970703
269.15958404541016
269.83282470703125
263.57106018066406
269.2582092285156
---------- Evolution 20 ----------
267.76292419433594
267.60601806640625
267.5625686645508
267.32916259765625
267.5562438964844
269.3584442138672
267.6530990600586
271.34686279296875
267.5558395385742
267.24693298339844
