---------- Evolution 1 ----------
411.6953125
412.2001724243164
412.27843475341797
409.697265625
412.1374816894531
411.5866012573242
411.46307373046875
412.26878356933594
409.85508728027344
412.3573303222656
---------- Evolution 2 ----------
446.3595886230469
448.1851501464844
448.3601760864258
445.697265625
452.08929443359375
451.7743148803711
445.77623748779297
445.93296813964844
445.6513900756836
450.01263427734375
---------- Evolution 3 ----------
470.12364196777344
471.7742919921875
474.0910186767578
472.2156753540039
472.32568359375
472.24779510498047
470.2494812011719
465.77626037597656
467.9321594238281
467.9325942993164
---------- Evolution 4 ----------
474.35974884033203
476.2483825683594
468.1518249511719
473.93441009521484
469.93372344970703
469.5022888183594
470.2660827636719
471.62425231933594
467.6953125
470.1311569213867
---------- Evolution 5 ----------
511.68304443359375
516.2800903320312
511.7743835449219
516.3584060668945
513.697265625
511.6876907348633
516.3272705078125
511.6953125
514.2187271118164
516.2855987548828
---------- Evolution 6 ----------
508.24864959716797
507.884521484375
513.680534362793
509.697265625
513.6252212524414
505.98119354248047
512.2793960571289
511.48778533935547
513.9180679321289
509.697265625
---------- Evolution 7 ----------
483.5800552368164
488.0270538330078
488.2017288208008
485.6210479736328
490.1225280761719
488.1847839355469
484.2931137084961
488.32623291015625
483.6953125
487.6548385620117
---------- Evolution 8 ----------
485.6888732910156
485.96571350097656
479.93286895751953
483.77439880371094
477.697265625
481.9813995361328
485.586669921875
479.6953125
479.77447509765625
486.12451171875
---------- Evolution 9 ----------
487.8531799316406
479.85316467285156
490.2501220703125
483.5547790527344
487.5655059814453
485.8552703857422
488.4208755493164
488.2642364501953
485.5718002319336
485.65282440185547
---------- Evolution 10 ----------
492.6263885498047
492.3566589355469
488.2479019165039
491.7742919921875
492.2472610473633
492.1052780151367
489.77626037597656
492.0897903442383
492.1203155517578
491.5575866699219
---------- Evolution 11 ----------
489.54144287109375
488.6089859008789
492.16905212402344
488.1222229003906
492.21736907958984
496.20067596435547
491.6190948486328
491.9325256347656
487.93202209472656
494.32867431640625
---------- Evolution 12 ----------
487.85316467285156
494.32830810546875
488.09200286865234
487.6298522949219
487.55994415283203
490.17205810546875
491.6953125
492.3578567504883
489.7761688232422
493.5897674560547
---------- Evolution 13 ----------
491.55686950683594
490.32818603515625
491.6953125
487.6587829589844
490.2627410888672
491.6953125
489.697265625
491.6330795288086
490.328369140625
493.57167053222656
---------- Evolution 14 ----------
487.7744369506836
490.2959747314453
487.64060974121094
491.7743911743164
492.04180908203125
496.01202392578125
490.1544647216797
491.6422653198242
492.2470474243164
489.7762985229492
---------- Evolution 15 ----------
468.3598098754883
463.7743606567383
468.2479553222656
468.4379577636719
467.61407470703125
468.3428497314453
467.6953125
466.37606048583984
467.49861907958984
464.2633819580078
---------- Evolution 16 ----------
468.29530334472656
467.88463592529297
463.6896209716797
465.697265625
467.6953125
468.0583724975586
468.4855651855469
467.6953125
467.62752532958984
465.5353317260742
---------- Evolution 17 ----------
467.7744140625
470.20411682128906
470.34388732910156
467.68370819091797
467.6752395629883
467.7741470336914
472.0276336669922
466.2815628051758
465.67504119873047
468.16864013671875
---------- Evolution 18 ----------
468.04288482666016
470.09204864501953
470.6291809082031
469.66575622558594
472.18487548828125
469.57849884033203
469.65174865722656
469.5623474121094
465.4548645019531
465.8707733154297
---------- Evolution 19 ----------
469.93443298339844
467.6953125
469.7765121459961
467.9949264526367
470.28028106689453
469.5714797973633
466.012939453125
467.85321044921875
463.5072021484375
473.7762680053711
---------- Evolution 20 ----------
472.27955627441406
465.52376556396484
470.17169189453125
468.09093475341797
473.5486297607422
472.19889068603516
468.1527404785156
474.6779251098633
470.70572662353516
472.16859436035156
