---------- Evolution 1 ----------
22.254592895507812
22.245864868164062
20.24401092529297
20.248191833496094
22.25006103515625
22.24493408203125
22.251113891601562
22.24859619140625
22.244468688964844
20.239028930664062
---------- Evolution 2 ----------
20.255531311035156
20.24212646484375
20.248291015625
22.24437713623047
20.24364471435547
22.240615844726562
20.247581481933594
22.248184204101562
20.246726989746094
22.244552612304688
---------- Evolution 3 ----------
22.255569458007812
20.238853454589844
20.241806030273438
22.242965698242188
20.247840881347656
20.25006866455078
22.243263244628906
22.239303588867188
20.243858337402344
22.24126434326172
---------- Evolution 4 ----------
20.24365234375
22.23938751220703
20.24321746826172
20.244651794433594
20.237693786621094
20.248085021972656
20.247901916503906
20.24864959716797
20.245223999023438
20.242897033691406
---------- Evolution 5 ----------
22.252052307128906
20.24620819091797
20.24798583984375
20.24786376953125
20.24658966064453
22.238311767578125
20.23938751220703
20.240516662597656
20.24468231201172
20.247276306152344
---------- Evolution 6 ----------
20.252159118652344
20.248329162597656
22.245346069335938
20.2481689453125
22.24072265625
22.246047973632812
20.243263244628906
20.24175262451172
20.24073028564453
22.249542236328125
---------- Evolution 7 ----------
20.249542236328125
20.254112243652344
22.23973846435547
20.258033752441406
20.256103515625
22.241607666015625
20.241912841796875
22.237815856933594
22.24414825439453
20.236434936523438
---------- Evolution 8 ----------
20.251441955566406
22.237953186035156
22.247154235839844
22.244369506835938
20.24700164794922
20.240188598632812
22.245254516601562
20.242164611816406
20.2412109375
22.239234924316406
---------- Evolution 9 ----------
22.25212860107422
22.24054718017578
22.242713928222656
22.245933532714844
20.245521545410156
20.24036407470703
22.243919372558594
22.24334716796875
20.240020751953125
20.248130798339844
---------- Evolution 10 ----------
22.24840545654297
20.243362426757812
22.236793518066406
20.240371704101562
20.234230041503906
22.236671447753906
22.24120330810547
22.240135192871094
20.241561889648438
22.245399475097656
---------- Evolution 11 ----------
22.252685546875
22.244613647460938
22.24249267578125
20.255889892578125
22.24011993408203
22.24323272705078
20.264007568359375
22.244842529296875
22.245086669921875
20.261932373046875
---------- Evolution 12 ----------
20.25458526611328
20.250564575195312
22.24170684814453
22.24462127685547
20.255294799804688
22.24964141845703
22.241371154785156
22.242652893066406
20.24689483642578
22.250144958496094
---------- Evolution 13 ----------
22.25420379638672
22.24109649658203
22.247398376464844
22.23443603515625
22.243148803710938
22.245872497558594
22.24211883544922
22.24261474609375
22.240463256835938
22.238067626953125
---------- Evolution 14 ----------
22.249534606933594
22.246871948242188
22.242759704589844
20.2420654296875
22.241546630859375
20.24608612060547
22.23198699951172
22.240554809570312
22.236465454101562
22.245887756347656
---------- Evolution 15 ----------
22.250839233398438
20.264381408691406
22.238861083984375
22.242202758789062
22.24285125732422
20.24578094482422
20.26337432861328
20.25109100341797
22.24193572998047
20.260528564453125
---------- Evolution 16 ----------
22.248825073242188
22.242332458496094
22.24120330810547
22.23761749267578
22.244544982910156
20.24913787841797
22.25299835205078
22.25231170654297
22.247879028320312
22.244544982910156
---------- Evolution 17 ----------
22.242210388183594
22.242416381835938
22.236404418945312
22.24847412109375
22.24169158935547
20.248252868652344
22.246971130371094
22.243186950683594
22.242652893066406
22.252304077148438
---------- Evolution 18 ----------
22.24462890625
22.238739013671875
20.250518798828125
22.25023651123047
22.240509033203125
20.260276794433594
22.247718811035156
20.2640380859375
22.24774169921875
20.26172637939453
---------- Evolution 19 ----------
22.244667053222656
22.23731231689453
22.247146606445312
20.25402069091797
20.247108459472656
20.249473571777344
22.244483947753906
22.245452880859375
22.24291229248047
20.245277404785156
---------- Evolution 20 ----------
20.245628356933594
20.2537841796875
20.24419403076172
20.237335205078125
20.250030517578125
20.240501403808594
22.240455627441406
20.25025177001953
22.246688842773438
22.242141723632812
