---------- Evolution 1 ----------
27.545181274414062
27.538612365722656
27.53850555419922
27.53813934326172
27.53814697265625
27.538162231445312
27.538612365722656
27.53850555419922
27.538177490234375
27.5377197265625
---------- Evolution 2 ----------
27.545181274414062
27.53839874267578
27.538162231445312
27.53839874267578
27.53746795654297
27.53862762451172
27.538162231445312
27.53839874267578
27.53862762451172
27.53814697265625
---------- Evolution 3 ----------
27.545181274414062
27.538375854492188
27.53862762451172
27.538169860839844
27.538131713867188
27.538612365722656
27.538169860839844
27.53814697265625
27.538131713867188
27.538490295410156
---------- Evolution 4 ----------
27.553001403808594
27.538131713867188
27.538612365722656
27.538619995117188
27.538131713867188
27.538131713867188
27.53754425048828
27.538368225097656
27.53814697265625
27.538368225097656
---------- Evolution 5 ----------
27.545265197753906
27.538177490234375
27.53813934326172
27.53815460205078
27.53813934326172
27.537490844726562
27.53813934326172
27.53814697265625
27.538177490234375
27.53862762451172
---------- Evolution 6 ----------
27.54613494873047
27.53815460205078
27.53862762451172
27.53862762451172
27.53815460205078
27.53813934326172
27.53815460205078
27.53844451904297
27.53813934326172
27.53862762451172
---------- Evolution 7 ----------
27.545265197753906
27.538612365722656
27.53814697265625
27.538162231445312
27.538375854492188
27.538429260253906
27.538162231445312
27.538612365722656
27.538612365722656
27.538612365722656
---------- Evolution 8 ----------
27.538429260253906
27.53839111328125
27.538612365722656
27.53814697265625
27.538612365722656
27.53814697265625
27.53814697265625
27.53862762451172
27.53839111328125
27.538429260253906
