---------- Evolution 1 ----------
27.552978515625
27.55345916748047
27.55303192138672
27.55303192138672
27.553024291992188
27.55303192138672
27.55345916748047
27.55303192138672
27.55345916748047
27.55345916748047
---------- Evolution 2 ----------
27.55297088623047
27.553024291992188
27.553016662597656
27.553466796875
27.553466796875
27.553466796875
27.553024291992188
27.553024291992188
27.553466796875
27.553024291992188
---------- Evolution 3 ----------
27.55298614501953
27.55303192138672
27.55303192138672
27.55345916748047
27.553024291992188
27.55303192138672
27.55345916748047
27.55345916748047
27.55345916748047
27.55303192138672
---------- Evolution 4 ----------
27.55298614501953
27.55345916748047
27.55345916748047
27.55303192138672
27.55345916748047
27.55345916748047
27.55303192138672
27.553016662597656
27.55303192138672
27.55345916748047
---------- Evolution 5 ----------
27.553016662597656
27.553024291992188
27.553024291992188
27.553466796875
27.553024291992188
27.553466796875
27.553024291992188
27.553466796875
27.553466796875
27.553466796875
---------- Evolution 6 ----------
27.553070068359375
27.55303192138672
27.55345916748047
27.55303192138672
27.55345916748047
27.55345916748047
27.55303192138672
27.55345916748047
27.55303192138672
27.55303192138672
---------- Evolution 7 ----------
27.55345916748047
27.55345916748047
27.55303192138672
27.55303192138672
27.55303192138672
27.55345916748047
27.55345916748047
27.55345916748047
27.55345916748047
27.55345916748047
---------- Evolution 8 ----------
27.553016662597656
27.553466796875
27.553024291992188
27.553115844726562
27.553466796875
27.55297088623047
27.553016662597656
27.553466796875
27.55303955078125
27.553466796875
