---------- Evolution 1 ----------
34.61443328857422
34.61443328857422
34.61443328857422
34.61443328857422
34.61443328857422
34.61443328857422
34.61443328857422
34.61443328857422
34.61443328857422
34.61443328857422
---------- Evolution 2 ----------
34.606658935546875
34.606658935546875
34.606658935546875
34.606658935546875
34.606658935546875
34.606658935546875
34.606658935546875
34.606658935546875
34.606658935546875
34.606658935546875
---------- Evolution 3 ----------
34.60668182373047
34.60668182373047
34.60668182373047
34.60668182373047
34.60668182373047
34.60668182373047
34.60668182373047
34.60668182373047
34.60668182373047
34.60668182373047
---------- Evolution 4 ----------
34.614540100097656
34.62226867675781
34.614532470703125
34.614540100097656
34.614532470703125
34.62226867675781
34.614540100097656
34.614532470703125
34.614532470703125
34.614532470703125
---------- Evolution 5 ----------
34.61469268798828
34.614707946777344
34.614707946777344
34.61470031738281
34.63005828857422
34.614707946777344
34.60686492919922
34.61470031738281
34.61469268798828
34.61469268798828
---------- Evolution 6 ----------
34.63005828857422
34.61457824707031
34.63005828857422
33.6544189453125
34.61457824707031
34.61457061767578
34.61457824707031
34.61457824707031
34.61457061767578
34.614585876464844
---------- Evolution 7 ----------
34.60686492919922
34.60686492919922
34.60686492919922
34.60686492919922
34.63005828857422
34.60686492919922
34.60686492919922
34.60686492919922
34.60686492919922
34.60686492919922
---------- Evolution 8 ----------
34.63005828857422
34.63005828857422
34.60674285888672
34.60674285888672
34.60668182373047
34.60674285888672
34.60674285888672
34.60674285888672
34.60674285888672
34.60674285888672
---------- Evolution 9 ----------
34.63005828857422
34.60663604736328
34.60663604736328
34.60663604736328
34.60663604736328
34.60663604736328
34.63005828857422
34.60663604736328
34.63005828857422
34.63005828857422
---------- Evolution 10 ----------
34.63005828857422
34.60674285888672
34.60674285888672
34.60674285888672
34.63005828857422
34.60674285888672
34.60674285888672
34.60674285888672
34.63005828857422
34.60674285888672
---------- Evolution 11 ----------
34.614707946777344
34.61470031738281
34.61469268798828
34.614707946777344
34.61469268798828
34.614707946777344
34.585609436035156
34.614707946777344
34.61470031738281
34.61469268798828
---------- Evolution 12 ----------
34.61443328857422
34.61443328857422
34.63787078857422
34.61443328857422
34.61443328857422
34.63787078857422
34.61443328857422
34.61443328857422
34.63787078857422
34.61443328857422
