---------- Evolution 1 ----------
31.585411071777344
31.585411071777344
31.585411071777344
31.5775146484375
31.585411071777344
31.585411071777344
31.588394165039062
31.588394165039062
31.588394165039062
31.588394165039062
---------- Evolution 2 ----------
31.585411071777344
31.588394165039062
31.588394165039062
31.580581665039062
31.588394165039062
31.588394165039062
31.585411071777344
31.585411071777344
31.580581665039062
31.588394165039062
---------- Evolution 3 ----------
31.585411071777344
31.585411071777344
31.5697021484375
31.585411071777344
31.588394165039062
31.572769165039062
31.585411071777344
31.588394165039062
31.585411071777344
31.585411071777344
---------- Evolution 4 ----------
31.585411071777344
31.5697021484375
31.585411071777344
31.588394165039062
31.585411071777344
31.588394165039062
31.572769165039062
31.585411071777344
31.588394165039062
31.585411071777344
---------- Evolution 5 ----------
31.588394165039062
31.5697021484375
31.585411071777344
31.588394165039062
31.588394165039062
31.588394165039062
31.588394165039062
31.585411071777344
31.588394165039062
31.585411071777344
---------- Evolution 6 ----------
31.588394165039062
31.585411071777344
31.587356567382812
31.585411071777344
31.585411071777344
31.585411071777344
31.585411071777344
31.585411071777344
31.588394165039062
31.588394165039062
---------- Evolution 7 ----------
31.585411071777344
31.580581665039062
31.585411071777344
31.580581665039062
31.585411071777344
31.587356567382812
31.580581665039062
31.588394165039062
31.588394165039062
31.585411071777344
---------- Evolution 8 ----------
31.585411071777344
31.588394165039062
31.585411071777344
31.585411071777344
31.587356567382812
31.585411071777344
31.564987182617188
31.561920166015625
31.588394165039062
31.588394165039062
---------- Evolution 9 ----------
31.588394165039062
31.585411071777344
31.588394165039062
31.585411071777344
31.588394165039062
31.585411071777344
31.588394165039062
31.588394165039062
31.585411071777344
31.55419158935547
