---------- Evolution 1 ----------
15599
15702
15726
15911
15786
16055
15740
16184
15750
15774
---------- Evolution 2 ----------
15549
15844
15965
15710
15800
15793
15753
15694
15795
15881
---------- Evolution 3 ----------
15855
15933
15743
15748
15745
15640
15773
15999
15808
15605
---------- Evolution 4 ----------
15765
15748
15701
15657
16014
15639
15642
15846
15761
15726
---------- Evolution 5 ----------
15483
15828
15761
15643
15610
15866
15800
15790
15671
15661
---------- Evolution 6 ----------
15800
15763
15856
15722
15768
15742
15797
16147
15808
16153
---------- Evolution 7 ----------
15805
15945
15914
15994
15801
15868
15759
15744
15783
15856
---------- Evolution 8 ----------
15718
15945
15765
15668
15940
15639
15916
15784
15875
15835
---------- Evolution 9 ----------
16015
15918
15723
15707
15754
15670
15854
15777
15742
15900
---------- Evolution 10 ----------
15826
15784
15864
15832
15878
15947
15764
15870
15894
15696
---------- Evolution 11 ----------
15777
15815
16101
15736
15868
15784
15698
15755
15836
15858
---------- Evolution 12 ----------
15837
16032
15857
15945
15836
16040
15778
17086
15696
15978
---------- Evolution 13 ----------
15803
15933
15802
16023
15797
15797
15845
15718
15804
15770
---------- Evolution 14 ----------
15896
15761
16125
15702
15780
15795
15751
15857
15731
16494
---------- Evolution 15 ----------
15817
15837
16164
15753
15880
15915
15916
15864
15809
16191
---------- Evolution 16 ----------
15848
15790
15757
16064
15830
15867
15833
16106
15870
15803
---------- Evolution 17 ----------
15804
15905
15875
16057
16099
15770
15810
15872
15994
15811
---------- Evolution 18 ----------
16012
15907
15756
15989
16071
15924
15849
15795
16087
15895
---------- Evolution 19 ----------
15884
15799
15833
15973
15983
16004
15844
15855
15823
15972
---------- Evolution 20 ----------
16106
15981
15853
16082
15978
15812
15853
15908
15947
15849
