---------- Evolution 1 ----------
349
373
361
411
434
393
415
418
424
413
---------- Evolution 2 ----------
347
380
370
387
397
428
414
400
424
413
---------- Evolution 3 ----------
350
398
398
401
411
454
417
397
414
561
---------- Evolution 4 ----------
370
386
369
408
417
454
435
418
432
406
---------- Evolution 5 ----------
358
404
381
451
421
423
421
427
434
406
---------- Evolution 6 ----------
365
378
397
489
420
410
437
456
411
434
---------- Evolution 7 ----------
402
380
374
463
424
454
413
454
430
428
---------- Evolution 8 ----------
384
396
383
439
431
429
446
435
483
460
---------- Evolution 9 ----------
386
399
419
429
443
444
451
433
454
459
---------- Evolution 10 ----------
383
407
435
436
478
434
456
451
445
449
---------- Evolution 11 ----------
399
397
441
443
473
476
464
463
536
441
---------- Evolution 12 ----------
384
432
468
449
596
459
477
476
434
469
---------- Evolution 13 ----------
385
417
477
473
444
455
450
471
457
487
---------- Evolution 14 ----------
461
416
507
469
474
495
496
491
455
496
---------- Evolution 15 ----------
417
545
466
633
501
686
499
624
472
466
---------- Evolution 16 ----------
421
438
490
443
491
432
513
460
510
494
---------- Evolution 17 ----------
429
441
522
503
505
473
515
530
497
496
---------- Evolution 18 ----------
436
447
491
499
542
475
497
501
528
533
---------- Evolution 19 ----------
446
420
505
492
517
492
526
518
480
495
---------- Evolution 20 ----------
459
423
516
511
518
499
498
524
522
532
