---------- Evolution 1 ----------
370
374
386
444
426
423
414
416
437
427
---------- Evolution 2 ----------
375
398
417
424
431
420
419
422
432
440
---------- Evolution 3 ----------
377
720
429
432
477
461
452
437
467
756
---------- Evolution 4 ----------
409
388
475
471
429
452
458
468
475
379
---------- Evolution 5 ----------
423
427
466
447
467
453
447
445
456
433
---------- Evolution 6 ----------
405
387
466
452
459
447
451
423
534
460
---------- Evolution 7 ----------
404
404
466
431
733
467
478
443
472
491
---------- Evolution 8 ----------
409
422
486
446
424
507
460
458
456
471
---------- Evolution 9 ----------
415
413
486
476
466
450
479
469
472
451
---------- Evolution 10 ----------
415
434
502
477
476
461
691
465
467
471
---------- Evolution 11 ----------
412
421
457
507
540
473
436
521
473
508
---------- Evolution 12 ----------
444
430
487
509
483
505
479
444
514
500
---------- Evolution 13 ----------
468
452
650
519
480
497
507
479
699
525
---------- Evolution 14 ----------
438
456
488
510
496
499
516
519
468
473
---------- Evolution 15 ----------
433
448
533
500
508
519
858
530
527
504
---------- Evolution 16 ----------
439
472
506
547
504
531
459
533
510
530
---------- Evolution 17 ----------
440
484
532
539
520
759
546
527
537
525
---------- Evolution 18 ----------
465
461
545
557
537
478
547
556
567
539
---------- Evolution 19 ----------
492
464
530
570
541
820
567
527
571
855
---------- Evolution 20 ----------
457
897
539
570
557
494
568
571
581
492
