---------- Evolution 1 ----------
129497
129871
129804
133716
128558
130996
128943
129912
129916
128819
---------- Evolution 2 ----------
127430
130575
128660
134660
128799
129236
129160
129234
129547
128937
---------- Evolution 3 ----------
128614
128787
127853
134190
129883
128228
129941
129060
130625
127655
---------- Evolution 4 ----------
127465
130560
128680
134140
128460
129427
128415
128555
128712
128523
---------- Evolution 5 ----------
129995
128727
128792
134455
127835
129289
128158
129173
128656
127905
---------- Evolution 6 ----------
128134
127901
129588
134700
128742
128850
127971
128475
128617
128882
---------- Evolution 7 ----------
129400
128470
128512
133186
130543
127821
127951
128717
130589
129584
---------- Evolution 8 ----------
128616
128851
129736
134010
128251
130206
130643
129503
128794
130014
---------- Evolution 9 ----------
127094
129580
128750
135640
129336
130560
130980
129145
129991
129276
---------- Evolution 10 ----------
128622
129557
129338
133086
129067
129734
130494
130124
129226
128466
---------- Evolution 11 ----------
130750
129239
130036
131707
129144
129708
128720
130105
128947
129523
---------- Evolution 12 ----------
130347
129018
129167
131716
128397
129645
129043
128127
128693
129192
---------- Evolution 13 ----------
128714
128010
128992
130910
129066
130425
128311
128125
128172
130274
---------- Evolution 14 ----------
129902
127703
127868
128845
129166
127536
129124
128474
129002
128290
---------- Evolution 15 ----------
128004
128782
130208
128956
128873
130184
128599
130172
128991
129470
---------- Evolution 16 ----------
130286
128106
128556
127731
129235
130658
127459
129345
131336
128784
---------- Evolution 17 ----------
129822
127687
131434
129115
129163
130143
128215
128595
128610
129121
---------- Evolution 18 ----------
129219
131090
130419
130649
130707
129993
128737
130227
129311
129231
---------- Evolution 19 ----------
128842
129877
130758
128739
129002
130030
129181
130483
129162
129235
---------- Evolution 20 ----------
128884
130091
132900
129083
128938
129046
129787
129885
129004
128688
