---------- Evolution 1 ----------
1045
1036
1205
1300
1187
1124
1214
1219
1230
1128
---------- Evolution 2 ----------
1080
1417
1179
1186
1457
1213
1200
1322
1188
1216
---------- Evolution 3 ----------
1256
1045
1437
1202
1136
1443
1190
1215
1193
1413
---------- Evolution 4 ----------
1096
1031
1153
1392
1204
1141
1402
1199
1184
1129
---------- Evolution 5 ----------
1068
1318
1167
1180
1184
1257
1167
1332
1512
1184
---------- Evolution 6 ----------
1061
1162
1296
1186
1269
1430
1179
1180
1146
1510
---------- Evolution 7 ----------
1065
1235
1220
1446
1213
1176
1391
1218
1247
1148
---------- Evolution 8 ----------
1070
1512
1219
1189
1481
1258
1215
1736
1413
1235
---------- Evolution 9 ----------
1102
1125
1207
1218
1154
1794
1217
1095
1189
1347
---------- Evolution 10 ----------
1089
1244
1232
1375
1212
1087
1719
1225
1229
1256
---------- Evolution 11 ----------
1156
1401
1248
1210
1484
1218
1114
1309
1401
1194
---------- Evolution 12 ----------
1099
1218
1249
1228
1189
1576
1213
1222
1213
1244
---------- Evolution 13 ----------
1271
1248
1225
1413
1231
1156
1256
1516
1243
1285
---------- Evolution 14 ----------
1110
1248
1235
1226
1552
1255
1245
1206
1526
1256
---------- Evolution 15 ----------
1123
1344
1521
1276
1171
1266
1359
1263
1265
1303
---------- Evolution 16 ----------
1440
1263
1187
1258
1290
1299
1466
1316
1258
1252
---------- Evolution 17 ----------
1081
1590
1266
1288
1268
1257
1335
1252
1283
1328
---------- Evolution 18 ----------
1136
1273
1690
1260
1263
1321
1254
1266
1280
1265
---------- Evolution 19 ----------
1139
1285
1159
1554
1265
1304
1349
1617
1273
1310
---------- Evolution 20 ----------
1089
1274
1327
1203
1529
1274
1281
1221
1575
1561
