---------- Evolution 1 ----------
380
411
443
444
411
452
456
443
401
656
---------- Evolution 2 ----------
397
700
468
500
437
477
438
455
453
411
---------- Evolution 3 ----------
388
382
723
430
454
441
454
452
443
447
---------- Evolution 4 ----------
391
391
419
443
464
468
633
478
466
457
---------- Evolution 5 ----------
387
441
470
447
458
464
416
490
456
442
---------- Evolution 6 ----------
390
407
453
454
511
476
456
461
451
464
---------- Evolution 7 ----------
400
432
489
459
457
455
463
463
493
475
---------- Evolution 8 ----------
403
414
477
480
465
449
695
509
478
491
---------- Evolution 9 ----------
416
427
481
501
479
460
458
473
482
495
---------- Evolution 10 ----------
416
421
477
698
486
480
500
495
498
490
---------- Evolution 11 ----------
417
432
470
448
481
494
494
464
455
471
---------- Evolution 12 ----------
460
418
525
504
487
486
485
497
494
761
---------- Evolution 13 ----------
446
427
511
512
548
505
519
516
493
478
---------- Evolution 14 ----------
442
448
647
512
526
522
494
528
498
487
---------- Evolution 15 ----------
721
465
531
723
510
507
515
547
509
528
---------- Evolution 16 ----------
453
437
522
487
754
529
513
551
720
493
---------- Evolution 17 ----------
467
448
506
522
470
545
548
515
483
585
---------- Evolution 18 ----------
482
446
522
536
526
539
565
536
540
564
---------- Evolution 19 ----------
475
497
553
579
556
544
550
549
574
731
---------- Evolution 20 ----------
493
547
600
837
556
536
540
823
552
504
