---------- Evolution 1 ----------
363
361
401
410
419
415
410
415
395
432
---------- Evolution 2 ----------
448
379
366
415
401
387
385
397
384
393
---------- Evolution 3 ----------
364
367
388
429
424
426
405
428
411
432
---------- Evolution 4 ----------
357
369
375
399
400
421
412
444
408
440
---------- Evolution 5 ----------
378
377
391
412
404
436
445
410
436
449
---------- Evolution 6 ----------
388
387
391
423
426
428
439
426
440
401
---------- Evolution 7 ----------
385
372
382
426
408
488
488
436
436
409
---------- Evolution 8 ----------
499
378
389
450
463
463
436
436
412
420
---------- Evolution 9 ----------
396
394
389
469
454
468
477
451
460
486
---------- Evolution 10 ----------
389
441
429
431
469
455
436
454
482
445
---------- Evolution 11 ----------
458
410
470
447
446
449
442
462
473
490
---------- Evolution 12 ----------
436
395
463
464
466
473
467
477
481
466
---------- Evolution 13 ----------
429
389
468
456
480
471
498
475
474
475
---------- Evolution 14 ----------
638
409
508
495
475
464
469
500
456
471
---------- Evolution 15 ----------
441
404
462
459
509
496
470
492
925
474
---------- Evolution 16 ----------
413
417
501
521
499
595
511
491
436
510
---------- Evolution 17 ----------
446
435
542
573
506
476
499
482
477
499
---------- Evolution 18 ----------
439
443
485
500
511
532
514
512
513
503
---------- Evolution 19 ----------
434
470
519
524
536
542
525
502
593
545
---------- Evolution 20 ----------
639
474
539
518
504
503
509
545
518
536
