---------- Evolution 1 ----------
431
480
403
428
483
513
466
489
476
467
---------- Evolution 2 ----------
417
413
421
458
480
486
456
471
479
466
---------- Evolution 3 ----------
417
441
413
476
516
544
467
471
477
801
---------- Evolution 4 ----------
426
451
425
479
483
478
490
478
533
443
---------- Evolution 5 ----------
477
423
434
832
492
488
485
485
488
480
---------- Evolution 6 ----------
440
436
438
463
494
810
490
484
473
497
---------- Evolution 7 ----------
439
427
460
459
503
711
502
718
498
490
---------- Evolution 8 ----------
436
436
491
483
518
432
538
484
513
780
---------- Evolution 9 ----------
444
449
515
497
506
510
513
508
518
448
---------- Evolution 10 ----------
446
453
486
965
541
535
522
519
507
519
---------- Evolution 11 ----------
444
442
572
447
554
811
518
513
522
550
---------- Evolution 12 ----------
449
446
533
498
540
487
512
794
563
536
---------- Evolution 13 ----------
481
469
538
515
547
517
540
496
516
561
---------- Evolution 14 ----------
488
748
535
539
535
526
548
558
550
559
---------- Evolution 15 ----------
492
479
598
519
549
553
575
567
556
550
---------- Evolution 16 ----------
475
471
530
546
572
821
595
628
555
548
---------- Evolution 17 ----------
495
499
570
565
573
514
534
818
582
584
---------- Evolution 18 ----------
507
499
587
552
574
556
574
507
591
596
---------- Evolution 19 ----------
498
795
563
569
591
576
560
563
606
598
---------- Evolution 20 ----------
489
512
835
561
585
584
589
589
615
568
