---------- Evolution 1 ----------
339
357
383
424
388
386
435
431
415
376
---------- Evolution 2 ----------
346
353
389
405
402
417
398
408
405
375
---------- Evolution 3 ----------
343
360
379
384
436
394
401
410
425
686
---------- Evolution 4 ----------
338
376
365
431
423
407
397
395
406
344
---------- Evolution 5 ----------
390
387
373
419
383
445
412
413
403
383
---------- Evolution 6 ----------
356
369
397
399
413
446
429
418
430
398
---------- Evolution 7 ----------
369
401
388
421
412
415
422
439
428
452
---------- Evolution 8 ----------
379
354
403
401
418
436
453
429
432
427
---------- Evolution 9 ----------
366
392
402
452
434
474
447
445
423
437
---------- Evolution 10 ----------
424
372
370
421
443
429
438
427
428
426
---------- Evolution 11 ----------
426
391
377
436
447
447
481
464
440
429
---------- Evolution 12 ----------
383
381
393
449
465
434
458
445
458
454
---------- Evolution 13 ----------
408
379
377
450
460
442
459
484
467
433
---------- Evolution 14 ----------
430
424
430
441
439
438
460
474
437
444
---------- Evolution 15 ----------
399
384
435
476
482
457
439
479
458
458
---------- Evolution 16 ----------
463
406
467
459
453
470
473
487
484
486
---------- Evolution 17 ----------
404
427
490
495
474
491
482
487
489
503
---------- Evolution 18 ----------
412
466
506
519
487
490
485
487
445
484
---------- Evolution 19 ----------
484
422
491
513
512
520
520
492
491
481
---------- Evolution 20 ----------
458
428
511
504
528
519
515
511
471
519
