---------- Evolution 1 ----------
438
456
456
491
691
478
472
459
459
695
---------- Evolution 2 ----------
395
446
481
485
422
484
444
453
472
412
---------- Evolution 3 ----------
421
405
469
454
430
443
479
689
455
464
---------- Evolution 4 ----------
396
412
452
466
457
456
479
722
471
457
---------- Evolution 5 ----------
424
559
446
485
509
496
455
411
484
459
---------- Evolution 6 ----------
414
433
473
518
512
781
505
450
468
502
---------- Evolution 7 ----------
419
434
502
479
474
444
496
470
516
491
---------- Evolution 8 ----------
427
433
505
492
481
483
481
494
491
470
---------- Evolution 9 ----------
440
426
518
753
500
479
486
510
492
515
---------- Evolution 10 ----------
420
435
490
465
535
514
501
502
492
499
---------- Evolution 11 ----------
436
430
501
522
546
530
506
503
505
521
---------- Evolution 12 ----------
460
429
515
517
525
523
541
510
525
520
---------- Evolution 13 ----------
448
432
534
522
514
833
567
518
508
546
---------- Evolution 14 ----------
696
449
528
543
529
471
528
516
558
724
---------- Evolution 15 ----------
440
452
703
555
548
522
539
539
540
502
---------- Evolution 16 ----------
457
485
503
760
525
520
520
552
630
543
---------- Evolution 17 ----------
469
474
571
507
581
547
538
540
526
580
---------- Evolution 18 ----------
484
468
557
549
587
624
582
562
552
575
---------- Evolution 19 ----------
493
522
585
572
569
552
693
558
557
571
---------- Evolution 20 ----------
510
583
587
558
605
577
552
580
615
570
