---------- Evolution 1 ----------
346
367
357
405
415
416
398
372
388
390
---------- Evolution 2 ----------
435
360
368
385
396
411
428
439
414
444
---------- Evolution 3 ----------
368
379
379
394
414
417
399
400
421
407
---------- Evolution 4 ----------
384
418
378
414
399
430
401
447
476
441
---------- Evolution 5 ----------
416
520
398
461
401
439
421
436
435
408
---------- Evolution 6 ----------
383
409
395
418
516
452
455
497
462
429
---------- Evolution 7 ----------
466
422
395
451
406
424
445
422
456
417
---------- Evolution 8 ----------
374
403
423
442
444
436
435
438
462
446
---------- Evolution 9 ----------
396
401
421
436
606
426
451
449
446
459
---------- Evolution 10 ----------
419
424
476
467
452
446
447
481
463
451
---------- Evolution 11 ----------
424
419
464
464
422
483
473
469
462
460
---------- Evolution 12 ----------
389
430
480
457
462
473
498
463
471
447
---------- Evolution 13 ----------
442
427
477
455
449
450
473
461
462
464
---------- Evolution 14 ----------
427
450
475
459
480
493
489
463
471
467
---------- Evolution 15 ----------
489
480
484
508
494
492
498
481
495
483
---------- Evolution 16 ----------
488
413
509
488
516
509
480
493
533
492
---------- Evolution 17 ----------
432
458
516
497
475
559
520
515
491
504
---------- Evolution 18 ----------
506
437
504
514
523
550
552
512
510
532
---------- Evolution 19 ----------
459
461
508
513
530
490
531
526
521
534
---------- Evolution 20 ----------
445
440
500
534
545
525
523
547
512
527
