---------- Evolution 0 ----------
36.66319274902344
36.67877960205078
36.66319274902344
36.66319274902344
36.66319274902344
36.66319274902344
36.66319274902344
36.66319274902344
36.66319274902344
36.66319274902344
36.65740203857422
36.66319274902344
36.66319274902344
36.66319274902344
---------- Evolution 1 ----------
31.568588256835938
31.56861114501953
31.553955078125
31.55310821533203
31.553123474121094
31.553062438964844
31.553955078125
31.55322265625
31.553123474121094
31.55323028564453
31.552993774414062
31.553955078125
31.55323028564453
31.553085327148438
---------- Evolution 2 ----------
31.560699462890625
31.560699462890625
31.56865692138672
31.568649291992188
31.568649291992188
31.568641662597656
31.56865692138672
31.56865692138672
31.568649291992188
31.56865692138672
31.568649291992188
31.568641662597656
31.56865692138672
31.56865692138672
---------- Evolution 3 ----------
32.65733337402344
32.65733337402344
32.65733337402344
32.65733337402344
32.65733337402344
32.65733337402344
32.65733337402344
32.65733337402344
32.65733337402344
32.65733337402344
32.65733337402344
32.65733337402344
32.65733337402344
32.65733337402344
---------- Evolution 4 ----------
32.65733337402344
32.65733337402344
32.65733337402344
32.65733337402344
32.65733337402344
32.65733337402344
32.65733337402344
32.65733337402344
32.65733337402344
32.65733337402344
32.65733337402344
32.65733337402344
32.65733337402344
32.65733337402344
---------- Evolution 5 ----------
33.617401123046875
33.617401123046875
33.617401123046875
33.617401123046875
33.617401123046875
33.617401123046875
33.617401123046875
33.617401123046875
33.617401123046875
33.617401123046875
33.617401123046875
33.617401123046875
33.617401123046875
33.617401123046875
---------- Evolution 6 ----------
34.598915100097656
34.598915100097656
34.598915100097656
34.598915100097656
34.598915100097656
34.598915100097656
34.598915100097656
34.598915100097656
34.598915100097656
34.598915100097656
34.598915100097656
34.598915100097656
34.598915100097656
34.598915100097656
---------- Evolution 7 ----------
36.65733337402344
36.65733337402344
36.65733337402344
36.65733337402344
36.65733337402344
36.65733337402344
36.65733337402344
36.65733337402344
36.65733337402344
36.65733337402344
36.65733337402344
36.65733337402344
36.65733337402344
36.65733337402344
---------- Evolution 8 ----------
39.53753662109375
39.53753662109375
39.53753662109375
39.53753662109375
39.53753662109375
39.53753662109375
39.53753662109375
39.53753662109375
39.53753662109375
39.53753662109375
39.53753662109375
39.53753662109375
39.53753662109375
39.53753662109375
---------- Evolution 9 ----------
47.53753662109375
47.53753662109375
47.53753662109375
47.53753662109375
47.53753662109375
47.53753662109375
47.53753662109375
47.53753662109375
47.53753662109375
47.53753662109375
47.53753662109375
47.53753662109375
47.53753662109375
47.53753662109375
---------- Evolution 10 ----------
28.660545349121094
28.660545349121094
28.66053009033203
28.66053009033203
28.66053009033203
28.66053009033203
28.66020965576172
28.66053009033203
28.66053009033203
28.66053009033203
28.66053009033203
28.66053009033203
28.66053009033203
28.66053009033203
---------- Evolution 11 ----------
51.36248779296875
50.686119079589844
50.67443084716797
51.446441650390625
50.680328369140625
51.490386962890625
51.455963134765625
51.46966552734375
50.67247772216797
50.68379211425781
50.66908264160156
50.67443084716797
51.44403076171875
51.462257385253906
---------- Evolution 12 ----------
43.04541015625
43.0419921875
43.0302734375
42.85791015625
43.04833984375
42.6220703125
42.63818359375
42.646484375
42.625
44.39208984375
43.04052734375
42.83935546875
42.8291015625
44.3857421875
---------- Evolution 13 ----------
188.85010528564453
188.72640991210938
188.84510803222656
193.03673553466797
188.9093017578125
188.76681518554688
189.11669921875
189.13513946533203
188.7644271850586
188.9566650390625
188.843994140625
188.9501953125
191.0125732421875
189.30606079101562
---------- Evolution 14 ----------
419.8225402832031
419.82188415527344
419.6902313232422
181.3150634765625
419.63185119628906
188.85681915283203
417.8108367919922
417.74220275878906
420.0034484863281
418.00951385498047
419.9383010864258
417.8710479736328
417.8304901123047
178.6895751953125
---------- Evolution 15 ----------
772.2286987304688
774.2416839599609
774.9137649536133
772.0997924804688
773.9154434204102
774.07080078125
772.761962890625
772.696533203125
775.4135665893555
771.233154296875
776.0720825195312
773.9205474853516
772.9164428710938
774.5890350341797
---------- Evolution 16 ----------
766.180419921875
770.1061553955078
775.4336242675781
784.2589874267578
783.6741333007812
762.8117065429688
805.1851043701172
772.4948120117188
771.01611328125
767.2919921875
782.1612396240234
763.9499206542969
769.236328125
561.6953125
---------- Evolution 17 ----------
809.697265625
787.697265625
805.697265625
907.6953125
897.6953125
831.6953125
865.6953125
831.697265625
801.697265625
807.697265625
871.6953125
843.697265625
839.6953125
805.697265625
---------- Evolution 18 ----------
1947.6953125
1797.697265625
1849.6953125
1871.6953125
1787.6953125
1807.697265625
1793.6953125
1725.6953125
1783.6953125
1721.6953125
1897.697265625
1971.697265625
1719.697265625
---------- Evolution 19 ----------
3465.697265625
3363.698226928711
3329.697265625
3513.6953125
3529.6953125
3599.697265625
3605.6953125
3689.697265625
3387.697265625
3557.697265625
3397.697265625
3383.698226928711
3585.6953125
