---------- Evolution 0 ----------
41.04267883300781
41.040550231933594
41.043922424316406
41.04840087890625
41.03997802734375
41.043609619140625
41.04725646972656
41.04588317871094
41.04450988769531
41.046905517578125
41.046295166015625
---------- Evolution 1 ----------
24.498809814453125
24.488059997558594
24.486305236816406
24.495147705078125
24.47968292236328
24.49347686767578
24.48375701904297
24.48912811279297
24.495681762695312
24.481857299804688
24.497528076171875
---------- Evolution 2 ----------
26.52806854248047
26.523765563964844
26.528602600097656
26.522445678710938
26.53575897216797
26.52452850341797
26.529220581054688
26.53301239013672
26.526748657226562
26.531524658203125
26.528274536132812
---------- Evolution 3 ----------
24.508811950683594
24.50928497314453
24.513961791992188
24.50914764404297
24.506607055664062
24.5059814453125
24.510055541992188
24.504249572753906
24.505828857421875
24.513893127441406
24.513336181640625
---------- Evolution 4 ----------
24.51629638671875
24.50615692138672
24.507415771484375
24.505836486816406
24.496192932128906
24.50981903076172
24.51080322265625
24.505645751953125
24.502960205078125
24.504905700683594
24.49871826171875
---------- Evolution 5 ----------
28.50505828857422
26.488868713378906
26.488388061523438
26.487205505371094
28.508644104003906
26.494247436523438
28.504318237304688
26.489112854003906
26.491477966308594
26.49053192138672
28.50054168701172
---------- Evolution 6 ----------
28.48889923095703
28.492019653320312
28.49401092529297
28.493515014648438
28.48918914794922
28.485931396484375
28.503997802734375
26.493247985839844
28.504554748535156
28.49878692626953
28.48969268798828
---------- Evolution 7 ----------
30.61621856689453
30.62316131591797
30.624855041503906
30.62287139892578
30.619415283203125
30.610435485839844
30.61731719970703
30.610801696777344
30.61913299560547
30.618751525878906
30.611663818359375
---------- Evolution 8 ----------
30.614395141601562
30.617904663085938
30.61907958984375
30.619125366210938
30.617080688476562
30.616432189941406
30.6175537109375
30.614051818847656
30.620933532714844
30.613388061523438
30.61888885498047
---------- Evolution 9 ----------
32.619911193847656
32.61250305175781
32.622398376464844
32.61906433105469
32.62278747558594
32.62518310546875
32.61322784423828
32.621559143066406
32.621734619140625
32.617149353027344
32.626121520996094
---------- Evolution 10 ----------
34.61930847167969
34.61621856689453
34.618019104003906
34.621788024902344
34.62396240234375
34.61822509765625
34.624542236328125
34.615684509277344
34.62413787841797
34.62537384033203
34.623626708984375
---------- Evolution 11 ----------
38.62019348144531
38.620018005371094
38.618995666503906
38.61639404296875
38.62645721435547
38.61909484863281
38.624786376953125
38.63007354736328
38.618431091308594
38.617408752441406
38.619110107421875
---------- Evolution 12 ----------
44.622276306152344
44.626243591308594
44.62126922607422
44.62543487548828
44.62329864501953
44.62647247314453
44.62403106689453
44.626914978027344
44.61608123779297
44.62751007080078
44.61700439453125
---------- Evolution 13 ----------
56.62877655029297
56.61858367919922
56.623268127441406
56.62171936035156
56.63037109375
54.622718811035156
56.62568664550781
56.626373291015625
56.62322998046875
56.62744903564453
56.62257385253906
---------- Evolution 14 ----------
76.6218032836914
76.62689208984375
76.62449645996094
74.637451171875
76.61756896972656
76.62568664550781
76.6305923461914
76.62166595458984
76.62073516845703
76.62451934814453
76.6230239868164
---------- Evolution 15 ----------
118.62308502197266
118.59061431884766
118.62784576416016
116.6291275024414
118.62364959716797
118.6203842163086
118.62092590332031
118.62300872802734
118.62782287597656
118.62886810302734
118.62456512451172
---------- Evolution 16 ----------
200.62335968017578
200.62742614746094
200.62512969970703
200.6292495727539
200.62371063232422
200.61981201171875
200.61870574951172
200.62200927734375
200.6199188232422
200.6302947998047
200.6264419555664
---------- Evolution 17 ----------
386.62361907958984
380.6292953491211
374.6265335083008
386.62097930908203
392.63318634033203
380.63014221191406
380.62789154052734
398.63001251220703
378.6234588623047
374.61377716064453
376.63074493408203
---------- Evolution 18 ----------
396.7419128417969
436.97081756591797
442.0115737915039
438.1534652709961
424.97277069091797
414.6858444213867
443.46446990966797
436.71495819091797
425.7212600708008
438.7039337158203
450.24827575683594
---------- Evolution 19 ----------
961.12841796875
976.4150390625
971.6953125
987.6953125
961.697265625
977.697265625
890.4580078125
973.07568359375
885.083984375
888.4599609375
887.07861328125
---------- Evolution 20 ----------
1903.6953125
1905.697265625
1905.697265625
1929.697265625
1921.6953125
1925.6953125
1923.697265625
1931.6953125
1927.697265625
1935.6953125
1901.6953125
---------- Evolution 21 ----------
3989.6953125
3981.697265625
3727.697265625
4001.697265625
3995.697265625
4005.6953125
3819.6953125
3925.6953125
3943.6953125
3981.6953125
3799.6953125
