---------- Evolution 1 ----------
---------- Evolution 2 ----------
---------- Evolution 3 ----------
---------- Evolution 4 ----------
---------- Evolution 5 ----------
---------- Evolution 6 ----------
---------- Evolution 7 ----------
---------- Evolution 8 ----------
---------- Evolution 9 ----------
---------- Evolution 10 ----------
---------- Evolution 11 ----------
---------- Evolution 12 ----------
---------- Evolution 13 ----------
---------- Evolution 14 ----------
---------- Evolution 15 ----------
---------- Evolution 16 ----------
---------- Evolution 17 ----------
---------- Evolution 18 ----------
---------- Evolution 19 ----------
---------- Evolution 20 ----------
---------- Evolution 0 ----------
33.638832092285156
34.58342742919922
34.58342742919922
34.58342742919922
34.58342742919922
34.58342742919922
34.58342742919922
34.58342742919922
34.58342742919922
34.58342742919922
34.58342742919922
---------- Evolution 1 ----------
30.596572875976562
30.595626831054688
30.595626831054688
30.593048095703125
30.595626831054688
30.595626831054688
30.593048095703125
30.593048095703125
30.595626831054688
30.593032836914062
30.595626831054688
---------- Evolution 2 ----------
31.54638671875
31.55315399169922
31.553970336914062
31.553970336914062
31.553146362304688
31.553146362304688
31.553146362304688
31.554115295410156
31.55321502685547
31.554176330566406
31.5531005859375
---------- Evolution 3 ----------
31.553085327148438
31.58422088623047
31.58422088623047
31.58422088623047
31.58422088623047
31.58422088623047
31.58422088623047
31.58422088623047
31.58422088623047
31.58422088623047
31.58422088623047
---------- Evolution 4 ----------
31.560890197753906
31.546104431152344
31.54608154296875
31.54608154296875
31.54608154296875
31.54608154296875
31.54608154296875
31.546104431152344
31.54608154296875
31.546104431152344
31.54608154296875
---------- Evolution 5 ----------
31.569503784179688
31.553131103515625
31.553131103515625
31.55316925048828
31.553131103515625
31.55315399169922
31.553131103515625
31.55315399169922
31.553131103515625
31.55316925048828
31.553146362304688
---------- Evolution 6 ----------
32.65733337402344
32.65733337402344
32.65733337402344
32.65733337402344
32.65733337402344
32.65733337402344
32.65733337402344
32.65733337402344
32.65733337402344
32.65733337402344
32.65733337402344
---------- Evolution 7 ----------
32.65733337402344
32.65733337402344
32.65733337402344
32.65733337402344
32.65733337402344
32.65733337402344
32.65733337402344
32.65733337402344
32.65733337402344
32.65733337402344
32.65733337402344
---------- Evolution 8 ----------
34.606727600097656
34.578392028808594
34.578392028808594
34.577613830566406
34.577613830566406
34.578392028808594
34.577476501464844
34.578392028808594
34.57745361328125
34.57745361328125
34.57745361328125
---------- Evolution 9 ----------
36.65733337402344
36.65733337402344
36.65733337402344
36.65733337402344
36.65733337402344
36.65733337402344
36.65733337402344
36.65733337402344
36.65733337402344
36.65733337402344
36.65733337402344
---------- Evolution 10 ----------
39.53753662109375
39.53753662109375
39.53753662109375
39.53753662109375
39.53753662109375
39.53753662109375
39.53753662109375
39.53753662109375
39.53753662109375
39.53753662109375
39.53753662109375
---------- Evolution 11 ----------
47.53753662109375
47.53753662109375
47.53753662109375
47.53753662109375
47.53753662109375
47.53753662109375
47.53753662109375
47.53753662109375
47.53753662109375
47.53753662109375
47.53753662109375
---------- Evolution 12 ----------
29.617347717285156
29.617340087890625
29.617340087890625
29.617340087890625
29.617340087890625
29.617340087890625
29.617355346679688
29.617324829101562
29.617324829101562
29.617355346679688
29.617324829101562
---------- Evolution 13 ----------
55.270111083984375
55.26092529296875
55.262359619140625
55.2589111328125
55.26141357421875
55.2598876953125
55.257476806640625
55.275054931640625
55.255035400390625
55.26190185546875
55.26043701171875
---------- Evolution 14 ----------
74.26223754882812
74.41357421875
74.26031494140625
74.43115234375
74.42127227783203
74.25257873535156
74.42757415771484
74.25801086425781
74.26612854003906
74.41570281982422
74.25608825683594
---------- Evolution 15 ----------
106.8832778930664
99.26378631591797
106.87950897216797
101.07238006591797
103.00499725341797
103.26378631591797
106.87890625
102.88441467285156
97.56497955322266
104.78917694091797
103.26332092285156
---------- Evolution 16 ----------
282.3457946777344
282.39173126220703
234.53515625
284.34386444091797
282.5200653076172
282.34735107421875
282.52027893066406
282.5470886230469
282.3470230102539
282.68062591552734
231.251953125
---------- Evolution 17 ----------
329.6784973144531
329.67848205566406
331.67845153808594
329.67845153808594
329.678466796875
329.67848205566406
327.67848205566406
327.67848205566406
327.67848205566406
327.67848205566406
331.67848205566406
---------- Evolution 18 ----------
935.697265625
933.697265625
933.697265625
937.697265625
937.697265625
933.697265625
937.697265625
937.697265625
935.697265625
937.697265625
941.697265625
---------- Evolution 19 ----------
1285.697265625
1317.697265625
1253.697265625
1267.697265625
1271.697265625
1247.697265625
1287.697265625
1277.697265625
1275.697265625
1261.697265625
1289.697265625
---------- Evolution 20 ----------
2473.6953125
2527.6953125
2397.6953125
2477.6953125
2385.6953125
2525.6953125
2429.6953125
2387.6953125
2445.6953125
2391.6953125
2351.6953125
