---------- Evolution 0 ----------
453.55960845947266
448.25848388671875
451.49375915527344
452.11119079589844
450.0306701660156
449.2846374511719
449.29317474365234
457.6437683105469
444.24330139160156
451.8776397705078
454.0631103515625
---------- Evolution 1 ----------
212.8414306640625
216.17636108398438
216.24514770507812
212.8727798461914
212.69400024414062
214.65648651123047
210.90637969970703
216.74410247802734
212.93960571289062
214.67886352539062
216.1982879638672
---------- Evolution 2 ----------
282.0773620605469
280.15523529052734
276.2615966796875
282.23069763183594
280.1443786621094
276.23421478271484
276.1985549926758
276.199951171875
278.1537780761719
280.04320526123047
280.12928771972656
---------- Evolution 3 ----------
562.7970809936523
562.6543502807617
562.9209289550781
566.7108612060547
564.6626052856445
564.9782409667969
560.9017868041992
566.5140533447266
563.0623245239258
561.0466156005859
562.7654571533203
---------- Evolution 4 ----------
580.5652313232422
582.3912658691406
578.9243011474609
578.7569580078125
583.0089874267578
582.7813262939453
579.0904006958008
580.9708251953125
578.6392669677734
582.4782562255859
579.010498046875
---------- Evolution 5 ----------
592.6901550292969
594.5510864257812
590.9518432617188
596.9139175415039
592.7750396728516
592.8650207519531
591.1650619506836
592.5080337524414
592.619255065918
590.7971343994141
590.4765777587891
---------- Evolution 6 ----------
602.7964706420898
604.8345413208008
604.616813659668
600.8612976074219
606.9441833496094
604.7600708007812
604.6483001708984
603.0782699584961
606.5352401733398
599.0079345703125
602.5166625976562
---------- Evolution 7 ----------
212.83056640625
212.79236602783203
216.7036590576172
213.03878784179688
212.75675201416016
216.2231216430664
216.35948944091797
212.86449432373047
216.90766143798828
214.86416625976562
213.09979248046875
---------- Evolution 8 ----------
210.93329620361328
216.5303192138672
212.87503814697266
213.0746307373047
212.7746810913086
214.7625274658203
216.38652801513672
214.75801849365234
218.28401947021484
212.93406677246094
214.66931915283203
---------- Evolution 9 ----------
233.43028259277344
233.0840301513672
234.0247802734375
233.63202667236328
234.3075714111328
231.04150390625
232.23681640625
233.82943725585938
232.95623779296875
232.9404296875
234.8571014404297
---------- Evolution 10 ----------
328.2130432128906
327.11610412597656
325.6906433105469
372.9490051269531
327.1620178222656
328.1314392089844
380.29207611083984
333.02630615234375
327.16746520996094
327.21372985839844
371.70361328125
---------- Evolution 11 ----------
527.3793869018555
585.2765884399414
530.9778442382812
530.0157470703125
527.6470336914062
589.7458801269531
531.6953125
523.5850448608398
515.921516418457
530.5385437011719
523.4087753295898
---------- Evolution 12 ----------
216.38656616210938
1413.6953125
1399.697265625
212.6813735961914
1419.6953125
1337.697265625
1393.697265625
1287.6953125
212.82027435302734
1315.697265625
1425.6953125
---------- Evolution 13 ----------
216.4295654296875
3425.697265625
3625.6953125
3677.697265625
212.81038665771484
216.725830078125
3695.697265625
3721.6953125
3531.6953125
216.580078125
3443.697265625
