---------- Evolution 0 ----------
446.5493927001953
448.19825744628906
457.978759765625
449.56361389160156
449.4772415161133
453.86415100097656
447.8621826171875
448.52989196777344
453.5661315917969
446.3960876464844
449.44055938720703
---------- Evolution 1 ----------
212.73006439208984
216.79863739013672
216.1965789794922
212.8693618774414
214.5209732055664
216.56935119628906
210.84130859375
212.3721923828125
214.58695220947266
212.67998504638672
213.0495147705078
---------- Evolution 2 ----------
214.6255111694336
212.7265625
210.66979217529297
212.6419448852539
212.7296600341797
212.7253875732422
212.6385040283203
214.92806243896484
214.45108032226562
212.6715850830078
210.87928771972656
---------- Evolution 3 ----------
214.7302474975586
212.7104949951172
214.82493591308594
216.37145233154297
212.9085235595703
212.91033935546875
216.26385498046875
214.88724517822266
218.45746612548828
214.62749481201172
212.83447265625
---------- Evolution 4 ----------
214.49935150146484
212.700439453125
214.7581329345703
212.79985809326172
212.9372100830078
216.76842498779297
216.7950439453125
214.60028076171875
210.95010375976562
212.74119567871094
212.93708038330078
---------- Evolution 5 ----------
355.53131103515625
359.48804473876953
357.99072265625
357.53431701660156
365.50171661376953
357.53223419189453
359.97412109375
363.4906539916992
365.5347671508789
369.9736328125
355.994140625
---------- Evolution 6 ----------
425.45565032958984
417.45299530029297
421.46788787841797
419.4812316894531
423.45603942871094
421.4629440307617
421.46311950683594
220.0816650390625
421.48035430908203
418.83885192871094
423.4604797363281
---------- Evolution 7 ----------
269.75083923339844
290.92454528808594
246.0256805419922
385.12060546875
297.3956832885742
246.71807098388672
287.21311950683594
403.27294921875
260.0828399658203
214.9745635986328
215.09324645996094
---------- Evolution 8 ----------
430.365234375
422.3037109375
324.541015625
432.7900390625
346.15087890625
387.25244140625
434.34814453125
335.154296875
329.33056640625
367.81005859375
350.28466796875
---------- Evolution 9 ----------
995.697265625
1103.3356323242188
1133.697265625
1129.6953048706055
1195.7953186035156
1210.0163269042969
1196.009536743164
1110.9471435546875
1189.697265625
1173.177360534668
1141.2140808105469
---------- Evolution 10 ----------
2567.6953125
2557.6953125
2625.697265625
2611.697265625
2533.6953125
2631.6953125
2629.697265625
2571.6953125
2515.697265625
2525.697265625
2543.6953125
