---------- Evolution 1 ----------
545
384
402
401
413
392
434
433
419
434
---------- Evolution 2 ----------
384
389
403
417
397
407
435
444
412
443
---------- Evolution 3 ----------
415
395
407
387
394
410
686
540
438
439
---------- Evolution 4 ----------
396
384
390
398
385
393
388
409
424
763
---------- Evolution 5 ----------
670
396
399
407
397
382
419
701
414
385
---------- Evolution 6 ----------
382
400
412
401
386
408
416
399
443
400
---------- Evolution 7 ----------
399
396
401
404
417
405
418
401
451
414
---------- Evolution 8 ----------
402
417
416
409
394
416
438
420
433
448
---------- Evolution 9 ----------
393
412
419
397
384
472
426
427
444
517
