---------- Evolution 1 ----------
357
356
334
378
331
377
399
408
403
424
---------- Evolution 2 ----------
375
331
347
361
353
384
444
384
400
419
---------- Evolution 3 ----------
365
332
339
346
383
350
417
405
437
422
---------- Evolution 4 ----------
354
328
358
336
336
328
446
391
409
404
---------- Evolution 5 ----------
363
343
343
343
345
354
419
447
412
416
---------- Evolution 6 ----------
336
346
341
371
329
351
399
377
408
426
---------- Evolution 7 ----------
361
336
353
351
357
395
434
384
409
433
---------- Evolution 8 ----------
332
334
352
350
334
394
398
392
407
400
