---------- Evolution 1 ----------
351
335
342
414
438
414
411
411
459
397
---------- Evolution 2 ----------
339
347
358
440
431
453
402
431
420
418
---------- Evolution 3 ----------
338
343
379
425
440
403
434
429
416
424
---------- Evolution 4 ----------
363
356
336
462
427
405
420
428
435
417
---------- Evolution 5 ----------
355
399
356
448
416
450
413
447
411
459
---------- Evolution 6 ----------
336
361
349
458
442
407
422
435
440
407
---------- Evolution 7 ----------
376
353
358
421
421
420
434
416
400
438
---------- Evolution 8 ----------
353
365
403
401
443
404
415
431
411
420
