---------- Evolution 1 ----------
16528
16929
16563
16562
16461
16608
16981
16594
16578
16515
---------- Evolution 2 ----------
16592
16547
16766
16456
16969
16510
16696
16779
16470
16513
---------- Evolution 3 ----------
16397
16937
16462
16578
16491
16592
16648
16604
16798
16483
---------- Evolution 4 ----------
16807
16591
17133
16761
16552
16616
16623
16524
16418
16601
---------- Evolution 5 ----------
16893
16634
16800
16594
16601
16980
16492
16536
16577
16568
---------- Evolution 6 ----------
16524
16993
16472
16566
16602
16504
16566
16504
16723
16575
---------- Evolution 7 ----------
16620
16580
16684
16819
16601
16525
16481
16618
16631
16571
---------- Evolution 8 ----------
16505
16693
16512
16482
16654
16934
16560
16757
16467
16518
---------- Evolution 9 ----------
16757
16538
16492
16717
16424
16600
16478
16610
16576
16484
---------- Evolution 10 ----------
16683
16485
16523
16437
16402
16525
16512
16786
16603
16538
---------- Evolution 11 ----------
16887
17368
16593
16514
16461
16490
16499
16656
16504
16589
---------- Evolution 12 ----------
16810
16436
16482
16510
16416
16402
16494
16623
16668
16503
---------- Evolution 13 ----------
16580
16509
16705
16677
17386
16472
16548
16645
16670
16492
---------- Evolution 14 ----------
16675
16740
16509
16455
16459
16524
16704
16867
16539
16485
---------- Evolution 15 ----------
16570
16610
16769
16602
16493
16629
16457
16683
16620
16461
---------- Evolution 16 ----------
16975
16558
16467
17181
16627
16517
16544
16546
16500
16496
---------- Evolution 17 ----------
16484
16619
16539
16493
16608
16772
16539
16638
16559
16527
---------- Evolution 18 ----------
16511
16512
16431
16568
16569
16649
16615
16388
16514
16569
---------- Evolution 19 ----------
16508
16660
16523
16701
16590
16508
16490
16957
16484
16554
---------- Evolution 20 ----------
16638
16571
16545
16505
16494
16685
16517
16581
16791
16569
