---------- Evolution 1 ----------
381
389
372
365
427
409
593
451
415
421
---------- Evolution 2 ----------
430
370
394
376
431
425
399
446
429
443
---------- Evolution 3 ----------
394
366
376
372
434
413
420
421
483
426
---------- Evolution 4 ----------
418
363
408
393
466
428
444
434
414
448
---------- Evolution 5 ----------
392
370
383
424
437
415
418
417
406
435
---------- Evolution 6 ----------
373
370
371
432
463
433
417
420
431
405
---------- Evolution 7 ----------
367
379
443
417
428
433
427
431
421
417
---------- Evolution 8 ----------
376
382
367
424
437
451
420
427
419
409
---------- Evolution 9 ----------
379
372
371
437
425
417
408
447
403
449
