---------- Evolution 1 ----------
767
949
923
917
944
918
929
903
899
910
---------- Evolution 2 ----------
780
939
962
921
917
942
925
935
942
903
---------- Evolution 3 ----------
767
929
911
928
907
956
923
926
920
924
---------- Evolution 4 ----------
768
934
921
908
927
922
900
905
908
926
---------- Evolution 5 ----------
762
934
941
919
938
944
940
915
917
914
---------- Evolution 6 ----------
760
937
906
926
962
899
957
938
905
950
---------- Evolution 7 ----------
767
917
912
913
898
929
924
930
926
950
---------- Evolution 8 ----------
783
905
923
928
920
908
932
945
932
912
---------- Evolution 9 ----------
775
940
909
911
917
915
916
898
933
898
---------- Evolution 10 ----------
773
937
976
907
910
909
893
935
918
919
---------- Evolution 11 ----------
769
943
925
961
938
915
910
948
913
938
---------- Evolution 12 ----------
783
905
913
924
928
917
935
911
915
930
---------- Evolution 13 ----------
785
936
929
934
929
924
953
948
925
926
---------- Evolution 14 ----------
776
908
968
912
938
940
927
957
937
903
---------- Evolution 15 ----------
783
920
915
918
899
895
924
912
896
937
---------- Evolution 16 ----------
754
933
907
899
903
935
907
913
929
919
---------- Evolution 17 ----------
760
923
931
913
906
913
959
920
923
928
---------- Evolution 18 ----------
824
911
910
932
941
942
974
928
934
921
---------- Evolution 19 ----------
825
911
913
925
929
931
900
939
917
939
---------- Evolution 20 ----------
895
901
972
908
911
920
919
907
967
918
