---------- Evolution 1 ----------
415
367
344
437
445
404
412
409
410
427
---------- Evolution 2 ----------
445
343
393
417
458
405
455
448
411
409
---------- Evolution 3 ----------
355
399
419
420
421
454
413
418
456
413
---------- Evolution 4 ----------
371
400
449
439
410
407
418
427
402
420
---------- Evolution 5 ----------
391
365
452
416
428
407
421
442
411
440
---------- Evolution 6 ----------
348
360
441
444
407
431
405
408
418
464
---------- Evolution 7 ----------
383
362
433
421
422
423
448
423
445
413
---------- Evolution 8 ----------
355
375
435
431
450
452
418
414
408
454
---------- Evolution 9 ----------
345
350
441
437
438
443
412
424
434
409
---------- Evolution 10 ----------
414
353
412
436
446
438
410
402
433
423
---------- Evolution 11 ----------
343
351
404
429
416
426
425
409
420
427
---------- Evolution 12 ----------
371
403
438
442
438
434
437
413
444
422
