---------- Evolution 1 ----------
339
366
360
326
361
380
418
402
390
401
---------- Evolution 2 ----------
337
345
365
332
335
388
415
399
403
414
---------- Evolution 3 ----------
354
329
349
349
366
415
417
395
403
397
---------- Evolution 4 ----------
360
322
360
332
353
401
431
447
384
405
---------- Evolution 5 ----------
386
335
364
337
344
406
408
398
384
396
---------- Evolution 6 ----------
360
344
346
345
380
410
402
402
403
394
---------- Evolution 7 ----------
366
332
355
343
406
413
398
407
398
382
---------- Evolution 8 ----------
364
324
383
355
392
400
399
391
403
403
