---------- Evolution 1 ----------
123315
124756
123444
124489
123733
123279
123423
123862
124208
125248
---------- Evolution 2 ----------
124494
124396
124452
124478
123689
124623
124694
124225
123528
124648
---------- Evolution 3 ----------
127361
125559
125697
125661
124839
125052
127538
125211
125562
125345
---------- Evolution 4 ----------
125254
125435
124538
125468
125426
126611
125631
125390
125749
124985
---------- Evolution 5 ----------
126746
126684
128270
126237
126786
126978
126120
128285
126570
126902
---------- Evolution 6 ----------
126714
126712
126591
126866
127068
127119
126662
127761
128687
126090
---------- Evolution 7 ----------
126422
125535
126022
125492
125488
124804
126906
125181
124965
125846
---------- Evolution 8 ----------
125095
125045
125075
124795
126821
126163
125549
124881
126017
125947
---------- Evolution 9 ----------
125335
125914
125729
126915
126844
126441
125096
125951
125895
124977
---------- Evolution 10 ----------
125198
125235
127187
127006
125207
127099
126933
125974
125125
125499
---------- Evolution 11 ----------
128393
125310
125352
125571
126101
126362
125645
127259
125733
125751
---------- Evolution 12 ----------
126268
127113
125120
125568
125541
127698
125845
125158
126387
125446
---------- Evolution 13 ----------
125699
127715
125838
125636
124948
125509
126443
126050
125647
125890
---------- Evolution 14 ----------
124943
125133
127413
125625
126942
125884
125566
125590
125455
125644
---------- Evolution 15 ----------
124975
125930
124685
126285
124896
124531
124284
126151
125273
125898
---------- Evolution 16 ----------
124369
125767
124590
125379
124519
126601
124715
124112
125321
124224
---------- Evolution 17 ----------
124933
124639
124739
125234
124956
126481
124625
125098
126537
126248
---------- Evolution 18 ----------
124894
124686
124952
125070
126511
124617
124555
124816
125241
124833
---------- Evolution 19 ----------
124183
124906
124548
128271
124570
126124
124551
124864
126275
125257
---------- Evolution 20 ----------
125088
124863
124932
125837
125172
124500
124702
125019
124954
123829
