---------- Evolution 1 ----------
472
356
348
363
455
431
423
443
433
419
---------- Evolution 2 ----------
467
358
363
361
421
409
411
434
402
487
---------- Evolution 3 ----------
355
335
354
404
415
442
425
486
468
402
---------- Evolution 4 ----------
355
370
372
361
446
438
413
414
425
439
---------- Evolution 5 ----------
361
339
343
350
442
486
407
446
405
419
---------- Evolution 6 ----------
347
359
369
346
429
404
412
426
422
444
---------- Evolution 7 ----------
353
371
355
386
406
424
445
424
452
422
---------- Evolution 8 ----------
337
353
365
461
429
415
403
429
412
411
