---------- Evolution 1 ----------
417
801
409
425
428
474
478
482
460
468
---------- Evolution 2 ----------
446
407
416
429
470
510
483
903
479
469
---------- Evolution 3 ----------
406
416
413
481
485
778
482
431
477
724
---------- Evolution 4 ----------
431
423
501
447
503
413
466
437
492
504
---------- Evolution 5 ----------
409
411
459
415
576
487
464
447
503
466
---------- Evolution 6 ----------
410
412
429
418
831
506
477
499
839
478
---------- Evolution 7 ----------
428
428
454
407
431
500
503
485
439
485
---------- Evolution 8 ----------
407
410
453
416
447
485
486
484
439
486
