---------- Evolution 1 ----------
23690
24248
24316
24346
24299
24309
24583
24260
24354
24758
---------- Evolution 2 ----------
19893
19757
19821
19875
19781
19755
19766
19837
19745
19658
---------- Evolution 3 ----------
19525
20269
20023
20060
19998
19917
20089
19912
19952
20262
---------- Evolution 4 ----------
19565
19448
19420
19506
19460
19451
19362
19553
19431
19348
---------- Evolution 5 ----------
19351
19528
19375
19351
19643
19433
19345
19546
19426
19351
---------- Evolution 6 ----------
19500
19391
19365
19546
19316
19684
19517
19484
19472
19728
---------- Evolution 7 ----------
19442
19395
19298
19416
19379
19489
19688
19409
20788
19449
---------- Evolution 8 ----------
19319
19312
19424
19216
19422
19449
19507
19407
19559
19427
---------- Evolution 9 ----------
19399
19432
19701
19382
19405
19298
19711
19395
19455
19458
---------- Evolution 10 ----------
19555
19399
19391
19352
19463
19301
19367
19501
19546
19516
---------- Evolution 11 ----------
19402
19802
19466
19394
19304
19309
19429
19364
19381
19702
---------- Evolution 12 ----------
19447
19466
19512
19497
19352
20050
19582
19376
19716
19484
---------- Evolution 13 ----------
19344
19434
19368
19348
19641
19453
19484
19380
19750
19370
---------- Evolution 14 ----------
19332
19699
19385
19555
19707
19457
19482
19281
19440
19894
---------- Evolution 15 ----------
19351
19423
19485
19474
19712
19411
19449
19565
19433
19627
---------- Evolution 16 ----------
19448
19346
19759
19635
19499
19404
19326
19429
19479
19502
---------- Evolution 17 ----------
19378
19519
19253
19466
19810
19354
19339
19324
19403
19521
---------- Evolution 18 ----------
20294
19381
19518
19350
19408
19420
19605
19467
19462
19744
---------- Evolution 19 ----------
19409
19495
19375
19672
19413
19413
19648
19590
19402
19542
---------- Evolution 20 ----------
19450
19311
19715
19458
19475
19393
19361
19482
19449
19450
