---------- Evolution 1 ----------
1245
1216
1203
1153
1078
1473
1181
1146
1380
1153
---------- Evolution 2 ----------
1042
1200
1405
1422
1164
1088
1504
1180
1128
1442
---------- Evolution 3 ----------
1049
1193
1144
1139
1443
1187
1049
1453
1144
1142
---------- Evolution 4 ----------
1017
1500
1180
1273
1179
1521
1164
1123
1503
1171
---------- Evolution 5 ----------
1018
1068
1133
1423
1165
1086
1431
1189
1083
1501
---------- Evolution 6 ----------
1008
1154
1154
1145
1444
1178
1125
1421
1159
1117
---------- Evolution 7 ----------
1196
1415
1160
1180
1103
1477
1178
1121
1458
1179
---------- Evolution 8 ----------
1077
1116
1179
1521
1208
1102
1505
1167
1090
1477
---------- Evolution 9 ----------
1046
1187
1210
1122
1432
1176
1085
1512
1185
1097
---------- Evolution 10 ----------
1044
1810
1404
1188
1120
1515
1186
1071
1453
1195
---------- Evolution 11 ----------
1592
1029
1105
1420
1167
1081
1465
1189
1108
1483
---------- Evolution 12 ----------
1046
1170
1163
1222
1429
1169
1107
1510
1191
1092
---------- Evolution 13 ----------
1024
1352
1451
1153
1108
1517
1198
1143
1437
1176
---------- Evolution 14 ----------
1362
1149
1132
1445
1190
1077
1411
1169
1109
1479
---------- Evolution 15 ----------
1016
1197
1174
1122
1308
1180
1113
1443
1209
1115
---------- Evolution 16 ----------
1026
1407
1387
1157
1144
1445
1398
1142
1455
1181
---------- Evolution 17 ----------
1039
1143
1127
1394
1151
1180
1390
1430
1113
1438
---------- Evolution 18 ----------
1080
1182
1229
1182
1471
1175
1103
1324
1574
1151
---------- Evolution 19 ----------
1041
1416
1428
1143
1064
1207
1191
1169
1420
1282
---------- Evolution 20 ----------
1155
1138
1129
1503
1169
1170
1389
1193
1113
1149
