---------- Evolution 1 ----------
420
352
348
341
415
396
403
434
418
413
---------- Evolution 2 ----------
334
335
341
355
436
407
412
409
392
397
---------- Evolution 3 ----------
342
336
340
362
425
418
425
387
412
418
---------- Evolution 4 ----------
340
360
335
377
414
387
409
426
412
428
---------- Evolution 5 ----------
338
376
340
365
433
390
431
394
409
419
---------- Evolution 6 ----------
351
356
342
336
428
390
403
391
408
419
---------- Evolution 7 ----------
344
369
333
382
404
426
410
402
433
409
---------- Evolution 8 ----------
336
377
332
415
393
418
408
403
406
415
---------- Evolution 9 ----------
336
360
382
401
405
407
424
414
417
411
