---------- Evolution 1 ----------
362
356
371
349
401
420
405
426
420
388
---------- Evolution 2 ----------
349
343
375
413
412
413
409
401
439
405
---------- Evolution 3 ----------
349
368
347
385
394
418
407
411
408
427
---------- Evolution 4 ----------
349
358
366
339
416
416
417
434
461
437
---------- Evolution 5 ----------
391
379
379
399
413
399
414
420
439
415
---------- Evolution 6 ----------
347
384
363
359
437
450
447
422
400
404
---------- Evolution 7 ----------
379
373
365
340
417
418
399
426
403
425
---------- Evolution 8 ----------
361
350
350
397
440
418
400
418
415
416
---------- Evolution 9 ----------
363
344
350
349
403
401
404
432
402
408
---------- Evolution 10 ----------
345
348
391
344
396
404
412
408
409
427
---------- Evolution 11 ----------
361
353
350
347
429
441
424
415
410
392
---------- Evolution 12 ----------
349
392
379
388
443
392
434
435
405
410
