---------- Evolution 1 ----------
395
429
399
503
455
478
485
467
795
456
---------- Evolution 2 ----------
395
426
501
460
439
452
466
602
454
481
---------- Evolution 3 ----------
394
427
403
505
458
445
725
500
437
481
---------- Evolution 4 ----------
397
404
397
466
468
693
415
454
462
465
---------- Evolution 5 ----------
397
459
417
482
494
423
442
463
467
626
---------- Evolution 6 ----------
401
396
416
473
473
459
456
459
737
436
---------- Evolution 7 ----------
415
413
426
486
478
451
481
475
504
449
---------- Evolution 8 ----------
399
398
408
472
495
451
462
442
428
466
---------- Evolution 9 ----------
426
403
417
477
482
464
472
472
439
495
---------- Evolution 10 ----------
408
400
481
464
468
468
451
453
448
446
---------- Evolution 11 ----------
399
405
463
474
459
452
462
465
453
469
---------- Evolution 12 ----------
400
391
462
493
460
470
463
471
459
485
