---------- Evolution 1 ----------
754
759
872
905
855
866
862
908
876
845
---------- Evolution 2 ----------
770
833
866
852
884
865
876
875
866
870
---------- Evolution 3 ----------
747
752
909
858
879
874
893
883
875
868
---------- Evolution 4 ----------
775
779
891
871
912
858
870
899
861
894
---------- Evolution 5 ----------
782
755
904
876
886
878
891
878
907
894
---------- Evolution 6 ----------
756
787
878
908
895
874
900
905
916
935
---------- Evolution 7 ----------
787
766
873
889
894
880
899
903
901
872
---------- Evolution 8 ----------
769
820
882
902
887
902
910
911
897
878
---------- Evolution 9 ----------
807
813
905
899
917
882
890
896
897
893
---------- Evolution 10 ----------
790
884
1058
921
899
954
907
906
941
952
---------- Evolution 11 ----------
809
938
859
929
911
896
888
952
894
1040
---------- Evolution 12 ----------
824
928
914
895
931
890
914
914
951
930
---------- Evolution 13 ----------
795
910
922
897
903
926
908
909
913
919
---------- Evolution 14 ----------
791
924
947
915
904
928
922
938
955
944
---------- Evolution 15 ----------
817
948
943
936
956
945
936
950
931
938
---------- Evolution 16 ----------
822
1061
930
942
950
972
938
955
940
925
---------- Evolution 17 ----------
823
949
938
916
953
912
939
953
938
915
---------- Evolution 18 ----------
819
936
956
943
946
961
966
957
971
943
---------- Evolution 19 ----------
815
959
963
941
985
958
932
944
953
1027
---------- Evolution 20 ----------
864
964
984
978
979
976
948
973
971
934
