---------- Evolution 1 ----------
357
327
350
336
405
393
433
394
406
379
---------- Evolution 2 ----------
343
326
344
356
398
412
458
399
399
396
---------- Evolution 3 ----------
351
332
335
378
407
400
416
399
442
421
---------- Evolution 4 ----------
346
352
353
373
420
419
408
405
397
413
---------- Evolution 5 ----------
367
353
348
403
396
430
406
427
431
424
---------- Evolution 6 ----------
366
365
333
423
380
407
399
394
416
462
---------- Evolution 7 ----------
324
360
392
386
383
403
411
389
403
408
---------- Evolution 8 ----------
345
361
325
419
405
433
412
394
421
432
---------- Evolution 9 ----------
353
360
336
402
394
399
410
445
392
404
