---------- Evolution 1 ----------
36.65733337402344
36.65733337402344
36.65733337402344
36.65733337402344
36.65733337402344
36.65733337402344
36.65733337402344
36.65733337402344
36.65733337402344
36.65733337402344
---------- Evolution 2 ----------
36.67877960205078
36.67877960205078
36.67877960205078
36.67877960205078
36.67877960205078
36.67877960205078
36.67877960205078
36.67877960205078
36.67877960205078
36.67877960205078
---------- Evolution 3 ----------
37.63884735107422
37.61772918701172
37.623260498046875
37.61772918701172
37.623260498046875
37.623260498046875
37.623260498046875
37.623260498046875
37.623260498046875
37.63884735107422
---------- Evolution 4 ----------
37.63884735107422
37.638832092285156
37.638832092285156
37.638832092285156
37.638832092285156
37.638832092285156
37.638832092285156
37.638832092285156
37.638832092285156
37.63884735107422
---------- Evolution 5 ----------
38.593040466308594
38.593040466308594
38.593040466308594
38.61448669433594
38.61448669433594
38.593040466308594
38.593040466308594
38.593040466308594
38.593040466308594
38.593040466308594
---------- Evolution 6 ----------
38.61455535888672
38.63005828857422
38.63005828857422
38.63005828857422
38.63005828857422
38.61455535888672
38.63005828857422
38.63005828857422
38.63005828857422
38.63005828857422
---------- Evolution 7 ----------
39.59300231933594
39.59300231933594
39.59300231933594
39.59300231933594
39.59300231933594
39.59300231933594
39.59300231933594
39.59300231933594
39.59300231933594
39.59300231933594
---------- Evolution 8 ----------
39.582298278808594
39.576507568359375
39.582298278808594
39.582298278808594
39.582298278808594
39.582298278808594
39.582298278808594
39.582298278808594
39.582298278808594
39.582298278808594
---------- Evolution 9 ----------
39.6953125
39.6953125
39.6953125
39.6953125
39.6953125
39.6953125
39.6953125
39.6953125
39.6953125
39.6953125
---------- Evolution 10 ----------
40.65733337402344
40.65733337402344
40.65733337402344
40.65733337402344
40.65733337402344
40.65733337402344
40.65733337402344
40.65733337402344
40.65733337402344
40.65733337402344
---------- Evolution 11 ----------
40.67877960205078
40.68659210205078
40.68659210205078
40.68659210205078
40.68659210205078
40.66319274902344
40.66319274902344
40.66319274902344
40.68659210205078
40.66319274902344
---------- Evolution 12 ----------
41.61736297607422
41.61736297607422
41.61736297607422
41.61736297607422
41.61736297607422
41.61736297607422
41.61736297607422
41.61736297607422
41.61736297607422
41.61736297607422
---------- Evolution 13 ----------
41.63298034667969
41.63298034667969
41.63298034667969
41.63298034667969
41.63298034667969
41.63298034667969
41.6544189453125
41.63298034667969
41.63298034667969
41.63298034667969
---------- Evolution 14 ----------
42.62229919433594
42.62229919433594
42.62229919433594
42.62229919433594
42.62229919433594
42.62229919433594
42.62229919433594
42.62229919433594
42.62229919433594
42.62229919433594
---------- Evolution 15 ----------
42.61448669433594
42.61448669433594
42.61448669433594
42.61448669433594
42.61448669433594
42.61448669433594
42.61448669433594
42.61448669433594
42.622344970703125
42.61448669433594
---------- Evolution 16 ----------
43.582313537597656
43.582313537597656
43.582313537597656
43.582313537597656
43.582313537597656
43.582313537597656
43.582313537597656
43.582313537597656
43.582313537597656
43.582313537597656
---------- Evolution 17 ----------
43.55897521972656
43.59788513183594
43.59788513183594
43.55897521972656
43.59007263183594
43.59788513183594
43.55897521972656
43.55897521972656
43.55897521972656
43.55897521972656
---------- Evolution 18 ----------
44.65728759765625
44.65728759765625
44.65728759765625
44.65729522705078
44.65729522705078
44.65728759765625
44.65729522705078
44.67595672607422
44.65728759765625
44.65729522705078
---------- Evolution 19 ----------
44.65733337402344
44.65733337402344
44.65733337402344
44.65733337402344
44.65733337402344
44.65733337402344
44.65733337402344
44.65733337402344
44.65733337402344
44.65733337402344
---------- Evolution 20 ----------
44.65733337402344
44.65733337402344
44.65733337402344
44.65733337402344
44.65733337402344
44.65733337402344
44.65733337402344
44.65733337402344
44.65733337402344
44.65733337402344
