---------- Evolution 1 ----------
29.63884735107422
29.6466064453125
29.6466064453125
29.6466064453125
29.6466064453125
29.6466064453125
29.6466064453125
29.6466064453125
29.6466064453125
29.6466064453125
---------- Evolution 2 ----------
29.632980346679688
29.6466064453125
29.6466064453125
29.6466064453125
29.6466064453125
29.6466064453125
29.6466064453125
29.6466064453125
29.6466064453125
29.6466064453125
---------- Evolution 3 ----------
29.6622314453125
29.6544189453125
29.638832092285156
29.6544189453125
29.6544189453125
29.6544189453125
29.638832092285156
29.638832092285156
29.6544189453125
29.638832092285156
---------- Evolution 4 ----------
29.6544189453125
29.6466064453125
29.6544189453125
29.6466064453125
29.6466064453125
29.6466064453125
29.6466064453125
29.6466064453125
29.6466064453125
29.6466064453125
---------- Evolution 5 ----------
30.622299194335938
30.614501953125
30.614501953125
30.614501953125
30.614501953125
30.614501953125
30.614501953125
30.614501953125
30.614501953125
30.614501953125
---------- Evolution 6 ----------
30.622299194335938
30.606674194335938
30.606674194335938
30.606674194335938
30.606674194335938
30.606674194335938
30.606674194335938
30.606674194335938
30.606674194335938
30.606674194335938
---------- Evolution 7 ----------
30.58527374267578
30.60663604736328
30.606651306152344
30.60662841796875
30.60663604736328
30.614486694335938
30.60662078857422
30.60663604736328
30.60662841796875
30.630088806152344
---------- Evolution 8 ----------
30.598846435546875
30.63787078857422
30.61443328857422
30.61443328857422
30.61443328857422
30.61443328857422
30.61443328857422
30.61443328857422
30.61443328857422
30.61443328857422
---------- Evolution 9 ----------
30.606658935546875
30.62224578857422
30.614471435546875
30.63787078857422
30.62224578857422
30.62224578857422
30.62224578857422
30.62224578857422
30.62224578857422
30.62224578857422
---------- Evolution 10 ----------
31.574501037597656
31.597938537597656
31.597938537597656
31.597938537597656
31.590126037597656
31.590126037597656
31.597938537597656
31.597938537597656
31.597938537597656
31.597938537597656
---------- Evolution 11 ----------
31.574501037597656
31.560813903808594
31.597938537597656
31.590126037597656
31.590126037597656
31.590126037597656
31.590126037597656
31.597938537597656
31.590126037597656
31.560813903808594
---------- Evolution 12 ----------
31.59789276123047
31.560829162597656
31.56084442138672
31.560813903808594
31.560821533203125
31.55322265625
31.597885131835938
31.560836791992188
31.560821533203125
31.56084442138672
---------- Evolution 13 ----------
31.613510131835938
31.584197998046875
31.56092071533203
31.561080932617188
31.568580627441406
31.568580627441406
31.568580627441406
31.568580627441406
31.584205627441406
31.56092071533203
---------- Evolution 14 ----------
31.613510131835938
31.584228515625
31.584228515625
31.584251403808594
31.584205627441406
31.584205627441406
31.58422088623047
31.584205627441406
31.584213256835938
31.58422088623047
---------- Evolution 15 ----------
31.6953125
31.6953125
31.6953125
31.6953125
31.6953125
31.6953125
31.6953125
31.6953125
31.6953125
31.6953125
---------- Evolution 16 ----------
32.65733337402344
32.65733337402344
32.65733337402344
32.65733337402344
32.65733337402344
32.65733337402344
32.65733337402344
32.65733337402344
32.65733337402344
32.65733337402344
---------- Evolution 17 ----------
32.65733337402344
32.65733337402344
32.65733337402344
32.65733337402344
32.65733337402344
32.65733337402344
32.65733337402344
32.65733337402344
32.65733337402344
32.65733337402344
---------- Evolution 18 ----------
32.657318115234375
32.657318115234375
32.657318115234375
32.657318115234375
32.657318115234375
32.65825653076172
32.657318115234375
32.657318115234375
32.657318115234375
32.65825653076172
---------- Evolution 19 ----------
32.67877960205078
32.67877960205078
32.67877960205078
32.67877960205078
32.67877960205078
32.67877960205078
32.67877960205078
32.67877960205078
32.67877960205078
32.67877960205078
---------- Evolution 20 ----------
33.63884735107422
33.63884735107422
33.63884735107422
33.63884735107422
33.63884735107422
33.63884735107422
33.63884735107422
33.63884735107422
33.63884735107422
33.63884735107422
