---------- Evolution 1 ----------
29.64665985107422
29.623260498046875
29.63105010986328
29.63105010986328
29.623260498046875
29.623260498046875
29.623260498046875
29.63105010986328
29.623260498046875
29.63105010986328
---------- Evolution 2 ----------
29.6544189453125
29.631019592285156
29.631019592285156
29.631019592285156
29.631019592285156
29.631019592285156
29.631019592285156
29.631019592285156
29.631019592285156
29.631019592285156
---------- Evolution 3 ----------
29.638954162597656
29.63294219970703
29.6329345703125
29.6329345703125
29.6329345703125
29.632949829101562
29.6329345703125
29.63294219970703
29.63292694091797
29.63294219970703
---------- Evolution 4 ----------
29.6544189453125
29.6544189453125
29.6544189453125
29.6544189453125
29.6544189453125
29.6544189453125
29.6544189453125
29.6544189453125
29.6544189453125
29.6544189453125
---------- Evolution 5 ----------
29.6466064453125
29.646682739257812
29.646682739257812
29.646682739257812
29.646682739257812
29.646682739257812
29.646682739257812
29.646682739257812
29.646682739257812
29.646682739257812
---------- Evolution 6 ----------
30.598899841308594
30.614486694335938
30.614486694335938
30.614486694335938
30.614486694335938
30.614486694335938
30.614486694335938
30.614486694335938
30.614486694335938
30.614486694335938
---------- Evolution 7 ----------
30.598915100097656
30.62224578857422
30.62224578857422
30.62224578857422
30.62224578857422
30.62224578857422
30.62224578857422
30.62224578857422
30.62224578857422
30.62224578857422
---------- Evolution 8 ----------
30.61443328857422
30.606658935546875
30.606658935546875
30.606658935546875
30.606658935546875
30.606658935546875
30.606658935546875
30.606658935546875
30.606658935546875
30.606658935546875
---------- Evolution 9 ----------
30.62224578857422
30.63005828857422
30.60112762451172
30.60112762451172
30.60112762451172
30.60112762451172
30.60112762451172
30.60112762451172
30.60112762451172
30.60112762451172
---------- Evolution 10 ----------
30.61444854736328
30.60894012451172
30.60894012451172
30.616371154785156
30.60894012451172
30.60894012451172
30.60894012451172
30.60894012451172
30.60894012451172
30.616371154785156
---------- Evolution 11 ----------
31.57452392578125
31.553115844726562
31.553115844726562
31.553085327148438
31.553115844726562
31.553115844726562
31.553115844726562
31.553115844726562
31.553115844726562
31.553085327148438
---------- Evolution 12 ----------
31.582298278808594
31.597938537597656
31.597938537597656
31.597938537597656
31.597938537597656
31.597938537597656
31.597938537597656
31.597938537597656
31.597938537597656
31.597938537597656
---------- Evolution 13 ----------
31.59009552001953
31.554183959960938
31.554176330566406
31.554061889648438
31.554176330566406
31.554183959960938
31.554183959960938
31.554183959960938
31.554183959960938
31.554183959960938
---------- Evolution 14 ----------
31.57640838623047
31.597885131835938
31.597885131835938
31.597885131835938
31.597885131835938
31.597885131835938
31.597885131835938
31.597885131835938
31.597885131835938
31.597885131835938
---------- Evolution 15 ----------
31.576400756835938
31.582298278808594
31.582298278808594
31.582298278808594
31.582298278808594
31.582298278808594
31.582298278808594
31.582298278808594
31.582298278808594
31.582298278808594
---------- Evolution 16 ----------
31.6953125
31.6953125
31.6953125
31.6953125
31.6953125
31.6953125
31.6953125
31.6953125
31.6953125
31.6953125
---------- Evolution 17 ----------
32.65733337402344
32.65733337402344
32.65733337402344
32.65733337402344
32.65733337402344
32.65733337402344
32.65733337402344
32.65733337402344
32.65733337402344
32.65733337402344
---------- Evolution 18 ----------
32.66319274902344
32.67877960205078
32.67877960205078
32.67877960205078
32.67877960205078
32.67877960205078
32.67877960205078
32.67877960205078
32.67877960205078
32.67877960205078
---------- Evolution 19 ----------
32.65752410888672
32.65740203857422
32.65752410888672
32.65752410888672
32.65752410888672
32.65740203857422
32.65752410888672
32.65752410888672
32.65752410888672
32.65752410888672
---------- Evolution 20 ----------
32.68659210205078
32.68659210205078
32.68659210205078
32.68659210205078
32.68659210205078
32.68659210205078
32.68659210205078
32.68659210205078
32.68659210205078
32.68659210205078
