---------- Evolution 1 ----------
339.18370056152344
335.4610900878906
335.3546447753906
333.04712677001953
337.4222106933594
333.2777862548828
338.9422073364258
337.3450469970703
332.9137878417969
333.2376708984375
---------- Evolution 2 ----------
337.2680130004883
335.4886169433594
335.1911849975586
339.12835693359375
339.3579864501953
335.4400329589844
339.4130401611328
335.30286407470703
335.2670440673828
337.5256805419922
---------- Evolution 3 ----------
335.32102966308594
335.4824752807617
335.08113861083984
337.55615234375
336.8866271972656
335.53773498535156
337.3923110961914
335.48619079589844
335.3246841430664
335.3741760253906
---------- Evolution 4 ----------
333.36934661865234
335.0905227661133
335.43775177001953
335.42201232910156
333.34432220458984
335.2760696411133
339.1680603027344
337.34293365478516
336.8908996582031
333.3794860839844
---------- Evolution 5 ----------
335.31358337402344
339.4197540283203
335.20142364501953
339.5815200805664
333.3010559082031
339.36497497558594
335.24988555908203
335.09449768066406
339.2192916870117
333.16554260253906
---------- Evolution 6 ----------
337.1981735229492
335.1349105834961
337.35829162597656
337.25443267822266
339.02049255371094
337.2953186035156
337.36893463134766
337.20438385009766
337.2022018432617
339.4194641113281
---------- Evolution 7 ----------
339.2034225463867
343.1260223388672
339.1991424560547
335.62877655029297
337.47222900390625
339.3740768432617
335.28858947753906
337.11309814453125
335.3743896484375
338.984130859375
---------- Evolution 8 ----------
339.13658905029297
337.3120803833008
341.1526641845703
333.68438720703125
335.46128845214844
338.81446838378906
335.2492370605469
337.46129608154297
338.95503997802734
335.1349563598633
---------- Evolution 9 ----------
339.5475540161133
337.5896530151367
337.15879821777344
340.9674072265625
337.2432403564453
339.20755767822266
337.4446716308594
337.65589141845703
341.3651885986328
339.2483673095703
---------- Evolution 10 ----------
339.43514251708984
337.2002182006836
337.23389434814453
337.48133850097656
339.37103271484375
339.1786117553711
337.36165618896484
341.3059997558594
341.02530670166016
339.2073516845703
---------- Evolution 11 ----------
339.3197021484375
341.28977966308594
341.4356384277344
337.3937301635742
341.1700134277344
337.697265625
339.1238021850586
339.16565704345703
337.697265625
339.114013671875
---------- Evolution 12 ----------
335.4310302734375
337.39573669433594
335.4028015136719
337.5808563232422
337.06607818603516
335.23081970214844
337.225830078125
339.2075424194336
337.0570602416992
341.2270278930664
---------- Evolution 13 ----------
335.49791717529297
337.60778045654297
340.9807357788086
341.04061126708984
337.6451416015625
339.3211898803711
339.25818634033203
337.4126739501953
339.1947021484375
337.17784118652344
---------- Evolution 14 ----------
341.16577911376953
337.3303909301758
339.2984848022461
339.51282501220703
339.49388885498047
339.10345458984375
335.23341369628906
343.30150604248047
337.4727783203125
337.4302062988281
---------- Evolution 15 ----------
339.35247802734375
339.1520538330078
337.50462341308594
341.47693634033203
339.67713165283203
341.40428161621094
339.5285339355469
339.47486877441406
337.42381286621094
337.0029983520508
---------- Evolution 16 ----------
341.05653381347656
338.9505081176758
340.95176696777344
339.4470672607422
337.6089553833008
337.3791809082031
341.2541809082031
337.57689666748047
343.18150329589844
335.50630950927734
---------- Evolution 17 ----------
341.10140228271484
341.37298583984375
341.42726135253906
337.6554718017578
341.0675735473633
343.0
339.44696044921875
343.0163345336914
335.56009674072266
339.2649154663086
---------- Evolution 18 ----------
341.34012603759766
341.5520477294922
341.5291976928711
338.90624237060547
339.11767578125
339.04227447509766
341.43377685546875
339.3048095703125
339.27430725097656
339.23785400390625
---------- Evolution 19 ----------
339.4391326904297
343.2216567993164
339.3654098510742
339.4497375488281
339.23729705810547
343.1839828491211
343.4915771484375
343.0178527832031
343.1943664550781
339.6165084838867
---------- Evolution 20 ----------
343.22228240966797
347.04471588134766
339.5342102050781
345.23592376708984
342.9028778076172
341.2789840698242
345.27947998046875
339.1207504272461
339.64307403564453
341.38590240478516
