---------- Evolution 1 ----------
398.59606170654297
402.06078338623047
391.6953125
397.57884216308594
396.16969299316406
398.06111907958984
399.7743911743164
391.6953125
396.1221008300781
395.46944427490234
---------- Evolution 2 ----------
399.6413269042969
395.7744140625
397.58887481689453
393.65318298339844
397.697265625
400.48548889160156
393.69195556640625
397.7762145996094
396.1702423095703
398.1721496582031
---------- Evolution 3 ----------
400.1838684082031
397.6650390625
397.8549346923828
399.85333251953125
398.0918960571289
398.282470703125
399.93247985839844
402.07584381103516
402.17063903808594
397.6429443359375
---------- Evolution 4 ----------
395.9319534301758
398.20196533203125
395.9314498901367
397.85459899902344
402.36219787597656
397.49803161621094
397.94881439208984
393.697265625
391.46202850341797
398.0132141113281
---------- Evolution 5 ----------
396.0888366699219
399.6953125
393.697265625
395.6338195800781
397.697265625
399.8529510498047
395.7739715576172
397.6573486328125
397.948974609375
400.27838134765625
---------- Evolution 6 ----------
399.6861877441406
393.9173355102539
399.96240997314453
395.9314270019531
395.6446990966797
399.61277770996094
399.6953125
398.5000305175781
400.4803009033203
400.16754150390625
---------- Evolution 7 ----------
399.65953826904297
395.8520965576172
401.93262481689453
402.1279525756836
402.0971374511719
401.85455322265625
403.9783020019531
399.9780502319336
397.697265625
400.2602310180664
---------- Evolution 8 ----------
397.8539123535156
398.3537063598633
401.61949157714844
397.77515411376953
401.8569641113281
398.35462188720703
397.697265625
402.3467102050781
401.87603759765625
398.2915573120117
---------- Evolution 9 ----------
397.6335906982422
403.6953125
402.1205062866211
401.697265625
406.26769256591797
401.9416198730469
402.4622497558594
397.6420135498047
402.18638610839844
402.34918212890625
---------- Evolution 10 ----------
400.26611328125
401.57042694091797
402.46119689941406
402.18565368652344
397.7785415649414
402.2671585083008
397.7787170410156
398.35028076171875
402.1363067626953
397.7789001464844
---------- Evolution 11 ----------
406.0762405395508
398.4307403564453
402.1858825683594
402.2489471435547
402.18560791015625
397.6150588989258
401.69515228271484
402.21732330322266
402.1522521972656
401.9416198730469
---------- Evolution 12 ----------
400.0531692504883
402.30025482177734
399.6846389770508
400.0838394165039
398.21814727783203
404.2473373413086
401.9733352661133
402.34954833984375
398.13592529296875
400.16563415527344
---------- Evolution 13 ----------
401.77874755859375
400.0207824707031
402.3470153808594
404.40958404541016
401.697265625
401.697265625
404.2658996582031
399.6953125
403.9398956298828
402.02392578125
---------- Evolution 14 ----------
401.697265625
404.1848907470703
404.1845703125
402.26795959472656
403.577880859375
406.1367645263672
403.8578643798828
400.49267578125
404.2465133666992
404.37781524658203
---------- Evolution 15 ----------
399.77664947509766
403.6834259033203
404.3637237548828
405.95716857910156
404.1654815673828
404.0835952758789
404.70611572265625
404.31212615966797
407.61339569091797
403.6953125
---------- Evolution 16 ----------
402.3442611694336
408.1838836669922
404.1657485961914
403.6411361694336
404.13389587402344
404.02093505859375
404.2972869873047
404.29723358154297
404.2661666870117
403.64823150634766
---------- Evolution 17 ----------
408.42864990234375
404.344482421875
404.2459182739258
404.0525207519531
404.18324279785156
404.4281692504883
408.4454574584961
404.2626419067383
408.23014068603516
404.42933654785156
---------- Evolution 18 ----------
404.0203857421875
403.6953125
406.16724395751953
401.859619140625
406.23209381103516
406.7034912109375
404.0833511352539
404.02093505859375
404.39363861083984
405.7003173828125
---------- Evolution 19 ----------
406.24622344970703
406.34515380859375
410.37769317626953
405.6699447631836
403.6953125
406.26619720458984
406.48899841308594
406.1840057373047
406.2167739868164
406.3124771118164
---------- Evolution 20 ----------
408.1819610595703
408.4258346557617
409.9412078857422
406.3623809814453
407.77630615234375
408.26253509521484
405.95613861083984
406.54398345947266
408.36024475097656
408.1166458129883
