---------- Evolution 1 ----------
20.25183868408203
20.25865936279297
22.241485595703125
20.247711181640625
22.23999786376953
20.261474609375
20.248085021972656
20.26183319091797
22.239395141601562
22.24755859375
---------- Evolution 2 ----------
20.26172637939453
22.23772430419922
20.24541473388672
22.237472534179688
22.24115753173828
20.248329162597656
20.248802185058594
20.246307373046875
20.242706298828125
22.243988037109375
---------- Evolution 3 ----------
20.260879516601562
20.252471923828125
22.246673583984375
20.258522033691406
20.264175415039062
20.25623321533203
20.244033813476562
20.255386352539062
22.24687957763672
20.242095947265625
---------- Evolution 4 ----------
22.25287628173828
24.239608764648438
24.241806030273438
22.24602508544922
22.23674774169922
24.245101928710938
22.239768981933594
22.249435424804688
24.244720458984375
22.241836547851562
---------- Evolution 5 ----------
22.250892639160156
22.23828125
24.242599487304688
24.241058349609375
22.247299194335938
24.245941162109375
24.24968719482422
24.257713317871094
22.24909210205078
22.238571166992188
---------- Evolution 6 ----------
24.260826110839844
22.2391357421875
22.242576599121094
24.254005432128906
22.242782592773438
24.23883056640625
22.24053955078125
24.246856689453125
22.24151611328125
24.24188995361328
---------- Evolution 7 ----------
24.248451232910156
24.237152099609375
26.24188232421875
26.24480438232422
24.241233825683594
24.242965698242188
26.248703002929688
26.246002197265625
26.242103576660156
24.246490478515625
---------- Evolution 8 ----------
26.25415802001953
26.236183166503906
26.239898681640625
26.249427795410156
26.24120330810547
26.24230194091797
24.250221252441406
26.241127014160156
24.24652862548828
26.24842071533203
---------- Evolution 9 ----------
24.25292205810547
26.24237060546875
24.258399963378906
26.247726440429688
26.244247436523438
24.26378631591797
26.23609161376953
26.242210388183594
26.236480712890625
26.23804473876953
---------- Evolution 10 ----------
28.247596740722656
28.24620819091797
28.24335479736328
28.23987579345703
28.245765686035156
28.242507934570312
28.239822387695312
28.242164611816406
28.24652862548828
26.245338439941406
---------- Evolution 11 ----------
28.24694061279297
30.23902130126953
30.243270874023438
30.242591857910156
30.24248504638672
30.24925994873047
30.243499755859375
28.247032165527344
28.24249267578125
30.244369506835938
---------- Evolution 12 ----------
30.24816131591797
30.23896026611328
30.243118286132812
30.238746643066406
30.24053955078125
28.255172729492188
30.24407196044922
30.231910705566406
30.24524688720703
30.241043090820312
---------- Evolution 13 ----------
30.24468994140625
32.242103576660156
32.236717224121094
32.24858093261719
30.245277404785156
32.247154235839844
32.244728088378906
32.24559020996094
32.24200439453125
32.24712371826172
---------- Evolution 14 ----------
32.25697326660156
32.24254608154297
32.25341033935547
32.25684356689453
32.25920104980469
32.237937927246094
30.239883422851562
32.25688171386719
32.24370574951172
30.242813110351562
---------- Evolution 15 ----------
34.24516296386719
32.24823760986328
32.24754333496094
32.240203857421875
32.240806579589844
32.249114990234375
32.24669647216797
34.244712829589844
32.246177673339844
32.23529815673828
---------- Evolution 16 ----------
36.24280548095703
36.24871826171875
36.242958068847656
36.23844909667969
36.241432189941406
36.24121856689453
36.253318786621094
36.24403381347656
36.248939514160156
36.24341583251953
---------- Evolution 17 ----------
36.248870849609375
36.260658264160156
36.266632080078125
36.24980163574219
36.265220642089844
36.25537872314453
36.25543975830078
36.25230407714844
36.25340270996094
36.24769592285156
---------- Evolution 18 ----------
36.251922607421875
38.248329162597656
38.245933532714844
36.24388122558594
38.239967346191406
38.24456787109375
36.24623107910156
38.24085998535156
38.24517822265625
36.244224548339844
---------- Evolution 19 ----------
40.242462158203125
40.241485595703125
40.25083923339844
40.241600036621094
40.243690490722656
40.24718475341797
40.24418640136719
40.24799346923828
40.2440185546875
40.24931335449219
---------- Evolution 20 ----------
42.24028778076172
40.245155334472656
42.23778533935547
40.23637390136719
40.23957061767578
42.245033264160156
42.24047088623047
40.24598693847656
42.23881530761719
40.24580383300781
