---------- Evolution 1 ----------
32.67877960205078
32.65740203857422
32.65740203857422
32.65729522705078
32.65740203857422
32.65740203857422
32.65740203857422
32.65740203857422
32.65752410888672
32.65734100341797
---------- Evolution 2 ----------
33.64073181152344
33.638832092285156
33.638832092285156
33.638832092285156
33.638832092285156
33.638832092285156
33.638832092285156
33.638832092285156
33.638832092285156
33.638832092285156
---------- Evolution 3 ----------
34.61540985107422
34.57738494873047
34.57775115966797
34.614501953125
34.57775115966797
34.57775115966797
34.57738494873047
34.57775115966797
34.614501953125
34.57738494873047
---------- Evolution 4 ----------
34.608604431152344
34.59907531738281
34.59910583496094
34.59910583496094
34.59910583496094
34.59910583496094
34.59910583496094
34.59910583496094
34.59910583496094
34.59910583496094
---------- Evolution 5 ----------
35.582374572753906
35.582374572753906
35.582374572753906
35.582374572753906
35.582374572753906
35.582374572753906
35.582374572753906
35.582374572753906
35.582374572753906
35.582374572753906
---------- Evolution 6 ----------
36.65776824951172
36.65776824951172
36.65776824951172
36.65776824951172
36.65776824951172
36.65776824951172
36.65776824951172
36.65776824951172
36.65776824951172
36.65776824951172
---------- Evolution 7 ----------
36.657310485839844
36.657310485839844
36.657310485839844
36.657310485839844
36.657310485839844
36.657310485839844
36.657310485839844
36.657310485839844
36.657310485839844
36.657310485839844
---------- Evolution 8 ----------
37.646629333496094
37.646629333496094
37.638832092285156
37.646629333496094
37.638832092285156
37.646629333496094
37.646629333496094
37.638832092285156
37.646629333496094
37.646629333496094
---------- Evolution 9 ----------
38.585227966308594
38.58519744873047
38.58519744873047
38.585296630859375
38.585235595703125
38.585235595703125
38.585235595703125
38.585418701171875
38.585235595703125
38.58519744873047
---------- Evolution 10 ----------
39.55134582519531
39.55134582519531
39.566810607910156
39.55134582519531
39.55134582519531
39.55134582519531
39.55134582519531
39.55134582519531
39.55134582519531
39.55134582519531
---------- Evolution 11 ----------
40.67877960205078
40.67877960205078
40.65740203857422
40.67877960205078
40.67877960205078
40.65740203857422
40.65752410888672
40.65752410888672
40.67877960205078
40.65740203857422
---------- Evolution 12 ----------
41.638832092285156
41.638832092285156
41.638832092285156
41.638832092285156
41.638832092285156
41.638832092285156
41.638832092285156
41.638832092285156
41.638832092285156
41.638832092285156
---------- Evolution 13 ----------
42.62224578857422
42.62224578857422
42.62224578857422
42.62224578857422
42.62224578857422
42.62224578857422
42.62224578857422
42.62224578857422
42.62224578857422
42.62224578857422
---------- Evolution 14 ----------
43.590087890625
43.590087890625
43.590087890625
43.576507568359375
43.590087890625
43.590087890625
43.590087890625
43.590087890625
43.590087890625
43.590087890625
---------- Evolution 15 ----------
44.65733337402344
44.65752410888672
44.65752410888672
44.65733337402344
44.65733337402344
44.65752410888672
44.65752410888672
44.65733337402344
44.65733337402344
44.65733337402344
---------- Evolution 16 ----------
45.62322998046875
45.62322998046875
45.62322998046875
45.62322998046875
45.62322998046875
45.62322998046875
45.62322998046875
45.62322998046875
45.6466064453125
45.62322998046875
---------- Evolution 17 ----------
47.574554443359375
47.57451629638672
47.57451629638672
47.57451629638672
47.57451629638672
47.57451629638672
47.57451629638672
47.57451629638672
47.57451629638672
47.57451629638672
---------- Evolution 18 ----------
48.65733337402344
48.65733337402344
48.65733337402344
48.65733337402344
48.65733337402344
48.65733337402344
48.65733337402344
48.65733337402344
48.65733337402344
48.65733337402344
---------- Evolution 19 ----------
48.65735626220703
48.65735626220703
48.65735626220703
48.65735626220703
48.65735626220703
48.65735626220703
48.65735626220703
48.65735626220703
48.65735626220703
48.65735626220703
---------- Evolution 20 ----------
50.600990295410156
50.600990295410156
50.600990295410156
50.600990295410156
50.600990295410156
50.600990295410156
50.600990295410156
50.600990295410156
50.600990295410156
50.600990295410156
