---------- Evolution 1 ----------
29.638832092285156
29.638832092285156
29.633041381835938
29.638832092285156
29.638832092285156
29.638832092285156
29.638832092285156
29.63294219970703
29.638832092285156
29.638832092285156
---------- Evolution 2 ----------
29.6544189453125
29.6544189453125
29.6544189453125
29.6544189453125
29.6544189453125
29.6544189453125
29.6544189453125
29.6544189453125
29.6544189453125
29.6544189453125
---------- Evolution 3 ----------
30.60662078857422
30.60662078857422
30.60662078857422
30.60662078857422
30.60662078857422
30.60662078857422
30.60662078857422
30.60662078857422
30.60662078857422
30.60662078857422
---------- Evolution 4 ----------
30.622398376464844
30.62432861328125
30.622398376464844
30.62432861328125
30.62432861328125
30.62432861328125
30.62432861328125
30.622398376464844
30.62432861328125
30.62432861328125
---------- Evolution 5 ----------
31.58985137939453
31.58985137939453
31.58985137939453
31.58985137939453
31.566619873046875
31.566619873046875
31.58985137939453
31.58985137939453
31.58985137939453
31.58985137939453
---------- Evolution 6 ----------
32.65733337402344
32.65733337402344
32.65733337402344
32.65733337402344
32.65733337402344
32.65733337402344
32.65733337402344
32.65733337402344
32.65733337402344
32.65733337402344
---------- Evolution 7 ----------
32.68659210205078
32.67877960205078
32.67877960205078
32.67877960205078
32.67877960205078
32.67877960205078
32.67877960205078
32.67877960205078
32.67877960205078
32.67877960205078
---------- Evolution 8 ----------
33.6544189453125
33.6544189453125
33.6544189453125
33.6544189453125
33.6544189453125
33.6544189453125
33.6544189453125
33.6544189453125
33.6544189453125
33.6544189453125
---------- Evolution 9 ----------
34.606658935546875
34.606658935546875
34.606658935546875
34.606658935546875
34.606658935546875
34.606658935546875
34.606658935546875
34.606658935546875
34.606658935546875
34.606658935546875
---------- Evolution 10 ----------
35.61157989501953
35.61157989501953
35.61157989501953
35.61157989501953
35.61157989501953
35.61157989501953
35.61157989501953
35.61157989501953
35.61157989501953
35.61157989501953
---------- Evolution 11 ----------
36.66509246826172
36.66319274902344
36.66319274902344
36.66319274902344
36.66319274902344
36.66319274902344
36.66319274902344
36.66319274902344
36.66319274902344
36.66319274902344
---------- Evolution 12 ----------
37.6622314453125
37.6622314453125
37.6622314453125
37.6622314453125
37.6622314453125
37.6622314453125
37.6622314453125
37.6622314453125
37.6622314453125
37.6622314453125
---------- Evolution 13 ----------
38.63005828857422
38.63005828857422
38.63005828857422
38.63005828857422
38.63005828857422
38.63005828857422
38.63005828857422
38.63005828857422
38.63005828857422
38.63005828857422
---------- Evolution 14 ----------
39.582298278808594
39.582298278808594
39.582298278808594
39.582298278808594
39.582298278808594
39.582298278808594
39.582298278808594
39.582298278808594
39.582298278808594
39.582298278808594
---------- Evolution 15 ----------
40.67877960205078
40.68659210205078
40.67877960205078
40.68659210205078
40.67877960205078
40.65740203857422
40.67877960205078
40.68659210205078
40.67877960205078
40.67877960205078
---------- Evolution 16 ----------
41.6544189453125
41.6544189453125
41.64666748046875
41.6544189453125
41.6544189453125
41.6544189453125
41.6544189453125
41.6544189453125
41.64666748046875
41.6544189453125
---------- Evolution 17 ----------
42.63005828857422
42.63005828857422
42.63005828857422
42.63005828857422
42.63005828857422
42.63005828857422
42.63005828857422
42.63005828857422
42.63005828857422
42.63005828857422
---------- Evolution 18 ----------
44.658241271972656
44.658241271972656
44.658241271972656
44.658241271972656
44.658241271972656
44.658241271972656
44.658241271972656
44.658241271972656
44.658241271972656
44.658241271972656
---------- Evolution 19 ----------
45.6544189453125
45.6544189453125
45.6544189453125
45.6544189453125
45.6544189453125
45.6544189453125
45.6544189453125
45.6544189453125
45.6544189453125
45.6544189453125
---------- Evolution 20 ----------
46.614463806152344
46.614463806152344
46.614463806152344
46.614463806152344
46.614463806152344
46.614463806152344
46.614463806152344
46.614463806152344
46.614463806152344
46.614463806152344
