---------- Evolution 1 ----------
35.60569763183594
35.59788513183594
35.59788513183594
35.60569763183594
35.59788513183594
35.59788513183594
35.60569763183594
35.59788513183594
35.59788513183594
35.59788513183594
---------- Evolution 2 ----------
35.59789276123047
35.59788513183594
35.59788513183594
35.59788513183594
35.59788513183594
35.59788513183594
35.59788513183594
35.59788513183594
35.59788513183594
35.59788513183594
---------- Evolution 3 ----------
35.6953125
36.658172607421875
36.658172607421875
36.658172607421875
36.658172607421875
36.658172607421875
35.6953125
36.658172607421875
36.658172607421875
36.658172607421875
---------- Evolution 4 ----------
36.65733337402344
36.65733337402344
36.65733337402344
36.65733337402344
36.65733337402344
36.65733337402344
36.65733337402344
36.65733337402344
36.65733337402344
36.65733337402344
---------- Evolution 5 ----------
36.67877960205078
36.65733337402344
36.65733337402344
36.65733337402344
36.65733337402344
36.65733337402344
36.65733337402344
36.65733337402344
36.65733337402344
36.65733337402344
---------- Evolution 6 ----------
37.63884735107422
37.63884735107422
37.63884735107422
37.63884735107422
37.63884735107422
37.63884735107422
37.63884735107422
37.63884735107422
37.63884735107422
37.63884735107422
---------- Evolution 7 ----------
37.646697998046875
37.646697998046875
37.646697998046875
37.646697998046875
37.646697998046875
37.646697998046875
37.646697998046875
37.646697998046875
37.646697998046875
37.646697998046875
---------- Evolution 8 ----------
38.60667419433594
38.593109130859375
38.61448669433594
38.593109130859375
38.593109130859375
38.593109130859375
38.593109130859375
38.593109130859375
38.60667419433594
38.593109130859375
---------- Evolution 9 ----------
38.60856628417969
38.60856628417969
38.60856628417969
38.60856628417969
38.60856628417969
38.60856628417969
38.60856628417969
38.60856628417969
38.60856628417969
38.60856628417969
---------- Evolution 10 ----------
39.560829162597656
39.56672668457031
39.59015655517578
39.59015655517578
39.59015655517578
39.59015655517578
39.56672668457031
39.56672668457031
39.59015655517578
39.56672668457031
---------- Evolution 11 ----------
39.58226776123047
39.58226776123047
39.59008026123047
39.58226776123047
39.59008026123047
39.58226776123047
39.58226776123047
39.59008026123047
39.58226776123047
39.56895446777344
---------- Evolution 12 ----------
40.659263610839844
40.65729522705078
40.657379150390625
40.657379150390625
40.670997619628906
40.670997619628906
40.670997619628906
40.657379150390625
40.670997619628906
40.657379150390625
---------- Evolution 13 ----------
40.65733337402344
40.65733337402344
40.65733337402344
40.65733337402344
40.65740203857422
40.65733337402344
40.65733337402344
40.65733337402344
40.65733337402344
40.65733337402344
---------- Evolution 14 ----------
41.623207092285156
41.61760711669922
41.6387939453125
41.61760711669922
41.61756896972656
41.61760711669922
41.61760711669922
41.61760711669922
41.61760711669922
41.61760711669922
---------- Evolution 15 ----------
41.632972717285156
41.625160217285156
41.625160217285156
41.625160217285156
41.625160217285156
41.625160217285156
41.632972717285156
41.625160217285156
41.632972717285156
41.632972717285156
---------- Evolution 16 ----------
42.60662078857422
42.607505798339844
42.59892272949219
42.607505798339844
42.607505798339844
42.607505798339844
42.607505798339844
42.59892272949219
42.60662078857422
42.60662078857422
---------- Evolution 17 ----------
42.61448669433594
42.61448669433594
42.61448669433594
42.61448669433594
42.61448669433594
42.61448669433594
42.61448669433594
42.61448669433594
42.61448669433594
42.61448669433594
---------- Evolution 18 ----------
42.59898376464844
42.59898376464844
42.59898376464844
42.59898376464844
42.59898376464844
42.59898376464844
42.59898376464844
42.59898376464844
42.59898376464844
42.59898376464844
---------- Evolution 19 ----------
42.60859680175781
42.60859680175781
42.60859680175781
42.60859680175781
42.60859680175781
42.60859680175781
42.60859680175781
42.60859680175781
42.60859680175781
42.60859680175781
---------- Evolution 20 ----------
43.57453918457031
43.57453918457031
43.57453918457031
43.57453918457031
43.57453918457031
43.57453918457031
43.57453918457031
43.57453918457031
43.57453918457031
43.57453918457031
