---------- Evolution 1 ----------
28.663192749023438
28.67877960205078
28.67877960205078
28.67877960205078
28.67877960205078
28.67877960205078
28.67877960205078
28.67877960205078
28.67877960205078
28.67877960205078
---------- Evolution 2 ----------
28.68659210205078
28.657325744628906
28.657325744628906
28.657325744628906
28.657325744628906
28.657325744628906
28.657325744628906
28.657325744628906
28.67877960205078
28.657325744628906
---------- Evolution 3 ----------
29.638832092285156
29.6544189453125
29.6544189453125
29.6544189453125
29.6544189453125
29.6544189453125
29.6544189453125
29.6544189453125
29.6544189453125
29.6544189453125
---------- Evolution 4 ----------
29.6387939453125
29.6387939453125
29.6387939453125
29.6387939453125
29.6387939453125
29.6387939453125
29.6387939453125
29.6387939453125
29.6387939453125
29.6387939453125
---------- Evolution 5 ----------
30.593040466308594
30.57740020751953
30.585662841796875
30.577621459960938
30.585235595703125
30.585662841796875
30.57740020751953
30.577499389648438
30.577590942382812
30.577499389648438
---------- Evolution 6 ----------
30.589019775390625
30.605567932128906
30.605567932128906
30.605567932128906
30.605567932128906
30.605567932128906
30.605567932128906
30.605567932128906
30.605567932128906
30.605567932128906
---------- Evolution 7 ----------
31.564491271972656
31.57341766357422
31.57341766357422
31.573410034179688
31.573410034179688
31.57341766357422
31.573402404785156
31.57341766357422
31.573410034179688
31.573410034179688
---------- Evolution 8 ----------
31.57415008544922
31.57415008544922
31.57415008544922
31.566421508789062
31.57415008544922
31.566421508789062
31.57415008544922
31.55876922607422
31.57415008544922
31.57415008544922
---------- Evolution 9 ----------
32.657371520996094
32.657318115234375
32.657318115234375
32.657318115234375
32.657318115234375
32.657318115234375
32.657318115234375
32.657318115234375
32.657318115234375
32.657318115234375
---------- Evolution 10 ----------
32.68659210205078
32.68659210205078
32.68659210205078
32.68659210205078
32.68659210205078
32.68659210205078
32.68659210205078
32.68659210205078
32.66319274902344
32.68659210205078
---------- Evolution 11 ----------
33.646629333496094
33.646629333496094
33.646629333496094
33.63885498046875
33.63885498046875
33.63885498046875
33.63885498046875
33.646629333496094
33.63885498046875
33.63885498046875
---------- Evolution 12 ----------
34.60112762451172
34.63005828857422
34.63005828857422
34.63005828857422
34.63005828857422
34.63005828857422
34.63005828857422
34.63005828857422
34.63005828857422
34.63005828857422
---------- Evolution 13 ----------
35.60186767578125
35.60186767578125
35.60186767578125
35.60186767578125
35.60186767578125
35.60186767578125
35.60186767578125
35.60186767578125
35.60186767578125
35.60186767578125
---------- Evolution 14 ----------
36.66509246826172
36.66509246826172
36.66509246826172
36.66509246826172
36.66509246826172
36.66509246826172
36.66509246826172
36.66509246826172
36.66509246826172
36.66509246826172
---------- Evolution 15 ----------
37.64665985107422
37.64665985107422
37.64665985107422
37.64665985107422
37.64665985107422
37.64665985107422
37.64665985107422
37.64665985107422
37.64665985107422
37.64665985107422
---------- Evolution 16 ----------
38.616371154785156
38.61444091796875
38.614532470703125
38.62224578857422
38.614532470703125
38.61444091796875
38.614532470703125
38.614532470703125
38.614532470703125
38.614532470703125
---------- Evolution 17 ----------
39.537635803222656
39.537635803222656
39.537635803222656
39.537635803222656
39.537635803222656
39.537635803222656
39.537635803222656
39.537635803222656
39.537635803222656
39.537635803222656
---------- Evolution 18 ----------
40.67877960205078
40.67877960205078
40.67877960205078
40.67877960205078
40.67877960205078
40.67877960205078
40.67877960205078
40.67877960205078
40.67877960205078
40.67877960205078
---------- Evolution 19 ----------
41.6544189453125
41.6544189453125
41.64662170410156
41.6544189453125
41.6544189453125
41.64662170410156
41.6544189453125
41.64662170410156
41.6544189453125
41.6544189453125
---------- Evolution 20 ----------
42.63005828857422
42.63005828857422
42.63005828857422
42.63005828857422
42.63005828857422
42.63005828857422
42.62224578857422
42.63005828857422
42.63005828857422
42.63005828857422
