---------- Evolution 1 ----------
42.6851806640625
42.686805725097656
42.68836975097656
42.68804168701172
42.699745178222656
42.684486389160156
42.68760681152344
42.68842315673828
42.695556640625
42.692893981933594
---------- Evolution 2 ----------
42.68321228027344
42.68595886230469
42.681922912597656
42.6827392578125
42.68373107910156
42.68452453613281
42.683509826660156
42.683692932128906
42.68907165527344
42.68214416503906
---------- Evolution 3 ----------
42.7410888671875
42.74341583251953
42.73816680908203
42.691680908203125
42.687477111816406
42.73607635498047
42.74225616455078
42.687538146972656
42.68523406982422
42.68580627441406
---------- Evolution 4 ----------
44.743499755859375
44.740997314453125
44.73838806152344
44.747314453125
44.737205505371094
44.73650360107422
44.73877716064453
44.73832702636719
44.74598693847656
44.74462127685547
---------- Evolution 5 ----------
44.74809265136719
44.74964904785156
44.75103759765625
44.753150939941406
44.74107360839844
44.74275207519531
44.747093200683594
44.75324249267578
44.75157928466797
44.738304138183594
---------- Evolution 6 ----------
44.7305908203125
44.728370666503906
46.734222412109375
44.73419952392578
44.726104736328125
46.733062744140625
46.727386474609375
44.738037109375
46.730796813964844
46.720619201660156
---------- Evolution 7 ----------
46.718017578125
46.72430419921875
46.73490905761719
46.72608947753906
46.730735778808594
46.72480773925781
46.72747802734375
46.73224639892578
46.72570037841797
46.72595977783203
---------- Evolution 8 ----------
46.733436584472656
46.724456787109375
46.709144592285156
46.72370147705078
46.72064208984375
46.722686767578125
46.72516632080078
46.72013854980469
46.72367858886719
46.722068786621094
---------- Evolution 9 ----------
48.72169494628906
46.76905822753906
46.77747344970703
46.77033996582031
46.77324676513672
46.771324157714844
46.77513122558594
46.76646423339844
46.768775939941406
46.77782440185547
---------- Evolution 10 ----------
48.741668701171875
48.75123596191406
48.755401611328125
48.75153350830078
48.74774169921875
48.746116638183594
48.75331115722656
48.750274658203125
48.75059509277344
48.75519561767578
---------- Evolution 11 ----------
48.75059509277344
48.742088317871094
48.74085235595703
48.744178771972656
48.742698669433594
48.74415588378906
48.74031066894531
48.74690246582031
48.73737335205078
48.7371826171875
---------- Evolution 12 ----------
50.79925537109375
50.79124450683594
50.78376007080078
50.79905700683594
50.79651641845703
50.791656494140625
50.740684509277344
50.788734436035156
50.79077911376953
50.790565490722656
---------- Evolution 13 ----------
52.78400421142578
52.788551330566406
52.78373718261719
52.784942626953125
52.791893005371094
52.78271484375
52.78887176513672
52.78602600097656
52.79119873046875
52.787384033203125
---------- Evolution 14 ----------
52.80043029785156
52.793663024902344
52.79389190673828
52.798057556152344
52.794403076171875
52.80537414550781
52.796783447265625
52.7916259765625
52.79448699951172
52.78688049316406
---------- Evolution 15 ----------
54.78571319580078
54.77587890625
54.784942626953125
54.776268005371094
54.78516387939453
54.77485656738281
54.77677917480469
54.77677917480469
54.7734375
54.781463623046875
---------- Evolution 16 ----------
56.77619934082031
56.77214050292969
56.770782470703125
56.772544860839844
56.77464294433594
56.771339416503906
56.77104949951172
56.77641296386719
56.771453857421875
56.76371765136719
---------- Evolution 17 ----------
58.769798278808594
58.76696014404297
58.760650634765625
58.76747131347656
58.76557922363281
58.772621154785156
58.814918518066406
58.811546325683594
58.7669677734375
58.765350341796875
---------- Evolution 18 ----------
58.82160949707031
58.81877136230469
58.81707763671875
58.82502746582031
58.821495056152344
58.81568145751953
58.81707763671875
58.819664001464844
58.81806945800781
58.821067810058594
---------- Evolution 19 ----------
60.830108642578125
60.826019287109375
60.83025360107422
60.83209991455078
60.82954406738281
60.82189178466797
60.834259033203125
60.83008575439453
60.822486877441406
60.828941345214844
---------- Evolution 20 ----------
62.81549072265625
62.80927276611328
62.816627502441406
62.809486389160156
62.81517791748047
62.811920166015625
62.81062316894531
62.815284729003906
62.81116485595703
62.806182861328125
