---------- Evolution 1 ----------
32.6573486328125
32.65728759765625
32.65728759765625
32.65728759765625
32.65728759765625
32.65728759765625
32.65728759765625
32.65728759765625
32.65728759765625
32.65728759765625
---------- Evolution 2 ----------
32.67877960205078
32.68659210205078
32.67877960205078
32.67877960205078
32.68659210205078
32.68659210205078
32.68659210205078
32.68659210205078
32.68659210205078
32.68659210205078
---------- Evolution 3 ----------
33.6622314453125
33.6544189453125
33.6544189453125
33.6544189453125
33.6544189453125
33.6622314453125
33.6544189453125
33.6544189453125
33.6544189453125
33.625160217285156
---------- Evolution 4 ----------
34.598899841308594
34.60668182373047
34.600799560546875
34.598876953125
34.598876953125
34.598876953125
34.598876953125
34.60668182373047
34.598876953125
34.598876953125
---------- Evolution 5 ----------
35.59008026123047
35.59019470214844
35.590087890625
35.59019470214844
35.59019470214844
35.59019470214844
35.59019470214844
35.59019470214844
35.59019470214844
35.590087890625
---------- Evolution 6 ----------
35.6953125
35.6953125
35.6953125
35.6953125
35.6953125
35.6953125
35.6953125
35.6953125
35.6953125
35.6953125
---------- Evolution 7 ----------
36.68659210205078
36.65728759765625
36.65734100341797
36.65734100341797
36.65728759765625
36.65734100341797
36.65734100341797
36.65728759765625
36.65734100341797
36.65740203857422
---------- Evolution 8 ----------
37.6622314453125
37.6622314453125
37.6622314453125
37.6622314453125
37.6622314453125
37.6622314453125
37.6622314453125
37.6622314453125
37.6622314453125
37.6622314453125
---------- Evolution 9 ----------
39.54856872558594
39.54829406738281
39.54829406738281
39.54856872558594
39.54856872558594
39.54829406738281
39.54829406738281
39.54856872558594
39.54829406738281
39.54829406738281
---------- Evolution 10 ----------
39.6953125
39.6953125
39.6953125
39.6953125
39.6953125
39.6953125
39.6953125
39.6953125
39.6953125
39.6953125
---------- Evolution 11 ----------
41.64662170410156
41.638816833496094
41.638816833496094
41.638816833496094
41.638816833496094
41.638816833496094
41.638816833496094
41.638816833496094
41.638816833496094
41.638816833496094
---------- Evolution 12 ----------
42.63787078857422
42.59906005859375
42.59906005859375
42.59906005859375
42.59906005859375
42.61467742919922
42.59906005859375
42.59906005859375
42.59906005859375
42.59906005859375
---------- Evolution 13 ----------
43.59788513183594
43.59788513183594
43.59788513183594
43.59788513183594
43.59788513183594
43.59788513183594
43.59788513183594
43.59788513183594
43.59788513183594
43.59788513183594
---------- Evolution 14 ----------
44.67877960205078
44.67877960205078
44.67877960205078
44.67877960205078
44.67877960205078
44.67877960205078
44.67877960205078
44.67877960205078
44.67877960205078
44.67877960205078
---------- Evolution 15 ----------
46.61445617675781
46.61445617675781
46.61445617675781
46.61445617675781
46.61445617675781
46.61445617675781
46.61445617675781
46.61445617675781
46.61445617675781
46.61445617675781
---------- Evolution 16 ----------
47.59788513183594
47.59788513183594
47.60581970214844
47.59788513183594
47.605812072753906
47.59788513183594
47.59788513183594
47.59788513183594
47.605812072753906
47.59788513183594
---------- Evolution 17 ----------
48.67877960205078
48.67877960205078
48.67877960205078
48.67877960205078
48.67877960205078
48.67877960205078
48.67877960205078
48.67877960205078
48.67877960205078
48.67877960205078
---------- Evolution 18 ----------
50.63005828857422
50.63005828857422
50.63005828857422
50.63005828857422
50.63005828857422
50.63005828857422
50.63005828857422
50.63005828857422
50.63005828857422
50.63005828857422
---------- Evolution 19 ----------
51.6953125
51.6953125
51.6953125
51.6953125
51.6953125
51.6953125
51.6953125
51.6953125
51.6953125
51.6953125
---------- Evolution 20 ----------
26.582237243652344
26.580078125
26.58819580078125
26.58819580078125
26.58819580078125
26.58819580078125
26.58819580078125
26.58819580078125
26.58819580078125
26.58819580078125
