---------- Evolution 0 ----------
1150
4730
3946
2988
2798
2818
3141
2751
2835
2652
2897
---------- Evolution 1 ----------
976
1066
951
913
909
935
941
933
812
994
972
---------- Evolution 2 ----------
824
969
993
1111
922
823
1048
960
890
804
943
---------- Evolution 3 ----------
830
1020
915
995
837
956
935
950
983
986
799
---------- Evolution 4 ----------
822
1051
937
1029
874
1031
963
953
965
1006
974
---------- Evolution 5 ----------
863
1107
1026
931
968
966
1002
877
959
866
1023
---------- Evolution 6 ----------
926
1111
998
1075
966
970
861
1074
854
866
984
---------- Evolution 7 ----------
872
1188
1030
1091
1151
967
835
1280
1253
1043
1006
---------- Evolution 8 ----------
902
1133
1054
1035
936
1057
1049
1030
1033
1072
1028
---------- Evolution 9 ----------
960
1214
1134
1261
1025
951
1123
1074
1017
1047
1085
---------- Evolution 10 ----------
1000
1198
1134
1130
998
1103
937
1020
1055
963
993
---------- Evolution 11 ----------
1072
1379
1036
1062
1103
1254
1066
1050
1123
1195
1202
---------- Evolution 12 ----------
1266
1422
1357
1732
1306
1508
1520
1485
1374
1511
1439
---------- Evolution 13 ----------
1635
1847
1824
1888
1740
1812
2059
1897
1844
2052
1934
---------- Evolution 14 ----------
2472
2807
2544
3053
2496
2536
2579
2625
2777
2765
2653
---------- Evolution 15 ----------
4180
4360
4411
4338
4233
4178
4292
4214
4321
4363
4777
---------- Evolution 16 ----------
8240
8359
8448
8440
8278
8458
8508
8476
8297
8285
8628
---------- Evolution 17 ----------
16146
16519
16488
16368
16219
16290
16341
16232
16394
16418
16092
---------- Evolution 18 ----------
36339
36524
36868
36660
36578
36893
36941
36825
36733
36799
36685
---------- Evolution 19 ----------
79997
80304
80478
80419
79699
83151
80011
80231
79949
80422
80590
---------- Evolution 20 ----------
172502
175592
175412
175361
174676
174376
175038
173723
173884
173447
175528
---------- Evolution 21 ----------
379121
380429
380705
379682
380089
381558
379842
379326
379609
380022
379018
