---------- Evolution 0 ----------
1956
1030
1049
1028
1084
1237
1001
1031
1033
1031
1002
---------- Evolution 1 ----------
780
779
742
742
763
763
770
782
799
755
769
---------- Evolution 2 ----------
765
786
763
778
761
755
770
928
762
940
946
---------- Evolution 3 ----------
781
796
785
771
765
757
808
775
784
774
770
---------- Evolution 4 ----------
792
793
774
787
776
781
776
782
788
774
794
---------- Evolution 5 ----------
820
789
797
803
803
797
836
811
800
802
794
---------- Evolution 6 ----------
850
826
807
975
786
818
801
785
807
816
833
---------- Evolution 7 ----------
906
812
826
824
825
801
869
818
833
810
806
---------- Evolution 8 ----------
863
840
829
829
838
860
847
832
814
901
832
---------- Evolution 9 ----------
868
868
864
864
849
859
878
874
850
865
857
---------- Evolution 10 ----------
880
904
899
919
902
889
940
909
899
905
901
---------- Evolution 11 ----------
952
1018
932
964
962
987
988
944
969
1007
957
---------- Evolution 12 ----------
1109
1104
1077
1116
1058
1091
1074
1100
1123
1273
1100
---------- Evolution 13 ----------
1443
1425
1346
1324
1355
1326
1380
1349
1390
1372
1346
---------- Evolution 14 ----------
1984
1945
1917
1922
1918
1939
2101
1950
1948
1978
1949
---------- Evolution 15 ----------
3186
3181
3159
3183
3247
3152
3152
3177
3179
3182
3243
---------- Evolution 16 ----------
5849
6042
5862
5861
5997
6033
6229
5922
6023
6001
6101
---------- Evolution 17 ----------
11082
11020
11140
11106
11113
11170
11288
11060
10937
11224
10783
---------- Evolution 18 ----------
24513
24913
24655
24632
24475
24689
24592
24803
24887
24654
24427
---------- Evolution 19 ----------
54498
55428
54468
54539
54668
54830
54758
54161
54829
54326
55103
---------- Evolution 20 ----------
114838
114942
115007
114136
114387
114403
112326
113607
115038
114579
112672
---------- Evolution 21 ----------
244893
245228
242826
244023
246510
242578
245781
244763
246693
245674
246417
