---------- Evolution 0 ----------
514
607
379
441
366
476
379
384
431
370
365
---------- Evolution 1 ----------
561
388
364
361
420
353
353
353
354
363
354
---------- Evolution 2 ----------
383
357
360
358
359
362
384
387
390
370
360
---------- Evolution 3 ----------
375
406
409
386
370
410
368
405
376
400
388
---------- Evolution 4 ----------
388
416
403
393
424
391
390
395
388
392
413
---------- Evolution 5 ----------
416
443
449
489
428
437
444
434
418
425
448
---------- Evolution 6 ----------
507
484
485
483
497
502
497
491
485
500
494
---------- Evolution 7 ----------
619
653
633
616
609
626
611
624
630
621
659
---------- Evolution 8 ----------
897
877
907
912
887
905
896
880
878
881
892
---------- Evolution 9 ----------
1481
1490
1498
1485
1522
1492
1492
1533
1493
1520
1518
---------- Evolution 10 ----------
3083
3165
3132
3149
3137
3194
3192
3136
3166
3179
3180
---------- Evolution 11 ----------
8825
9217
9053
8897
8984
8928
8870
9080
8915
9044
8953
---------- Evolution 12 ----------
22732
23014
23112
22986
23131
23060
22971
22951
23134
23249
22750
---------- Evolution 13 ----------
56880
57871
57640
57279
57143
57376
57680
57411
57092
57894
57118
---------- Evolution 14 ----------
140178
139334
139921
141009
140545
141814
141119
140816
139358
141325
140868
---------- Evolution 15 ----------
310175
310278
312911
314843
313100
311389
312719
315982
311551
311564
311337
---------- Evolution 16 ----------
692839
683484
691510
685594
695147
692031
689239
700258
685890
689687
696716
---------- Evolution 17 ----------
1482783
1486788
1485763
1500437
1483583
1500832
1495448
1486276
1485518
1488536
1501097
