---------- Evolution 0 ----------
122067
122606
123486
122342
123470
123395
122516
123616
121884
123858
122088
---------- Evolution 1 ----------
17705
17636
17735
17758
17754
17870
17788
17818
17715
17789
17662
---------- Evolution 2 ----------
17754
17878
17746
17812
17752
17846
17743
17792
17823
17902
17815
---------- Evolution 3 ----------
19124
18039
17764
17756
18178
17937
18067
17769
17893
17857
17980
---------- Evolution 4 ----------
17930
18058
18123
17937
18006
18094
18150
18043
18045
18077
18157
---------- Evolution 5 ----------
18229
18176
18307
18213
18288
18613
18303
18346
18389
18263
18150
---------- Evolution 6 ----------
18972
18762
18822
19043
18701
18645
18862
18846
18722
18732
18780
---------- Evolution 7 ----------
20170
19993
19964
20206
20239
20196
20115
20146
20139
19985
20092
---------- Evolution 8 ----------
22303
22307
22362
22360
22317
22319
22281
22416
23098
22571
22317
---------- Evolution 9 ----------
29677
29615
30568
29706
29625
29684
29757
29560
29890
29753
29752
---------- Evolution 10 ----------
110152
109250
109407
108418
111240
110144
109176
109810
116373
110424
111552
