---------- Evolution 0 ----------
1007
1703
1072
1026
1029
1044
1005
1072
1021
1021
1015
---------- Evolution 1 ----------
1051
1427
1064
1027
1021
1029
1031
1050
1064
1035
1079
---------- Evolution 2 ----------
1053
1079
1036
1049
1051
1052
1043
1029
1040
1040
1057
---------- Evolution 3 ----------
1104
1119
1072
1077
1066
1052
1083
1103
1070
1435
1069
---------- Evolution 4 ----------
1132
1218
1098
1078
1175
1109
1102
1134
1093
1079
1131
---------- Evolution 5 ----------
1133
1250
1443
1492
1407
1161
1470
1556
1138
1172
1570
---------- Evolution 6 ----------
1288
1269
1296
1245
1313
1269
1214
1258
1346
1510
1253
---------- Evolution 7 ----------
1427
1432
1464
1507
1670
1883
1667
1480
1654
1480
1618
---------- Evolution 8 ----------
1998
1787
2026
2046
1999
2057
2070
2002
2024
1996
2014
---------- Evolution 9 ----------
2450
2722
2854
2721
2749
2898
2770
2707
2732
2706
2743
---------- Evolution 10 ----------
3605
4059
4062
4036
4179
3999
4102
4002
4064
4227
4000
---------- Evolution 11 ----------
4102
4469
4249
4376
4275
4261
4237
4239
4445
4266
4420
---------- Evolution 12 ----------
4253
4776
4622
4840
4607
4629
4634
4590
4655
4617
4605
---------- Evolution 13 ----------
5350
5562
5364
5421
5407
5386
5338
5566
5374
5434
5792
---------- Evolution 14 ----------
4479
4410
4460
4454
4459
4395
4421
4450
4420
4425
4424
---------- Evolution 15 ----------
7586
7673
7648
7563
7680
7564
7772
7607
7779
7672
7608
---------- Evolution 16 ----------
14696
14686
14603
14632
14596
14632
14614
14759
14705
14703
14758
---------- Evolution 17 ----------
29002
28994
29867
29302
29047
29267
29507
29661
29820
29267
29349
---------- Evolution 18 ----------
71688
88691
67515
70811
88396
104608
91898
77731
71183
88695
81065
---------- Evolution 19 ----------
470625
420991
411995
398534
421492
410012
456845
463489
441089
472992
407215
