---------- Evolution 0 ----------
1379
401
4676
3396
836
3055
736
2087
4392
821
1067
3036
---------- Evolution 1 ----------
464
397
492
501
371
563
387
638
569
456
407
605
---------- Evolution 2 ----------
411
368
500
496
372
409
357
417
432
355
389
415
---------- Evolution 3 ----------
605
372
404
400
434
548
350
481
462
377
373
707
---------- Evolution 4 ----------
352
378
394
417
364
423
368
372
548
370
461
383
---------- Evolution 5 ----------
371
411
463
446
446
557
362
461
474
405
384
427
---------- Evolution 6 ----------
372
391
388
433
429
450
385
449
376
423
407
391
---------- Evolution 7 ----------
385
408
399
399
490
508
402
420
424
399
453
428
---------- Evolution 8 ----------
432
411
463
458
488
515
462
519
463
425
558
537
---------- Evolution 9 ----------
473
544
534
484
755
582
481
474
471
548
544
687
---------- Evolution 10 ----------
564
613
648
994
596
653
609
700
596
593
655
761
---------- Evolution 11 ----------
795
776
870
874
811
1011
804
809
826
801
804
815
---------- Evolution 12 ----------
1311
1275
1313
1345
1351
1385
1248
1250
1340
1261
1261
1367
---------- Evolution 13 ----------
2250
2268
2254
2321
2246
2337
2275
2255
2281
2256
2251
2324
---------- Evolution 14 ----------
4404
4576
4815
4477
4395
4479
4400
4527
4453
4488
4428
4387
---------- Evolution 15 ----------
8872
9112
8985
8819
8822
8983
8743
8935
9014
8729
8796
9057
---------- Evolution 16 ----------
17587
17888
18271
17949
17907
18065
17962
18172
18565
17985
17892
18492
---------- Evolution 17 ----------
38296
38012
38431
38900
39603
37356
39087
38718
39360
38656
39741
---------- Evolution 18 ----------
93716
89688
92672
94443
89460
92577
91344
92192
94925
95291
89946
---------- Evolution 19 ----------
311699
288339
317005
336589
316966
312457
296175
269039
324583
272723
286797
---------- Evolution 20 ----------
900091
980422
881237
945305
909760
865795
905624
895264
922313
855805
906850
