---------- Evolution 0 ----------
500
5026
6737
3550
3793
9768
5205
7594
3370
24353
10555
---------- Evolution 1 ----------
433
816
1090
649
616
994
646
870
703
1546
1218
---------- Evolution 2 ----------
438
580
747
646
628
867
806
690
520
1748
1359
---------- Evolution 3 ----------
445
669
643
1036
641
847
474
651
781
1491
788
---------- Evolution 4 ----------
443
812
597
591
578
843
642
522
606
1478
740
---------- Evolution 5 ----------
475
808
640
957
690
1258
720
588
509
2616
1060
---------- Evolution 6 ----------
486
637
606
508
632
743
554
642
565
3770
985
---------- Evolution 7 ----------
522
897
559
984
642
937
577
646
700
1851
1014
---------- Evolution 8 ----------
516
833
538
961
747
1160
659
2079
566
1845
1194
---------- Evolution 9 ----------
576
806
696
774
678
1333
730
1201
613
1390
1000
---------- Evolution 10 ----------
690
919
787
1060
776
1380
718
865
770
1725
1076
---------- Evolution 11 ----------
1091
1197
1150
1414
1075
2073
1022
1059
1269
2533
1884
---------- Evolution 12 ----------
1415
1704
1691
1664
1983
2467
1629
1702
1762
2425
2028
---------- Evolution 13 ----------
2383
2881
2658
2533
2813
3022
2617
2865
2637
3296
3122
---------- Evolution 14 ----------
4564
4962
4759
4799
4974
5271
5028
4910
4913
5674
6489
---------- Evolution 15 ----------
9250
9357
9356
9147
9526
10317
9373
9401
9420
9886
9357
---------- Evolution 16 ----------
18961
19800
19636
19888
19633
20300
19597
19652
19465
20256
19850
---------- Evolution 17 ----------
41382
42524
42297
41448
42627
42732
42385
41544
42872
42820
45041
---------- Evolution 18 ----------
90120
90075
91275
90751
91233
91158
90314
90351
90382
91376
92767
---------- Evolution 19 ----------
257774
252452
247307
245517
245716
246324
237194
254893
241597
238183
257566
---------- Evolution 20 ----------
941070
935738
921869
923548
917240
913510
903501
918984
954614
923196
931201
