---------- Evolution 0 ----------
684
408
414
384
387
386
384
433
391
382
386
---------- Evolution 1 ----------
547
350
363
363
405
349
374
402
359
355
359
---------- Evolution 2 ----------
397
362
357
357
348
352
351
350
351
347
367
---------- Evolution 3 ----------
398
352
350
365
358
352
381
373
521
351
355
---------- Evolution 4 ----------
371
355
362
510
394
374
527
364
383
353
355
---------- Evolution 5 ----------
446
520
363
369
363
377
397
393
363
359
356
---------- Evolution 6 ----------
370
382
383
396
378
378
394
378
389
368
370
---------- Evolution 7 ----------
444
380
407
382
382
390
377
385
385
439
383
---------- Evolution 8 ----------
434
409
423
403
424
425
401
404
413
419
401
---------- Evolution 9 ----------
438
451
462
458
450
432
490
431
432
440
439
---------- Evolution 10 ----------
527
518
537
546
522
531
529
508
516
522
506
---------- Evolution 11 ----------
674
647
663
652
677
651
672
650
655
649
663
---------- Evolution 12 ----------
1246
1002
971
976
1017
978
1005
1013
993
1003
1009
---------- Evolution 13 ----------
1697
1666
1675
1667
1668
1709
1716
1750
1668
1954
1709
---------- Evolution 14 ----------
3491
3208
3149
3184
3196
3180
3179
3135
3181
3168
3176
---------- Evolution 15 ----------
6489
6396
6379
6393
6412
6380
6344
6347
6489
6371
6319
---------- Evolution 16 ----------
12900
12921
12964
12931
12916
13013
12975
12886
12893
12942
13003
---------- Evolution 17 ----------
26454
26267
26506
26252
26249
26220
26386
26343
26186
26251
26479
---------- Evolution 18 ----------
54844
54459
54343
54839
54882
54755
56595
54587
54837
54558
54832
---------- Evolution 19 ----------
114930
114878
115087
114615
114387
115605
113904
115684
114505
114543
115048
---------- Evolution 20 ----------
242532
242654
246935
242881
243855
243835
242616
240984
243952
248698
242893
