---------- Evolution 0 ----------
1140
389
386
393
387
394
387
390
382
384
388
---------- Evolution 1 ----------
405
394
395
409
401
394
401
419
390
392
403
---------- Evolution 2 ----------
445
729
598
633
633
584
401
395
590
402
400
---------- Evolution 3 ----------
566
646
403
447
402
401
660
406
430
409
417
---------- Evolution 4 ----------
418
423
481
409
422
442
432
419
409
414
420
---------- Evolution 5 ----------
444
458
440
423
446
433
410
686
455
442
446
---------- Evolution 6 ----------
459
440
431
440
430
443
483
444
439
444
428
---------- Evolution 7 ----------
447
619
461
435
474
448
459
451
444
457
436
---------- Evolution 8 ----------
535
464
473
460
510
480
495
461
491
476
471
---------- Evolution 9 ----------
550
553
548
518
503
554
500
525
554
502
718
---------- Evolution 10 ----------
909
926
914
911
912
944
883
1220
898
895
950
---------- Evolution 11 ----------
1375
1344
1334
1334
1357
1335
1331
1340
1387
1335
1349
---------- Evolution 12 ----------
2295
2347
2346
2331
2369
2309
2597
2294
2315
2319
2283
---------- Evolution 13 ----------
4305
4430
4415
4647
4464
4552
4298
4438
4613
4577
4639
---------- Evolution 14 ----------
8368
8739
8745
8615
8683
8665
8888
8849
8605
8795
8653
---------- Evolution 15 ----------
17320
17491
17502
17441
17491
17217
17355
17648
17434
17334
17627
---------- Evolution 16 ----------
34541
34832
35490
34997
34655
35024
34887
35308
35170
35112
34629
---------- Evolution 17 ----------
71773
70686
70751
70402
70927
70723
70916
70546
70648
70442
70804
---------- Evolution 18 ----------
145972
145260
144965
145072
147860
144847
147090
146893
145038
145641
145150
---------- Evolution 19 ----------
303683
299426
296722
299162
305680
299308
307457
304466
297358
299647
300892
