---------- Evolution 0 ----------
729
5716
3440
1192
1064
1164
1310
2052
2443
1073
1195
---------- Evolution 1 ----------
366
578
650
356
531
355
406
484
517
399
399
---------- Evolution 2 ----------
391
583
460
385
447
404
583
526
497
411
381
---------- Evolution 3 ----------
393
618
487
427
460
406
485
440
435
479
462
---------- Evolution 4 ----------
400
573
440
452
438
384
402
469
531
370
426
---------- Evolution 5 ----------
391
432
490
404
579
418
380
428
405
398
488
---------- Evolution 6 ----------
409
516
512
493
480
430
458
549
486
472
401
---------- Evolution 7 ----------
458
572
501
477
450
463
472
578
568
507
466
---------- Evolution 8 ----------
547
573
705
545
522
543
512
632
589
543
541
---------- Evolution 9 ----------
621
728
730
889
672
702
766
725
765
654
691
---------- Evolution 10 ----------
937
1154
1126
965
955
931
940
1137
1117
1017
939
---------- Evolution 11 ----------
1521
1832
1755
1640
1533
1524
1587
1672
1697
1535
1568
---------- Evolution 12 ----------
2896
3136
2977
2915
2942
2861
2874
3030
2972
2999
2886
---------- Evolution 13 ----------
5822
5797
5867
5669
5813
5808
5789
5816
5923
5823
5708
---------- Evolution 14 ----------
11634
11669
11773
11530
11835
11720
11656
11774
11776
11809
11915
---------- Evolution 15 ----------
24114
24264
24289
24142
24576
24403
24256
24223
24450
24312
24234
---------- Evolution 16 ----------
50135
50524
50119
50419
51565
50435
49938
50501
51007
50374
50217
---------- Evolution 17 ----------
111755
107620
110206
110173
107559
110485
107315
108733
107084
106861
106936
---------- Evolution 18 ----------
243697
254748
239852
237261
244756
250411
244802
242753
247235
240511
240193
---------- Evolution 19 ----------
536440
546755
557050
548095
544498
545682
561028
560088
571960
546409
553549
