---------- Evolution 0 ----------
453
745
372
378
367
395
444
389
527
405
392
---------- Evolution 1 ----------
389
384
387
418
349
366
382
377
373
359
374
---------- Evolution 2 ----------
407
388
397
383
386
373
379
374
393
373
385
---------- Evolution 3 ----------
443
367
371
362
380
367
379
369
372
364
368
---------- Evolution 4 ----------
442
431
402
376
377
403
380
405
391
392
386
---------- Evolution 5 ----------
412
405
402
481
444
418
454
412
407
415
416
---------- Evolution 6 ----------
474
465
462
448
461
455
466
462
447
465
482
---------- Evolution 7 ----------
612
548
572
577
566
546
591
555
544
552
543
---------- Evolution 8 ----------
910
756
746
763
777
744
757
787
742
777
798
---------- Evolution 9 ----------
1220
1214
1211
1178
1188
1181
1295
1205
1190
1249
1201
---------- Evolution 10 ----------
2418
2261
2228
2218
2251
2266
2252
2267
2252
2227
2237
---------- Evolution 11 ----------
4358
4442
4609
4582
4425
4445
4364
4429
4542
4397
4427
---------- Evolution 12 ----------
9453
9914
9751
9836
9791
9706
9732
9779
9696
9736
9779
---------- Evolution 13 ----------
19839
20934
20923
20675
21031
20494
20302
21382
21252
20522
21024
---------- Evolution 14 ----------
45836
48161
47446
47569
48816
47898
48102
48202
48238
47952
47945
---------- Evolution 15 ----------
108091
112661
112041
114535
109644
114006
111500
114417
113431
113250
113062
---------- Evolution 16 ----------
238327
239562
240800
245902
244766
246653
245794
246528
239687
245254
245488
---------- Evolution 17 ----------
532788
527306
527258
526854
532037
536961
532278
527353
533193
528887
529793
