---------- Evolution 1 ----------
391
385
376
429
394
440
450
450
467
444
---------- Evolution 2 ----------
464
383
406
429
442
439
449
443
457
443
---------- Evolution 3 ----------
420
413
407
461
468
465
485
471
460
498
---------- Evolution 4 ----------
435
406
415
472
472
483
481
452
503
467
---------- Evolution 5 ----------
426
430
413
481
480
496
461
473
470
491
---------- Evolution 6 ----------
577
581
436
483
792
483
477
469
510
468
---------- Evolution 7 ----------
464
447
445
493
445
571
483
515
544
523
---------- Evolution 8 ----------
485
466
493
553
567
498
523
606
539
509
---------- Evolution 9 ----------
476
481
500
526
512
519
530
533
533
521
---------- Evolution 10 ----------
474
463
519
549
808
829
559
858
782
821
---------- Evolution 11 ----------
549
468
529
546
531
499
573
475
498
501
---------- Evolution 12 ----------
571
461
568
563
543
570
559
550
554
546
---------- Evolution 13 ----------
532
634
598
579
576
610
598
722
582
623
---------- Evolution 14 ----------
687
520
582
611
602
593
681
594
576
590
---------- Evolution 15 ----------
540
962
600
577
595
612
573
607
829
594
---------- Evolution 16 ----------
539
551
747
586
603
618
592
619
651
600
---------- Evolution 17 ----------
529
535
651
648
657
767
639
781
619
628
---------- Evolution 18 ----------
534
576
666
660
651
643
643
623
665
656
---------- Evolution 19 ----------
623
573
682
716
673
681
688
705
655
690
---------- Evolution 20 ----------
609
604
962
940
693
692
702
652
695
754
