---------- Evolution 1 ----------
349
358
372
430
435
379
435
409
417
410
---------- Evolution 2 ----------
352
375
375
413
426
407
443
443
437
453
---------- Evolution 3 ----------
354
382
369
448
608
421
440
417
463
437
---------- Evolution 4 ----------
360
357
390
414
377
411
431
405
421
442
---------- Evolution 5 ----------
360
373
378
461
404
437
438
440
418
534
---------- Evolution 6 ----------
377
584
431
409
441
445
443
437
458
406
---------- Evolution 7 ----------
378
402
463
429
411
450
453
461
457
440
---------- Evolution 8 ----------
390
412
484
435
456
455
413
467
459
430
---------- Evolution 9 ----------
379
405
463
452
439
431
441
438
449
434
---------- Evolution 10 ----------
369
381
496
460
448
448
480
457
453
479
---------- Evolution 11 ----------
403
392
446
473
465
459
480
481
449
462
---------- Evolution 12 ----------
382
407
441
463
497
467
440
436
461
464
---------- Evolution 13 ----------
384
404
433
493
493
460
458
445
475
448
---------- Evolution 14 ----------
405
425
493
485
487
457
476
437
652
486
---------- Evolution 15 ----------
385
430
645
474
479
446
449
488
437
514
---------- Evolution 16 ----------
404
408
444
563
491
496
476
493
466
648
---------- Evolution 17 ----------
407
392
480
483
491
736
496
509
531
439
---------- Evolution 18 ----------
424
420
497
467
479
456
491
484
489
478
---------- Evolution 19 ----------
392
419
495
465
493
482
509
482
497
502
---------- Evolution 20 ----------
424
425
507
488
691
517
490
534
494
507
