---------- Evolution 1 ----------
1066
1077
1229
1236
1217
1311
1231
1198
1192
1229
---------- Evolution 2 ----------
1055
1043
1237
1194
1227
1471
1201
1194
1195
1193
---------- Evolution 3 ----------
1049
1055
1214
1234
1222
1112
1204
1261
1204
1214
---------- Evolution 4 ----------
1298
1096
1210
1199
1221
1224
1219
1210
1197
1219
---------- Evolution 5 ----------
1152
1239
1245
1239
1238
1503
1216
1253
1207
1212
---------- Evolution 6 ----------
1153
1240
1259
1209
1232
1174
1389
1196
1495
1230
---------- Evolution 7 ----------
1394
1285
1615
1247
1234
1252
1220
1262
1180
1482
---------- Evolution 8 ----------
1094
1239
1225
1229
1284
1426
1268
1245
1266
1213
---------- Evolution 9 ----------
1108
1559
1286
1239
1332
1235
1250
1268
1483
1248
---------- Evolution 10 ----------
1120
1266
1353
1263
1293
1271
1251
1287
1234
1508
---------- Evolution 11 ----------
1121
1275
1263
1283
1284
1472
1295
1274
1316
1245
---------- Evolution 12 ----------
1152
1330
1319
1297
1295
1287
1302
1292
1578
1311
---------- Evolution 13 ----------
1233
1319
1481
1320
1334
1313
1344
1316
1246
1420
---------- Evolution 14 ----------
1166
1353
1309
1320
1311
1351
1348
1501
1300
1317
---------- Evolution 15 ----------
1193
1343
1334
1352
1361
1326
1306
1309
1319
1342
---------- Evolution 16 ----------
1499
1389
1348
1592
1348
1408
1332
1379
1352
1356
---------- Evolution 17 ----------
1202
1359
1435
1343
1354
1378
1616
1357
1397
1366
---------- Evolution 18 ----------
1248
1364
1408
1379
1498
1412
1690
1612
1372
1430
---------- Evolution 19 ----------
1256
1500
1389
1387
1777
1358
1283
1409
1384
1397
---------- Evolution 20 ----------
1232
1351
1431
1472
1334
1423
1474
1388
1409
1455
