---------- Evolution 1 ----------
398
405
406
463
468
512
473
448
453
476
---------- Evolution 2 ----------
406
402
414
477
859
514
456
475
499
473
---------- Evolution 3 ----------
413
418
420
478
460
519
486
478
523
490
---------- Evolution 4 ----------
425
420
447
485
479
472
491
513
516
474
---------- Evolution 5 ----------
453
444
498
480
536
489
482
496
538
612
---------- Evolution 6 ----------
426
443
500
524
506
485
502
511
509
480
---------- Evolution 7 ----------
434
466
507
492
535
532
495
484
510
497
---------- Evolution 8 ----------
459
502
526
530
493
547
532
501
544
520
---------- Evolution 9 ----------
474
461
528
521
530
513
559
542
521
700
---------- Evolution 10 ----------
468
473
558
570
504
548
552
547
524
534
---------- Evolution 11 ----------
474
481
559
853
787
850
564
795
806
821
---------- Evolution 12 ----------
455
486
560
526
522
474
554
525
592
486
---------- Evolution 13 ----------
487
493
561
534
554
538
546
600
559
541
---------- Evolution 14 ----------
796
557
573
570
602
599
591
589
629
562
---------- Evolution 15 ----------
501
795
658
567
546
622
603
591
561
550
---------- Evolution 16 ----------
523
518
563
580
594
615
595
887
589
618
---------- Evolution 17 ----------
526
490
647
601
612
861
615
563
618
578
---------- Evolution 18 ----------
539
509
591
676
678
618
619
596
624
597
---------- Evolution 19 ----------
826
520
609
614
608
611
664
619
622
614
---------- Evolution 20 ----------
498
811
632
606
597
693
608
731
612
644
