---------- Evolution 1 ----------
362
356
340
407
404
427
379
407
385
393
---------- Evolution 2 ----------
397
396
354
432
402
440
409
408
408
409
---------- Evolution 3 ----------
382
349
356
438
443
415
412
432
422
421
---------- Evolution 4 ----------
356
366
407
424
406
409
451
413
416
425
---------- Evolution 5 ----------
389
381
382
433
434
447
614
432
420
423
---------- Evolution 6 ----------
412
403
395
468
449
484
421
434
429
441
---------- Evolution 7 ----------
385
438
442
451
412
439
446
429
447
435
---------- Evolution 8 ----------
404
407
473
467
423
448
436
424
439
426
---------- Evolution 9 ----------
393
399
474
443
489
449
487
443
453
446
---------- Evolution 10 ----------
384
578
456
630
492
449
479
479
440
469
---------- Evolution 11 ----------
439
435
509
449
465
502
464
484
563
463
---------- Evolution 12 ----------
418
439
507
537
559
480
504
472
462
483
---------- Evolution 13 ----------
432
490
522
516
473
506
498
514
484
617
---------- Evolution 14 ----------
438
450
560
518
510
525
502
514
491
479
---------- Evolution 15 ----------
456
442
500
530
523
487
529
598
546
490
---------- Evolution 16 ----------
465
433
530
540
521
516
532
520
512
516
---------- Evolution 17 ----------
472
543
546
597
523
526
535
541
535
532
---------- Evolution 18 ----------
460
446
550
532
544
558
553
561
568
645
---------- Evolution 19 ----------
454
449
607
540
562
591
545
566
543
532
---------- Evolution 20 ----------
489
477
554
624
576
619
554
563
560
558
