---------- Evolution 1 ----------
750
748
853
849
856
866
816
872
857
926
---------- Evolution 2 ----------
764
788
926
878
909
892
875
888
913
875
---------- Evolution 3 ----------
781
781
883
878
871
902
1086
872
887
895
---------- Evolution 4 ----------
752
794
1100
901
898
882
821
937
866
911
---------- Evolution 5 ----------
766
792
882
905
920
906
890
919
893
889
---------- Evolution 6 ----------
799
790
906
933
914
921
906
927
927
922
---------- Evolution 7 ----------
814
934
923
900
933
946
908
899
948
956
---------- Evolution 8 ----------
847
892
919
911
921
903
933
917
1037
943
---------- Evolution 9 ----------
793
981
934
916
988
923
955
932
892
962
---------- Evolution 10 ----------
802
965
898
933
917
914
955
939
923
922
---------- Evolution 11 ----------
904
950
958
934
948
956
974
943
935
916
---------- Evolution 12 ----------
830
932
976
953
938
946
956
1011
1013
966
---------- Evolution 13 ----------
844
979
985
934
946
933
942
946
942
971
---------- Evolution 14 ----------
831
948
1014
967
973
970
956
982
951
1056
---------- Evolution 15 ----------
848
994
970
958
989
970
996
1001
1007
958
---------- Evolution 16 ----------
847
1051
1047
983
965
1013
995
991
965
1014
---------- Evolution 17 ----------
863
982
998
1033
1009
998
991
1030
1019
1022
---------- Evolution 18 ----------
860
1003
1046
1033
1029
1051
995
1023
1007
1052
---------- Evolution 19 ----------
919
1035
999
1049
1049
1025
1009
1015
1050
1038
---------- Evolution 20 ----------
985
1052
1022
1044
1005
1034
1018
1042
1030
1045
