---------- Evolution 1 ----------
550
402
398
448
443
440
448
436
436
430
---------- Evolution 2 ----------
356
367
368
407
447
451
435
401
429
419
---------- Evolution 3 ----------
370
364
388
431
423
441
407
416
411
440
---------- Evolution 4 ----------
370
394
424
434
438
414
412
431
464
571
---------- Evolution 5 ----------
385
382
475
453
434
428
435
427
442
413
---------- Evolution 6 ----------
388
386
478
445
432
445
410
455
437
417
---------- Evolution 7 ----------
384
389
449
436
458
477
421
428
432
432
---------- Evolution 8 ----------
376
375
433
446
479
453
412
434
433
465
---------- Evolution 9 ----------
370
401
466
450
455
470
452
427
446
424
---------- Evolution 10 ----------
374
381
484
458
450
446
476
445
427
442
---------- Evolution 11 ----------
385
481
459
474
455
434
447
457
420
494
---------- Evolution 12 ----------
380
379
471
488
469
505
471
461
458
470
---------- Evolution 13 ----------
703
382
464
461
468
483
641
472
629
486
---------- Evolution 14 ----------
448
384
481
487
442
471
416
461
428
486
---------- Evolution 15 ----------
415
408
531
472
459
457
486
494
459
483
---------- Evolution 16 ----------
448
435
474
485
483
454
473
481
493
455
---------- Evolution 17 ----------
455
413
484
477
494
485
512
488
457
479
---------- Evolution 18 ----------
408
432
457
510
524
498
493
498
476
486
---------- Evolution 19 ----------
427
423
519
504
535
491
513
503
511
494
---------- Evolution 20 ----------
424
421
500
515
493
478
537
522
494
526
