---------- Evolution 1 ----------
402
416
422
400
458
434
471
467
459
451
---------- Evolution 2 ----------
408
421
405
586
463
463
477
472
454
490
---------- Evolution 3 ----------
452
412
458
435
452
460
569
454
461
475
---------- Evolution 4 ----------
410
668
522
478
480
493
496
478
498
469
---------- Evolution 5 ----------
432
421
741
508
465
473
493
481
477
466
---------- Evolution 6 ----------
432
423
431
512
473
472
471
480
712
491
---------- Evolution 7 ----------
438
440
482
509
503
493
477
489
462
525
---------- Evolution 8 ----------
442
455
495
526
568
532
498
528
508
502
---------- Evolution 9 ----------
477
454
515
778
788
788
850
835
551
531
---------- Evolution 10 ----------
469
465
790
492
495
474
474
501
547
544
---------- Evolution 11 ----------
479
465
507
536
568
545
537
545
587
571
---------- Evolution 12 ----------
480
503
602
575
564
574
595
652
593
565
---------- Evolution 13 ----------
501
515
564
598
583
625
586
567
624
642
---------- Evolution 14 ----------
555
527
612
770
886
614
911
807
586
769
---------- Evolution 15 ----------
517
536
588
589
552
610
546
581
625
586
---------- Evolution 16 ----------
556
527
622
621
643
634
620
603
586
610
---------- Evolution 17 ----------
559
571
634
639
622
654
635
639
633
641
---------- Evolution 18 ----------
533
535
640
652
646
656
625
674
666
675
---------- Evolution 19 ----------
944
540
669
650
660
642
630
662
666
623
---------- Evolution 20 ----------
581
939
963
684
724
678
672
708
658
686
