---------- Evolution 1 ----------
128326
128448
128775
130732
130523
128593
129229
129083
129126
129479
---------- Evolution 2 ----------
129926
129348
130572
128900
128080
129332
130290
129554
130499
129196
---------- Evolution 3 ----------
127687
130313
128862
129184
129989
130094
129032
129224
128948
128955
---------- Evolution 4 ----------
129566
132007
128958
129329
129462
129457
128765
128751
129501
129404
---------- Evolution 5 ----------
130872
129092
131219
127903
130412
128604
130880
131058
130625
130667
---------- Evolution 6 ----------
130278
128258
129695
129650
128845
129271
130645
128827
129531
130831
---------- Evolution 7 ----------
128699
129473
130646
129361
129231
129712
128395
129709
131242
131342
---------- Evolution 8 ----------
128419
130115
128999
129331
130867
130596
128900
129598
129155
128782
---------- Evolution 9 ----------
129754
129008
128231
130092
129783
129556
129664
129678
129361
129852
---------- Evolution 10 ----------
130214
130293
129632
129270
129125
129385
129052
129288
129662
128731
---------- Evolution 11 ----------
128737
130143
129616
130060
129276
129857
129274
128760
129973
129575
---------- Evolution 12 ----------
128905
129927
128041
130589
130803
127872
129286
128246
129454
130195
---------- Evolution 13 ----------
129439
129953
130304
128519
129210
129664
128501
130425
129505
129448
---------- Evolution 14 ----------
128213
128679
128493
128452
129804
129175
130145
128331
129136
129244
---------- Evolution 15 ----------
130042
128050
128698
128359
130219
128656
130695
128452
128495
128540
---------- Evolution 16 ----------
128187
129284
128298
129909
128167
130060
129391
128983
130470
130634
---------- Evolution 17 ----------
130183
128007
129278
128392
128830
128395
128519
130326
128676
130360
---------- Evolution 18 ----------
129175
129699
129711
129505
131412
130388
128883
128428
128429
131523
---------- Evolution 19 ----------
128371
127704
127966
128607
130757
128920
129148
129194
128824
128965
---------- Evolution 20 ----------
130936
128521
128705
130419
129195
128338
129802
129340
129579
129232
