---------- Evolution 1 ----------
360
343
355
400
411
424
412
412
438
400
---------- Evolution 2 ----------
374
347
363
424
448
410
426
445
450
416
---------- Evolution 3 ----------
359
358
382
422
445
454
411
609
439
397
---------- Evolution 4 ----------
409
389
443
432
430
436
457
423
430
415
---------- Evolution 5 ----------
383
372
392
440
452
445
469
430
456
429
---------- Evolution 6 ----------
387
395
434
437
456
447
472
451
455
438
---------- Evolution 7 ----------
386
423
479
432
473
429
456
450
461
454
---------- Evolution 8 ----------
394
401
481
576
449
442
473
448
489
458
---------- Evolution 9 ----------
403
454
478
435
483
466
460
468
458
461
---------- Evolution 10 ----------
405
433
489
473
485
518
492
462
465
483
---------- Evolution 11 ----------
431
423
506
504
469
484
479
476
470
478
---------- Evolution 12 ----------
417
439
516
599
493
489
513
499
503
507
---------- Evolution 13 ----------
446
444
541
513
516
529
502
500
505
508
---------- Evolution 14 ----------
448
438
541
507
522
546
528
510
511
544
---------- Evolution 15 ----------
581
475
534
552
532
529
521
539
534
527
---------- Evolution 16 ----------
468
453
577
569
568
579
586
535
524
559
---------- Evolution 17 ----------
491
465
553
554
577
540
607
555
548
544
---------- Evolution 18 ----------
466
476
582
570
554
574
554
568
577
586
---------- Evolution 19 ----------
479
482
571
555
578
591
583
596
578
589
---------- Evolution 20 ----------
549
495
623
617
600
635
612
567
592
586
