---------- Evolution 1 ----------
435
433
425
525
510
524
497
518
505
499
---------- Evolution 2 ----------
436
481
421
517
501
568
540
522
506
511
---------- Evolution 3 ----------
476
441
435
533
512
550
796
515
496
537
---------- Evolution 4 ----------
493
449
513
538
802
520
468
525
530
501
---------- Evolution 5 ----------
478
443
508
515
563
534
497
524
527
510
---------- Evolution 6 ----------
518
463
529
515
499
597
547
514
511
515
---------- Evolution 7 ----------
485
486
528
554
508
540
557
517
508
522
---------- Evolution 8 ----------
478
472
596
539
569
559
828
550
512
812
---------- Evolution 9 ----------
525
471
564
525
521
538
518
547
556
491
---------- Evolution 10 ----------
478
541
595
584
545
539
548
550
560
551
---------- Evolution 11 ----------
545
495
579
578
579
566
566
583
580
563
---------- Evolution 12 ----------
496
511
606
596
615
579
602
573
574
565
---------- Evolution 13 ----------
540
518
590
576
603
609
596
952
573
571
---------- Evolution 14 ----------
882
526
587
597
576
615
620
523
570
606
---------- Evolution 15 ----------
605
532
585
694
621
608
623
603
597
591
---------- Evolution 16 ----------
530
555
611
603
614
620
607
596
627
619
---------- Evolution 17 ----------
535
513
620
612
662
636
621
620
612
624
---------- Evolution 18 ----------
561
509
644
643
651
623
629
649
611
639
---------- Evolution 19 ----------
631
555
633
923
619
664
660
634
639
639
---------- Evolution 20 ----------
563
875
650
623
629
671
643
649
634
642
