---------- Evolution 1 ----------
16676
16724
16713
16740
16790
16661
16824
16799
16657
16852
---------- Evolution 2 ----------
16590
16967
16791
16776
17007
16774
16678
16994
16714
16648
---------- Evolution 3 ----------
16666
16894
16725
16622
16719
16690
16726
16755
16706
16690
---------- Evolution 4 ----------
16547
16872
16871
16688
16852
16829
16864
17029
16806
16598
---------- Evolution 5 ----------
16674
16838
16698
16683
16944
16758
16664
16808
16828
17620
---------- Evolution 6 ----------
16676
16739
16768
16667
16834
16799
16919
16918
16769
16842
---------- Evolution 7 ----------
16653
16779
16874
16709
16688
16987
16890
16908
16829
16884
---------- Evolution 8 ----------
16694
16845
16809
16688
16760
16908
16729
16664
16851
16611
---------- Evolution 9 ----------
16709
16786
16826
16997
16695
16887
17334
16646
16978
17066
---------- Evolution 10 ----------
16667
16693
16700
17028
16994
16891
16743
16867
16841
16817
---------- Evolution 11 ----------
16581
16810
17562
16642
16887
16693
16742
16902
16769
16786
---------- Evolution 12 ----------
16710
16616
16633
16831
17184
16893
16882
16744
16960
16782
---------- Evolution 13 ----------
16704
16800
16986
16827
17044
16795
17043
16886
16848
16840
---------- Evolution 14 ----------
16855
16752
16777
16953
17163
16767
16657
16866
17055
16852
---------- Evolution 15 ----------
16805
16841
16821
16710
16656
16824
16664
16641
16736
17128
---------- Evolution 16 ----------
16940
16762
16749
17008
17506
16784
16746
16727
16824
16937
---------- Evolution 17 ----------
16815
16944
16904
16686
16723
16997
16776
16721
16875
16635
---------- Evolution 18 ----------
16726
16749
16829
17003
16944
16878
17470
16736
16648
16740
---------- Evolution 19 ----------
16766
16939
16828
16786
16796
16887
16864
16894
16961
16704
---------- Evolution 20 ----------
16832
17010
16777
16964
16953
16723
16806
16847
16749
16713
